#
# A fatal error has been detected by the Java Runtime Environment:
#
#  SIGSEGV (0xb) at pc=0x001a164e, pid=2908, tid=3079116480
#
# JRE version: 6.0_23-b23
# Java VM: OpenJDK Server VM (20.0-b11 mixed mode linux-x86 )
# Derivative: IcedTea6 1.11pre
# Distribution: Ubuntu 11.10, package 6b23~pre11-0ubuntu1.11.10
# Problematic frame:
# 
[error occurred during error reporting (printing problematic frame), id 0xb]

# If you would like to submit a bug report, please include
# instructions how to reproduce the bug and visit:
#   https://bugs.launchpad.net/ubuntu/+source/openjdk-6/
#

---------------  T H R E A D  ---------------

Current thread is native thread

siginfo:si_signo=SIGSEGV: si_errno=0, si_code=1 (SEGV_MAPERR), si_addr=0x00001a28

Registers:
EAX=0x00001a28, EBX=0x001a2afc, ECX=0x00316ff4, EDX=0x001a2a40
ESP=0xbfaa2480, EBP=0xbfaa2488, ESI=0x09064648, EDI=0x0000000b
EIP=0x001a164e, EFLAGS=0x00010246, CR2=0x00001a28

Top of Stack: (sp=0xbfaa2480)
0xbfaa2480:   00787ff4 001a2afc bfaa2498 001a1953
0xbfaa2490:   001a1945 00316ff4 bfaa2608 00306dad
0xbfaa24a0:   003174e4 00000000 00000000 36383669
0xbfaa24b0:   00317918 00317c08 b787b000 08c2a580
0xbfaa24c0:   08c2abc8 08c2aea0 08c2e2a0 8ba422f8
0xbfaa24d0:   8ba425a0 b787b8a8 08eb2880 09064648
0xbfaa24e0:   090648e8 08f564c0 09063ea0 09063c28
0xbfaa24f0:   08e348b8 08e34630 8b862810 8b864988 

Instructions: (pc=0x001a164e)
0x001a162e:   83 20 00 00 00 89 04 24 e8 95 ff ff ff eb 0b 83
0x001a163e:   c0 04 89 83 24 00 00 00 ff d2 8b 83 24 00 00 00
0x001a164e:   8b 10 85 d2 75 e9 c6 83 28 00 00 00 01 83 c4 04
0x001a165e:   5b 5d c3 55 89 e5 53 83 ec 04 e8 97 ff ff ff 81 

Register to memory mapping:

EAX=0x00001a28 is an unknown value
EBX=
[error occurred during error reporting (printing register info), id 0xb]

Stack: [0xbfa54000,0xbfaa4000],  sp=0xbfaa2480,  free space=313k
Native frames: (J=compiled Java code, j=interpreted, Vv=VM code, C=native code)

[error occurred during error reporting (printing native stack), id 0xb]


---------------  P R O C E S S  ---------------

VM state:at safepoint (shutting down)

VM Mutex/Monitor currently owned by a thread:  ([mutex/lock_event])
[0x08c28ff8] Threads_lock - owner thread: 0x08cd3000

Heap
 PSYoungGen      total 9408K, used 6071K [0xa9cc0000, 0xab3c0000, 0xb4760000)
  eden space 8064K, 62% used [0xa9cc0000,0xaa1aa9b8,0xaa4a0000)
  from space 1344K, 77% used [0xaa4a0000,0xaa5a35e0,0xaa5f0000)
  to   space 3712K, 0% used [0xab020000,0xab020000,0xab3c0000)
 PSOldGen        total 21504K, used 3249K [0x94760000, 0x95c60000, 0xa9cc0000)
  object space 21504K, 15% used [0x94760000,0x94a8c5d8,0x95c60000)
 PSPermGen       total 16384K, used 13747K [0x8c760000, 0x8d760000, 0x94760000)
  object space 16384K, 83% used [0x8c760000,0x8d4ccd30,0x8d760000)

Code Cache  [0xb4828000, 0xb4a68000, 0xb7828000)
 total_blobs=551 nmethods=161 adapters=344 free_code_cache=49453952 largest_free_block=11840

Dynamic libraries:
00110000-00138000 r-xp 00000000 08:06 261579     /lib/i386-linux-gnu/libm-2.13.so
00138000-00139000 r--p 00028000 08:06 261579     /lib/i386-linux-gnu/libm-2.13.so
00139000-0013a000 rw-p 00029000 08:06 261579     /lib/i386-linux-gnu/libm-2.13.so
0013a000-00145000 r-xp 00000000 08:06 391691     /usr/lib/jvm/java-6-openjdk/jre/lib/i386/libverify.so
00145000-00146000 ---p 0000b000 08:06 391691     /usr/lib/jvm/java-6-openjdk/jre/lib/i386/libverify.so
00146000-00147000 r--p 0000b000 08:06 391691     /usr/lib/jvm/java-6-openjdk/jre/lib/i386/libverify.so
00147000-00148000 rw-p 0000c000 08:06 391691     /usr/lib/jvm/java-6-openjdk/jre/lib/i386/libverify.so
00148000-00152000 r-xp 00000000 08:06 261594     /lib/i386-linux-gnu/libnss_nis-2.13.so
00152000-00153000 r--p 00009000 08:06 261594     /lib/i386-linux-gnu/libnss_nis-2.13.so
00153000-00154000 rw-p 0000a000 08:06 261594     /lib/i386-linux-gnu/libnss_nis-2.13.so
00154000-00165000 r-xp 00000000 08:06 395298     /usr/lib/i386-linux-gnu/libXext.so.6.4.0
00165000-00166000 r--p 00010000 08:06 395298     /usr/lib/i386-linux-gnu/libXext.so.6.4.0
00166000-00167000 rw-p 00011000 08:06 395298     /usr/lib/i386-linux-gnu/libXext.so.6.4.0
00167000-00175000 r-xp 00000000 08:06 395304     /usr/lib/i386-linux-gnu/libXi.so.6.1.0
00175000-00176000 r--p 0000d000 08:06 395304     /usr/lib/i386-linux-gnu/libXi.so.6.1.0
00176000-00177000 rw-p 0000e000 08:06 395304     /usr/lib/i386-linux-gnu/libXi.so.6.1.0
00177000-00194000 r-xp 00000000 08:06 395584     /usr/lib/i386-linux-gnu/libxcb.so.1.1.0
00194000-00195000 r--p 0001c000 08:06 395584     /usr/lib/i386-linux-gnu/libxcb.so.1.1.0
00195000-00196000 rw-p 0001d000 08:06 395584     /usr/lib/i386-linux-gnu/libxcb.so.1.1.0
00196000-00198000 r-xp 00000000 08:06 395288     /usr/lib/i386-linux-gnu/libXau.so.6.0.0
00198000-00199000 r--p 00001000 08:06 395288     /usr/lib/i386-linux-gnu/libXau.so.6.0.0
00199000-0019a000 rw-p 00002000 08:06 395288     /usr/lib/i386-linux-gnu/libXau.so.6.0.0
0019a000-0019f000 r-xp 00000000 08:06 395296     /usr/lib/i386-linux-gnu/libXdmcp.so.6.0.0
0019f000-001a0000 r--p 00004000 08:06 395296     /usr/lib/i386-linux-gnu/libXdmcp.so.6.0.0
001a0000-001a1000 rw-p 00005000 08:06 395296     /usr/lib/i386-linux-gnu/libXdmcp.so.6.0.0
001a1000-001a2000 r-xp 00000000 08:06 208399     /tmp/libgdx/3111846100/libgluegen-rt-linux32.so
001a2000-001a3000 rw-p 00000000 08:06 208399     /tmp/libgdx/3111846100/libgluegen-rt-linux32.so
001a3000-001a5000 r-xp 00000000 08:06 394491     /usr/lib/nvidia-current/tls/libnvidia-tls.so.280.13
001a5000-001a6000 rw-p 00001000 08:06 394491     /usr/lib/nvidia-current/tls/libnvidia-tls.so.280.13
001a6000-001ad000 r-xp 00000000 08:06 395308     /usr/lib/i386-linux-gnu/libXrandr.so.2.2.0
001ad000-001ae000 r--p 00006000 08:06 395308     /usr/lib/i386-linux-gnu/libXrandr.so.2.2.0
001ae000-001af000 rw-p 00007000 08:06 395308     /usr/lib/i386-linux-gnu/libXrandr.so.2.2.0
001af000-001b7000 r-xp 00000000 08:06 261630     /lib/i386-linux-gnu/libwrap.so.0.7.6
001b7000-001b8000 r--p 00007000 08:06 261630     /lib/i386-linux-gnu/libwrap.so.0.7.6
001b8000-001b9000 rw-p 00008000 08:06 261630     /lib/i386-linux-gnu/libwrap.so.0.7.6
001b9000-001be000 r-xp 00000000 08:06 395322     /usr/lib/i386-linux-gnu/libasyncns.so.0.3.1
001be000-001bf000 r--p 00004000 08:06 395322     /usr/lib/i386-linux-gnu/libasyncns.so.0.3.1
001bf000-001c0000 rw-p 00005000 08:06 395322     /usr/lib/i386-linux-gnu/libasyncns.so.0.3.1
001c8000-001cc000 r-xp 00000000 08:06 395300     /usr/lib/i386-linux-gnu/libXfixes.so.3.1.0
001cc000-001cd000 r--p 00003000 08:06 395300     /usr/lib/i386-linux-gnu/libXfixes.so.3.1.0
001cd000-001ce000 rw-p 00004000 08:06 395300     /usr/lib/i386-linux-gnu/libXfixes.so.3.1.0
001ce000-001f7000 r-xp 00000000 08:06 395570     /usr/lib/i386-linux-gnu/libvorbis.so.0.4.5
001f7000-001f8000 r--p 00028000 08:06 395570     /usr/lib/i386-linux-gnu/libvorbis.so.0.4.5
001f8000-001f9000 rw-p 00029000 08:06 395570     /usr/lib/i386-linux-gnu/libvorbis.so.0.4.5
00202000-00217000 r-xp 00000000 08:06 261584     /lib/i386-linux-gnu/libnsl-2.13.so
00217000-00218000 r--p 00015000 08:06 261584     /lib/i386-linux-gnu/libnsl-2.13.so
00218000-00219000 rw-p 00016000 08:06 261584     /lib/i386-linux-gnu/libnsl-2.13.so
00219000-0021b000 rw-p 00000000 00:00 0 
0026d000-00276000 r-xp 00000000 08:06 395310     /usr/lib/i386-linux-gnu/libXrender.so.1.3.0
00276000-00277000 r--p 00008000 08:06 395310     /usr/lib/i386-linux-gnu/libXrender.so.1.3.0
00277000-00278000 rw-p 00009000 08:06 395310     /usr/lib/i386-linux-gnu/libXrender.so.1.3.0
00278000-002bf000 r-xp 00000000 08:06 261559     /lib/i386-linux-gnu/libdbus-1.so.3.5.7
002bf000-002c0000 r--p 00046000 08:06 261559     /lib/i386-linux-gnu/libdbus-1.so.3.5.7
002c0000-002c1000 rw-p 00047000 08:06 261559     /lib/i386-linux-gnu/libdbus-1.so.3.5.7
002c3000-002cb000 r-xp 00000000 08:06 261586     /lib/i386-linux-gnu/libnss_compat-2.13.so
002cb000-002cc000 r--p 00007000 08:06 261586     /lib/i386-linux-gnu/libnss_compat-2.13.so
002cc000-002cd000 rw-p 00008000 08:06 261586     /lib/i386-linux-gnu/libnss_compat-2.13.so
002cd000-002e0000 r-xp 00000000 08:06 261611     /lib/i386-linux-gnu/libresolv-2.13.so
002e0000-002e1000 r--p 00012000 08:06 261611     /lib/i386-linux-gnu/libresolv-2.13.so
002e1000-002e2000 rw-p 00013000 08:06 261611     /lib/i386-linux-gnu/libresolv-2.13.so
002e2000-002e4000 rw-p 00000000 00:00 0 
002f8000-00316000 r-xp 00000000 08:06 261536     /lib/i386-linux-gnu/ld-2.13.so
00316000-00317000 r--p 0001d000 08:06 261536     /lib/i386-linux-gnu/ld-2.13.so
00317000-00318000 rw-p 0001e000 08:06 261536     /lib/i386-linux-gnu/ld-2.13.so
00318000-00376000 r-xp 00000000 08:06 208403     /tmp/libgdx/3111846100/liblwjgl.so
00376000-00377000 ---p 0005e000 08:06 208403     /tmp/libgdx/3111846100/liblwjgl.so
00377000-00378000 r--p 0005e000 08:06 208403     /tmp/libgdx/3111846100/liblwjgl.so
00378000-00379000 rw-p 0005f000 08:06 208403     /tmp/libgdx/3111846100/liblwjgl.so
0038d000-00392000 r-xp 00000000 08:06 392848     /usr/lib/libXtst.so.6.1.0
00392000-00393000 r--p 00004000 08:06 392848     /usr/lib/libXtst.so.6.1.0
00393000-00394000 rw-p 00005000 08:06 392848     /usr/lib/libXtst.so.6.1.0
00397000-0039b000 r-xp 00000000 08:06 391676     /usr/lib/jvm/java-6-openjdk/jre/lib/i386/jli/libjli.so
0039b000-0039c000 r--p 00003000 08:06 391676     /usr/lib/jvm/java-6-openjdk/jre/lib/i386/jli/libjli.so
0039c000-0039d000 rw-p 00004000 08:06 391676     /usr/lib/jvm/java-6-openjdk/jre/lib/i386/jli/libjli.so
0039d000-00430000 r-xp 00000000 08:06 391671     /usr/lib/jvm/java-6-openjdk/jre/lib/i386/libawt.so
00430000-00431000 r--p 00092000 08:06 391671     /usr/lib/jvm/java-6-openjdk/jre/lib/i386/libawt.so
00431000-00438000 rw-p 00093000 08:06 391671     /usr/lib/jvm/java-6-openjdk/jre/lib/i386/libawt.so
00438000-0045c000 rw-p 00000000 00:00 0 
00470000-00474000 r-xp 00000000 08:06 395316     /usr/lib/i386-linux-gnu/libXxf86vm.so.1.0.0
00474000-00475000 r--p 00003000 08:06 395316     /usr/lib/i386-linux-gnu/libXxf86vm.so.1.0.0
00475000-00476000 rw-p 00004000 08:06 395316     /usr/lib/i386-linux-gnu/libXxf86vm.so.1.0.0
004ae000-004fa000 r-xp 00000000 08:06 391718     /usr/lib/jvm/java-6-openjdk/jre/lib/i386/xawt/libmawt.so
004fa000-004fb000 r--p 0004b000 08:06 391718     /usr/lib/jvm/java-6-openjdk/jre/lib/i386/xawt/libmawt.so
004fb000-004fd000 rw-p 0004c000 08:06 391718     /usr/lib/jvm/java-6-openjdk/jre/lib/i386/xawt/libmawt.so
004fd000-004fe000 rw-p 00000000 00:00 0 
004fe000-00590000 r-xp 00000000 08:06 398229     /usr/lib/i386-linux-gnu/libfreetype.so.6.6.2
00590000-00594000 r--p 00091000 08:06 398229     /usr/lib/i386-linux-gnu/libfreetype.so.6.6.2
00594000-00595000 rw-p 00095000 08:06 398229     /usr/lib/i386-linux-gnu/libfreetype.so.6.6.2
005a2000-005b9000 r-xp 00000000 08:06 261609     /lib/i386-linux-gnu/libpthread-2.13.so
005b9000-005ba000 r--p 00016000 08:06 261609     /lib/i386-linux-gnu/libpthread-2.13.so
005ba000-005bb000 rw-p 00017000 08:06 261609     /lib/i386-linux-gnu/libpthread-2.13.so
005bb000-005bd000 rw-p 00000000 00:00 0 
005bd000-006ee000 r-xp 00000000 08:06 395286     /usr/lib/i386-linux-gnu/libX11.so.6.3.0
006ee000-006ef000 ---p 00131000 08:06 395286     /usr/lib/i386-linux-gnu/libX11.so.6.3.0
006ef000-006f0000 r--p 00131000 08:06 395286     /usr/lib/i386-linux-gnu/libX11.so.6.3.0
006f0000-006f2000 rw-p 00132000 08:06 395286     /usr/lib/i386-linux-gnu/libX11.so.6.3.0
006f2000-006f3000 rw-p 00000000 00:00 0 
006f3000-00786000 r-xp 00000000 08:06 208398     /tmp/libgdx/3111846100/libgdx.so
00786000-00787000 ---p 00093000 08:06 208398     /tmp/libgdx/3111846100/libgdx.so
00787000-00788000 r--p 00093000 08:06 208398     /tmp/libgdx/3111846100/libgdx.so
00788000-00789000 rw-p 00094000 08:06 208398     /tmp/libgdx/3111846100/libgdx.so
00789000-0078c000 rw-p 00000000 00:00 0 
0078c000-007d8000 r-xp 00000000 08:06 395239     /usr/lib/i386-linux-gnu/libFLAC.so.8.2.0
007d8000-007d9000 r--p 0004b000 08:06 395239     /usr/lib/i386-linux-gnu/libFLAC.so.8.2.0
007d9000-007da000 rw-p 0004c000 08:06 395239     /usr/lib/i386-linux-gnu/libFLAC.so.8.2.0
007e3000-007e9000 r-xp 00000000 08:06 395445     /usr/lib/i386-linux-gnu/libjson.so.0.0.1
007e9000-007ea000 r--p 00005000 08:06 395445     /usr/lib/i386-linux-gnu/libjson.so.0.0.1
007ea000-007eb000 rw-p 00006000 08:06 395445     /usr/lib/i386-linux-gnu/libjson.so.0.0.1
007f7000-00800000 r-xp 00000000 08:06 395292     /usr/lib/i386-linux-gnu/libXcursor.so.1.0.2
00800000-00801000 r--p 00008000 08:06 395292     /usr/lib/i386-linux-gnu/libXcursor.so.1.0.2
00801000-00802000 rw-p 00009000 08:06 395292     /usr/lib/i386-linux-gnu/libXcursor.so.1.0.2
00860000-0087c000 r-xp 00000000 08:06 261570     /lib/i386-linux-gnu/libgcc_s.so.1
0087c000-0087d000 r--p 0001b000 08:06 261570     /lib/i386-linux-gnu/libgcc_s.so.1
0087d000-0087e000 rw-p 0001c000 08:06 261570     /lib/i386-linux-gnu/libgcc_s.so.1
00880000-00881000 r-xp 00000000 08:06 208400     /tmp/libgdx/3111846100/libjogl_awt-linux32.so
00881000-00882000 rw-p 00000000 08:06 208400     /tmp/libgdx/3111846100/libjogl_awt-linux32.so
00882000-008e5000 r-xp 00000000 08:06 428873     /usr/lib/i386-linux-gnu/libpulsecommon-1.0.so
008e5000-008e6000 r--p 00062000 08:06 428873     /usr/lib/i386-linux-gnu/libpulsecommon-1.0.so
008e6000-008e7000 rw-p 00063000 08:06 428873     /usr/lib/i386-linux-gnu/libpulsecommon-1.0.so
0091d000-0091e000 r-xp 00000000 00:00 0          [vdso]
00936000-00937000 r-xp 00000000 08:06 391675     /usr/lib/jvm/java-6-openjdk/jre/lib/i386/libjawt.so
00937000-00938000 r--p 00000000 08:06 391675     /usr/lib/jvm/java-6-openjdk/jre/lib/i386/libjawt.so
00938000-00939000 rw-p 00001000 08:06 391675     /usr/lib/jvm/java-6-openjdk/jre/lib/i386/libjawt.so
00981000-009bb000 r-xp 00000000 08:06 391701     /usr/lib/jvm/java-6-openjdk/jre/lib/i386/libfontmanager.so
009bb000-009bc000 r--p 00039000 08:06 391701     /usr/lib/jvm/java-6-openjdk/jre/lib/i386/libfontmanager.so
009bc000-009bd000 rw-p 0003a000 08:06 391701     /usr/lib/jvm/java-6-openjdk/jre/lib/i386/libfontmanager.so
009fd000-00adb000 r-xp 00000000 08:06 395551     /usr/lib/i386-linux-gnu/libstdc++.so.6.0.16
00adb000-00adc000 ---p 000de000 08:06 395551     /usr/lib/i386-linux-gnu/libstdc++.so.6.0.16
00adc000-00ae0000 r--p 000de000 08:06 395551     /usr/lib/i386-linux-gnu/libstdc++.so.6.0.16
00ae0000-00ae1000 rw-p 000e2000 08:06 395551     /usr/lib/i386-linux-gnu/libstdc++.so.6.0.16
00ae1000-00ae8000 rw-p 00000000 00:00 0 
00aff000-00b12000 r-xp 00000000 08:06 261632     /lib/i386-linux-gnu/libz.so.1.2.3.4
00b12000-00b13000 r--p 00012000 08:06 261632     /lib/i386-linux-gnu/libz.so.1.2.3.4
00b13000-00b14000 rw-p 00013000 08:06 261632     /lib/i386-linux-gnu/libz.so.1.2.3.4
00b1c000-00b23000 r-xp 00000000 08:06 391673     /usr/lib/jvm/java-6-openjdk/jre/lib/i386/libzip.so
00b23000-00b24000 r--p 00006000 08:06 391673     /usr/lib/jvm/java-6-openjdk/jre/lib/i386/libzip.so
00b24000-00b25000 rw-p 00007000 08:06 391673     /usr/lib/jvm/java-6-openjdk/jre/lib/i386/libzip.so
00b46000-00b51000 r-xp 00000000 08:06 261590     /lib/i386-linux-gnu/libnss_files-2.13.so
00b51000-00b52000 r--p 0000a000 08:06 261590     /lib/i386-linux-gnu/libnss_files-2.13.so
00b52000-00b53000 rw-p 0000b000 08:06 261590     /lib/i386-linux-gnu/libnss_files-2.13.so
00b53000-00bbe000 r-xp 00000000 08:06 395540     /usr/lib/i386-linux-gnu/libsndfile.so.1.0.24
00bbe000-00bbf000 r--p 0006b000 08:06 395540     /usr/lib/i386-linux-gnu/libsndfile.so.1.0.24
00bbf000-00bc0000 rw-p 0006c000 08:06 395540     /usr/lib/i386-linux-gnu/libsndfile.so.1.0.24
00bc0000-00bc4000 rw-p 00000000 00:00 0 
00bd8000-00bdf000 r-xp 00000000 08:06 261613     /lib/i386-linux-gnu/librt-2.13.so
00bdf000-00be0000 r--p 00006000 08:06 261613     /lib/i386-linux-gnu/librt-2.13.so
00be0000-00be1000 rw-p 00007000 08:06 261613     /lib/i386-linux-gnu/librt-2.13.so
00c0d000-00c13000 r-xp 00000000 08:06 395488     /usr/lib/i386-linux-gnu/libogg.so.0.7.1
00c13000-00c14000 r--p 00005000 08:06 395488     /usr/lib/i386-linux-gnu/libogg.so.0.7.1
00c14000-00c15000 rw-p 00006000 08:06 395488     /usr/lib/i386-linux-gnu/libogg.so.0.7.1
00c72000-00c75000 r-xp 00000000 08:06 261560     /lib/i386-linux-gnu/libdl-2.13.so
00c75000-00c76000 r--p 00002000 08:06 261560     /lib/i386-linux-gnu/libdl-2.13.so
00c76000-00c77000 rw-p 00003000 08:06 261560     /lib/i386-linux-gnu/libdl-2.13.so
00c8c000-00cd8000 r-xp 00000000 08:06 425591     /usr/lib/i386-linux-gnu/libpulse.so.0.13.4
00cd8000-00cd9000 r--p 0004b000 08:06 425591     /usr/lib/i386-linux-gnu/libpulse.so.0.13.4
00cd9000-00cda000 rw-p 0004c000 08:06 425591     /usr/lib/i386-linux-gnu/libpulse.so.0.13.4
00cdc000-00d02000 r-xp 00000000 08:06 391663     /usr/lib/jvm/java-6-openjdk/jre/lib/i386/libjava.so
00d02000-00d03000 r--p 00025000 08:06 391663     /usr/lib/jvm/java-6-openjdk/jre/lib/i386/libjava.so
00d03000-00d05000 rw-p 00026000 08:06 391663     /usr/lib/jvm/java-6-openjdk/jre/lib/i386/libjava.so
00d12000-00e88000 r-xp 00000000 08:06 261549     /lib/i386-linux-gnu/libc-2.13.so
00e88000-00e8a000 r--p 00176000 08:06 261549     /lib/i386-linux-gnu/libc-2.13.so
00e8a000-00e8b000 rw-p 00178000 08:06 261549     /lib/i386-linux-gnu/libc-2.13.so
00e8b000-00e8e000 rw-p 00000000 00:00 0 
00e8e000-016ac000 r-xp 00000000 08:06 391683     /usr/lib/jvm/java-6-openjdk/jre/lib/i386/server/libjvm.so
016ac000-016f1000 r--p 0081e000 08:06 391683     /usr/lib/jvm/java-6-openjdk/jre/lib/i386/server/libjvm.so
016f1000-01700000 rw-p 00863000 08:06 391683     /usr/lib/jvm/java-6-openjdk/jre/lib/i386/server/libjvm.so
01700000-01b1a000 rw-p 00000000 00:00 0 
01b1a000-01bf5000 r-xp 00000000 08:06 208401     /tmp/libgdx/3111846100/libjogl-linux32.so
01bf5000-01bf6000 rw-p 000da000 08:06 208401     /tmp/libgdx/3111846100/libjogl-linux32.so
04b51000-063f1000 r-xp 00000000 08:06 397437     /usr/lib/nvidia-current/libnvidia-glcore.so.280.13
063f1000-0644f000 rwxp 018a0000 08:06 397437     /usr/lib/nvidia-current/libnvidia-glcore.so.280.13
0644f000-06462000 rwxp 00000000 00:00 0 
06d8a000-06ef0000 r-xp 00000000 08:06 395572     /usr/lib/i386-linux-gnu/libvorbisenc.so.2.0.8
06ef0000-06f01000 r--p 00165000 08:06 395572     /usr/lib/i386-linux-gnu/libvorbisenc.so.2.0.8
06f01000-06f02000 rw-p 00176000 08:06 395572     /usr/lib/i386-linux-gnu/libvorbisenc.so.2.0.8
08048000-08051000 r-xp 00000000 08:06 390933     /usr/lib/jvm/java-6-openjdk/jre/bin/java
08051000-08052000 r--p 00008000 08:06 390933     /usr/lib/jvm/java-6-openjdk/jre/bin/java
08052000-08053000 rw-p 00009000 08:06 390933     /usr/lib/jvm/java-6-openjdk/jre/bin/java
08974000-08a18000 r-xp 00000000 08:06 394492     /usr/lib/nvidia-current/libGL.so.280.13
08a18000-08a37000 rwxp 000a3000 08:06 394492     /usr/lib/nvidia-current/libGL.so.280.13
08a37000-08a46000 rwxp 00000000 00:00 0 
08c24000-093d4000 rw-p 00000000 00:00 0          [heap]
83a00000-83abc000 rw-p 00000000 00:00 0 
83abc000-83b00000 ---p 00000000 00:00 0 
84700000-84800000 rw-s 3731d000 00:05 9302       /dev/nvidia0
84800000-848e3000 rw-p 00000000 00:00 0 
848e3000-84900000 ---p 00000000 00:00 0 
84900000-849f5000 rw-p 00000000 00:00 0 
849f5000-84a00000 ---p 00000000 00:00 0 
84a00000-84add000 rw-p 00000000 00:00 0 
84add000-84b00000 ---p 00000000 00:00 0 
84d1e000-84e1e000 rw-s 32fcf000 00:05 9302       /dev/nvidia0
84e1e000-84f1e000 rw-s 339a3000 00:05 9302       /dev/nvidia0
84f1e000-85114000 rw-p 00000000 00:00 0 
85500000-855fa000 rw-p 00000000 00:00 0 
855fa000-85600000 ---p 00000000 00:00 0 
8561e000-85814000 rw-p 00000000 00:00 0 
85c00000-85ce1000 rw-p 00000000 00:00 0 
85ce1000-85d00000 ---p 00000000 00:00 0 
85d89000-85f00000 rw-s 00000000 00:04 851979     /SYSV00000000 (deleted)
85f00000-85fd0000 rw-p 00000000 00:00 0 
85fd0000-86000000 ---p 00000000 00:00 0 
86000000-86200000 rw-s 337a6000 00:05 9302       /dev/nvidia0
86200000-86300000 rw-s 37095000 00:05 9302       /dev/nvidia0
86300000-863f0000 rw-p 00000000 00:00 0 
863f0000-86400000 ---p 00000000 00:00 0 
86500000-865be000 rw-p 00000000 00:00 0 
865be000-86600000 ---p 00000000 00:00 0 
86672000-8668d000 rw-s 300e0000 00:05 9302       /dev/nvidia0
8668d000-8670a000 rw-p 00000000 00:00 0 
8670a000-8670d000 ---p 00000000 00:00 0 
8670d000-8675b000 rw-p 00000000 00:00 0 
8675b000-8675c000 ---p 00000000 00:00 0 
8675c000-86f5c000 rw-p 00000000 00:00 0 
8af5d000-8af5e000 ---p 00000000 00:00 0 
8af5e000-8b75e000 rw-p 00000000 00:00 0 
8b75e000-8b761000 ---p 00000000 00:00 0 
8b761000-8b7af000 rw-p 00000000 00:00 0 
8b7af000-8b7b2000 ---p 00000000 00:00 0 
8b7b2000-8b800000 rw-p 00000000 00:00 0 
8b800000-8b900000 rw-p 00000000 00:00 0 
8b911000-8b915000 rw-s 3704a000 00:05 9302       /dev/nvidia0
8b919000-8b920000 r--s 00000000 08:06 395876     /usr/lib/i386-linux-gnu/gconv/gconv-modules.cache
8b920000-8b923000 ---p 00000000 00:00 0 
8b923000-8b971000 rw-p 00000000 00:00 0 
8b971000-8b978000 r--s 000fb000 08:06 391659     /usr/lib/jvm/java-6-openjdk/jre/lib/resources.jar
8b978000-8b979000 r--s 00000000 08:02 12728076   /home/gerardabello/.fontconfig/6b5525953428b443e78619d83c2cb9f6-le32d4.cache-3
8b979000-8b97a000 r--s 00000000 08:02 12728075   /home/gerardabello/.fontconfig/e02f10c48e0b1d50887b793890992243-le32d4.cache-3
8b97a000-8b97b000 r--s 00000000 08:02 12728074   /home/gerardabello/.fontconfig/c86b9645a814d831761891f99ebfee5e-le32d4.cache-3
8b97b000-8b97c000 r--s 00000000 08:02 12728073   /home/gerardabello/.fontconfig/46ecdab28bd615fb3533d7c18f5f1210-le32d4.cache-3
8b97c000-8b97d000 r--s 00000000 08:02 12728072   /home/gerardabello/.fontconfig/936305f622effb71d3eb6fb83f618788-le32d4.cache-3
8b97d000-8b97e000 r--s 00000000 08:02 12728046   /home/gerardabello/.fontconfig/4b3f9ae1348fd8081c8c275080ae928c-le32d4.cache-3
8b97e000-8b97f000 r--s 00000000 08:06 283641     /var/cache/fontconfig/c05880de57d1f5e948fdfacc138775d9-le32d4.cache-3
8b97f000-8b985000 r--s 00000000 08:06 283638     /var/cache/fontconfig/945677eb7aeaf62f1d50efc3fb3ec7d8-le32d4.cache-3
8b985000-8b987000 r--s 00000000 08:06 283639     /var/cache/fontconfig/99e8ed0e538f840c565b6ed5dad60d56-le32d4.cache-3
8b987000-8b98a000 r--s 00000000 08:06 283649     /var/cache/fontconfig/e383d7ea5fbe662a33d9b44caf393297-le32d4.cache-3
8b98a000-8b98d000 r--s 00000000 08:06 283626     /var/cache/fontconfig/2cd17615ca594fa2959ae173292e504c-le32d4.cache-3
8b98d000-8b98e000 r--s 00000000 08:06 283650     /var/cache/fontconfig/e7071f4a29fa870f4323321c154eba04-le32d4.cache-3
8b98e000-8b992000 r--s 00000000 08:06 283635     /var/cache/fontconfig/6eb3985aa4124903f6ff08ba781cd364-le32d4.cache-3
8b992000-8b993000 r--s 00000000 08:06 283630     /var/cache/fontconfig/4c73fe0c47614734b17d736dbde7580a-le32d4.cache-3
8b993000-8b994000 r--s 00000000 08:06 283623     /var/cache/fontconfig/0d8c3b2ac0904cb8a57a757ad11a4a08-le32d4.cache-3
8b994000-8b995000 r--s 00000000 08:06 283633     /var/cache/fontconfig/6a53c69dea097a2d716e069445527da8-le32d4.cache-3
8b995000-8b999000 r--s 00000000 08:06 283640     /var/cache/fontconfig/a755afe4a08bf5b97852ceb7400b47bc-le32d4.cache-3
8b999000-8b99d000 r--s 00000000 08:06 296050     /var/cache/fontconfig/515ca1ebc4b18308bea979be5704f9db-le32d4.cache-3
8b99d000-8b9a4000 r--s 00000000 08:06 266460     /var/cache/fontconfig/6d41288fd70b0be22e8c3a91e032eec0-le32d4.cache-3
8b9a4000-8b9af000 r--s 00000000 08:06 283624     /var/cache/fontconfig/0f34bcd4b6ee430af32735b75db7f02b-le32d4.cache-3
8b9af000-8b9b2000 r--s 00000000 08:06 283646     /var/cache/fontconfig/d60319d88cac85ba9e1a07bd06cfbb8c-le32d4.cache-3
8b9b2000-8b9b3000 r--s 00000000 08:06 275818     /var/cache/fontconfig/4794a0821666d79190d59a36cb4f44b5-le32d4.cache-3
8b9b3000-8b9d5000 r--s 00000000 08:06 281467     /var/cache/fontconfig/365b55f210c0a22e9a19e35191240f32-le32d4.cache-3
8b9d5000-8b9e2000 r--s 00000000 08:06 283645     /var/cache/fontconfig/d52a8644073d54c13679302ca1180695-le32d4.cache-3
8b9e2000-8b9e8000 r--s 00000000 08:06 296049     /var/cache/fontconfig/153bb866d4d26e7cd19eee2129f8d8d2-le32d4.cache-3
8b9e8000-8b9ea000 r--s 00000000 08:06 266457     /var/cache/fontconfig/e13b20fdb08344e0e664864cc2ede53d-le32d4.cache-3
8b9ea000-8b9ed000 r--s 00000000 08:06 296048     /var/cache/fontconfig/7ef2298fde41cc6eeb7af42e48b7d293-le32d4.cache-3
8b9ed000-8b9ee000 r--s 00000000 08:02 12714186   /home/gerardabello/.fontconfig/3ff222172cf6269fd9a27600796983f5-le32d4.cache-3
8b9ee000-8b9ef000 r--s 00000000 08:02 12728076   /home/gerardabello/.fontconfig/6b5525953428b443e78619d83c2cb9f6-le32d4.cache-3
8b9ef000-8b9f0000 r--s 00000000 08:02 12728075   /home/gerardabello/.fontconfig/e02f10c48e0b1d50887b793890992243-le32d4.cache-3
8b9f0000-8b9f1000 r--s 00000000 08:02 12728074   /home/gerardabello/.fontconfig/c86b9645a814d831761891f99ebfee5e-le32d4.cache-3
8b9f1000-8b9f2000 r--s 00000000 08:02 12728073   /home/gerardabello/.fontconfig/46ecdab28bd615fb3533d7c18f5f1210-le32d4.cache-3
8b9f2000-8b9f3000 r--s 00000000 08:02 12728072   /home/gerardabello/.fontconfig/936305f622effb71d3eb6fb83f618788-le32d4.cache-3
8b9f3000-8b9f4000 r--s 00000000 08:02 12728046   /home/gerardabello/.fontconfig/4b3f9ae1348fd8081c8c275080ae928c-le32d4.cache-3
8b9f4000-8b9f5000 r--s 00000000 08:06 283641     /var/cache/fontconfig/c05880de57d1f5e948fdfacc138775d9-le32d4.cache-3
8b9f5000-8b9fb000 r--s 00000000 08:06 283638     /var/cache/fontconfig/945677eb7aeaf62f1d50efc3fb3ec7d8-le32d4.cache-3
8b9fb000-8b9fd000 r--s 00000000 08:06 283639     /var/cache/fontconfig/99e8ed0e538f840c565b6ed5dad60d56-le32d4.cache-3
8b9fd000-8ba00000 r--s 00000000 08:06 283649     /var/cache/fontconfig/e383d7ea5fbe662a33d9b44caf393297-le32d4.cache-3
8ba00000-8bb00000 rw-p 00000000 00:00 0 
8bb00000-8bb01000 rw-s fd060000 00:05 9302       /dev/nvidia0
8bb01000-8bb02000 r--p 00000000 00:00 0 
8bb02000-8bb05000 r--s 00000000 08:06 283626     /var/cache/fontconfig/2cd17615ca594fa2959ae173292e504c-le32d4.cache-3
8bb05000-8bb06000 r--s 00000000 08:06 283650     /var/cache/fontconfig/e7071f4a29fa870f4323321c154eba04-le32d4.cache-3
8bb06000-8bb0a000 r--s 00000000 08:06 283635     /var/cache/fontconfig/6eb3985aa4124903f6ff08ba781cd364-le32d4.cache-3
8bb0a000-8bb0b000 r--s 00000000 08:06 283630     /var/cache/fontconfig/4c73fe0c47614734b17d736dbde7580a-le32d4.cache-3
8bb0b000-8bb0c000 r--s 00000000 08:06 283623     /var/cache/fontconfig/0d8c3b2ac0904cb8a57a757ad11a4a08-le32d4.cache-3
8bb0c000-8bb0d000 r--s 00000000 08:06 283633     /var/cache/fontconfig/6a53c69dea097a2d716e069445527da8-le32d4.cache-3
8bb0d000-8bb11000 r--s 00000000 08:06 283640     /var/cache/fontconfig/a755afe4a08bf5b97852ceb7400b47bc-le32d4.cache-3
8bb11000-8bb15000 r--s 00000000 08:06 296050     /var/cache/fontconfig/515ca1ebc4b18308bea979be5704f9db-le32d4.cache-3
8bb15000-8bb1c000 r--s 00000000 08:06 266460     /var/cache/fontconfig/6d41288fd70b0be22e8c3a91e032eec0-le32d4.cache-3
8bb1c000-8bb27000 r--s 00000000 08:06 283624     /var/cache/fontconfig/0f34bcd4b6ee430af32735b75db7f02b-le32d4.cache-3
8bb27000-8bb2a000 r--s 00000000 08:06 283646     /var/cache/fontconfig/d60319d88cac85ba9e1a07bd06cfbb8c-le32d4.cache-3
8bb2a000-8bb2b000 r--s 00000000 08:06 275818     /var/cache/fontconfig/4794a0821666d79190d59a36cb4f44b5-le32d4.cache-3
8bb2b000-8bb4d000 r--s 00000000 08:06 281467     /var/cache/fontconfig/365b55f210c0a22e9a19e35191240f32-le32d4.cache-3
8bb4d000-8bb5a000 r--s 00000000 08:06 283645     /var/cache/fontconfig/d52a8644073d54c13679302ca1180695-le32d4.cache-3
8bb5a000-8bb60000 r--s 00000000 08:06 296049     /var/cache/fontconfig/153bb866d4d26e7cd19eee2129f8d8d2-le32d4.cache-3
8bb60000-8bb63000 r--s 00000000 08:06 296048     /var/cache/fontconfig/7ef2298fde41cc6eeb7af42e48b7d293-le32d4.cache-3
8bb63000-8bb66000 ---p 00000000 00:00 0 
8bb66000-8bbb4000 rw-p 00000000 00:00 0 
8bbb4000-8bbc1000 r--s 000bc000 08:02 12999220   /home/gerardabello/eclipseworkspace/GoobaDesktop/libs/gdx.jar
8bbc1000-8bbc9000 r--s 00090000 08:02 12999219   /home/gerardabello/eclipseworkspace/GoobaDesktop/libs/gdx-sources.jar
8bbc9000-8bbe3000 r--s 00207000 08:02 12999222   /home/gerardabello/eclipseworkspace/GoobaDesktop/libs/gdx-backend-jogl.jar
8bbe3000-8bbe4000 ---p 00000000 00:00 0 
8bbe4000-8bc64000 rw-p 00000000 00:00 0 
8bc64000-8bc67000 ---p 00000000 00:00 0 
8bc67000-8bcb5000 rw-p 00000000 00:00 0 
8bcb5000-8bcb8000 ---p 00000000 00:00 0 
8bcb8000-8bd36000 rw-p 00000000 00:00 0 
8bd36000-8bd39000 ---p 00000000 00:00 0 
8bd39000-8bdb7000 rw-p 00000000 00:00 0 
8bdb7000-8bdba000 ---p 00000000 00:00 0 
8bdba000-8be08000 rw-p 00000000 00:00 0 
8be08000-8be09000 r--p 0043a000 08:06 396750     /usr/lib/locale/locale-archive
8be09000-8be49000 r--p 002bd000 08:06 396750     /usr/lib/locale/locale-archive
8be49000-8c049000 r--p 00000000 08:06 396750     /usr/lib/locale/locale-archive
8c049000-8c04c000 ---p 00000000 00:00 0 
8c04c000-8c09a000 rw-p 00000000 00:00 0 
8c09a000-8c09d000 ---p 00000000 00:00 0 
8c09d000-8c0eb000 rw-p 00000000 00:00 0 
8c0eb000-8c0ec000 ---p 00000000 00:00 0 
8c0ec000-8c19f000 rw-p 00000000 00:00 0 
8c19f000-8c330000 r--s 037b8000 08:06 391702     /usr/lib/jvm/java-6-openjdk/jre/lib/rt.jar
8c330000-8c331000 ---p 00000000 00:00 0 
8c331000-8c3b1000 rw-p 00000000 00:00 0 
8c3b1000-8c3b2000 ---p 00000000 00:00 0 
8c3b2000-8c432000 rw-p 00000000 00:00 0 
8c432000-8c433000 ---p 00000000 00:00 0 
8c433000-8c4b3000 rw-p 00000000 00:00 0 
8c4b3000-8c4b4000 ---p 00000000 00:00 0 
8c4b4000-8c53c000 rw-p 00000000 00:00 0 
8c53c000-8c574000 rw-p 00000000 00:00 0 
8c574000-8c57f000 rw-p 00000000 00:00 0 
8c57f000-8c61f000 rw-p 00000000 00:00 0 
8c61f000-8c627000 rw-p 00000000 00:00 0 
8c627000-8c65f000 rw-p 00000000 00:00 0 
8c65f000-8c66a000 rw-p 00000000 00:00 0 
8c66a000-8c709000 rw-p 00000000 00:00 0 
8c709000-8c716000 rw-p 00000000 00:00 0 
8c716000-8c75f000 rw-p 00000000 00:00 0 
8c75f000-8d760000 rw-p 00000000 00:00 0 
8d760000-94760000 rw-p 00000000 00:00 0 
94760000-95c60000 rw-p 00000000 00:00 0 
95c60000-a9cc0000 rw-p 00000000 00:00 0 
a9cc0000-ab3c0000 rw-p 00000000 00:00 0 
ab3c0000-b4760000 rw-p 00000000 00:00 0 
b4760000-b4762000 r--s 00000000 08:06 266457     /var/cache/fontconfig/e13b20fdb08344e0e664864cc2ede53d-le32d4.cache-3
b4762000-b4763000 r--s 00000000 08:02 12714186   /home/gerardabello/.fontconfig/3ff222172cf6269fd9a27600796983f5-le32d4.cache-3
b4763000-b4766000 r--s 0007d000 08:06 391626     /usr/lib/jvm/java-6-openjdk/jre/lib/jsse.jar
b4766000-b4767000 r--s 001cd000 08:02 12999218   /home/gerardabello/eclipseworkspace/GoobaDesktop/libs/gdx-natives.jar
b4767000-b4768000 r--s 00203000 08:02 12999221   /home/gerardabello/eclipseworkspace/GoobaDesktop/libs/gdx-backend-jogl-natives.jar
b4768000-b4771000 rw-p 00000000 00:00 0 
b4771000-b4828000 rw-p 00000000 00:00 0 
b4828000-b4a68000 rwxp 00000000 00:00 0 
b4a68000-b7828000 rw-p 00000000 00:00 0 
b7828000-b782b000 ---p 00000000 00:00 0 
b782b000-b787c000 rw-p 00000000 00:00 0 
b787c000-b7884000 r--s 00066000 08:06 184157     /usr/share/java/gnome-java-bridge.jar
b7884000-b7886000 r--s 0000f000 08:06 391653     /usr/lib/jvm/java-6-openjdk/jre/lib/ext/pulse-java.jar
b7886000-b788e000 rw-s 00000000 08:06 142891     /tmp/hsperfdata_gerardabello/2908 (deleted)
b788e000-b788f000 rw-p 00000000 00:00 0 
b788f000-b7890000 ---p 00000000 00:00 0 
b7890000-b7892000 rw-p 00000000 00:00 0 
bfa83000-bfaa4000 rw-p 00000000 00:00 0          [stack]

VM Arguments:
jvm_args: -Dfile.encoding=UTF-8 
java_command: com.gerardas.goobaDesktop.HelloWorldDesktop
Launcher Type: SUN_STANDARD

Environment Variables:
PATH=/home/gerardabello/bin:/usr/lib/lightdm/lightdm:/usr/local/sbin:/usr/local/bin:/usr/sbin:/usr/bin:/sbin:/bin:/usr/games
USERNAME=gerardabello
LD_LIBRARY_PATH=/usr/lib/jvm/java-6-openjdk/jre/lib/i386/server:/usr/lib/jvm/java-6-openjdk/jre/lib/i386:/usr/lib/jvm/java-6-openjdk/jre/../lib/i386:/usr/lib/jvm/java-6-openjdk/jre/lib/i386/client:/usr/lib/jvm/java-6-openjdk/jre/lib/i386:
SHELL=/bin/bash
DISPLAY=:0

Signal Handlers:
SIGSEGV: [libjvm.so+0x66a530], sa_mask[0]=0x7ffbfeff, sa_flags=0x10000004
SIGBUS: [libjvm.so+0x66a530], sa_mask[0]=0x7ffbfeff, sa_flags=0x10000004
SIGFPE: [libjvm.so+0x52e2c0], sa_mask[0]=0x7ffbfeff, sa_flags=0x10000004
SIGPIPE: [libjvm.so+0x52e2c0], sa_mask[0]=0x7ffbfeff, sa_flags=0x10000004
SIGXFSZ: [libjvm.so+0x52e2c0], sa_mask[0]=0x7ffbfeff, sa_flags=0x10000004
SIGILL: [libjvm.so+0x52e2c0], sa_mask[0]=0x7ffbfeff, sa_flags=0x10000004
SIGUSR1: SIG_DFL, sa_mask[0]=0x00000000, sa_flags=0x00000000
SIGUSR2: [libjvm.so+0x52e150], sa_mask[0]=0x00000004, sa_flags=0x10000004
SIGHUP: [libjvm.so+0x5311f0], sa_mask[0]=0x7ffbfeff, sa_flags=0x10000004
SIGINT: [libjvm.so+0x5311f0], sa_mask[0]=0x7ffbfeff, sa_flags=0x10000004
SIGTERM: [libjvm.so+0x5311f0], sa_mask[0]=0x7ffbfeff, sa_flags=0x10000004
SIGQUIT: [libjvm.so+0x5311f0], sa_mask[0]=0x7ffbfeff, sa_flags=0x10000004


---------------  S Y S T E M  ---------------

OS:Ubuntu 11.10 (oneiric)
uname:Linux 3.0.0-14-generic #23-Ubuntu SMP Mon Nov 21 20:34:47 UTC 2011 i686
libc:glibc 2.13 NPTL 2.13 
rlimit: STACK 8192k, CORE 0k, NPROC 15997, NOFILE 4096, AS infinity
load average:0.10 0.18 0.21

/proc/meminfo:
MemTotal:        2061720 kB
MemFree:          146140 kB
Buffers:          113064 kB
Cached:           622440 kB
SwapCached:           32 kB
Active:          1018124 kB
Inactive:         760800 kB
Active(anon):     769000 kB
Inactive(anon):   282508 kB
Active(file):     249124 kB
Inactive(file):   478292 kB
Unevictable:           0 kB
Mlocked:               0 kB
HighTotal:       1187336 kB
HighFree:          28184 kB
LowTotal:         874384 kB
LowFree:          117956 kB
SwapTotal:       2310652 kB
SwapFree:        2309880 kB
Dirty:               252 kB
Writeback:             0 kB
AnonPages:       1043368 kB
Mapped:           170108 kB
Shmem:              8276 kB
Slab:              64896 kB
SReclaimable:      47660 kB
SUnreclaim:        17236 kB
KernelStack:        3512 kB
PageTables:         8800 kB
NFS_Unstable:          0 kB
Bounce:                0 kB
WritebackTmp:          0 kB
CommitLimit:     3341512 kB
Committed_AS:    3285996 kB
VmallocTotal:     122880 kB
VmallocUsed:       77208 kB
VmallocChunk:      38396 kB
HardwareCorrupted:     0 kB
AnonHugePages:         0 kB
HugePages_Total:       0
HugePages_Free:        0
HugePages_Rsvd:        0
HugePages_Surp:        0
Hugepagesize:       4096 kB
DirectMap4k:      102392 kB
DirectMap4M:      806912 kB


CPU:total 4 (4 cores per cpu, 1 threads per core) family 6 model 15 stepping 11, cmov, cx8, fxsr, mmx, sse, sse2, sse3, ssse3

Memory: 4k page, physical 2061720k(146140k free), swap 2310652k(2309880k free)

vm_info: OpenJDK Server VM (20.0-b11) for linux-x86 JRE (1.6.0_23-b23), built on Oct 22 2011 01:02:34 by "buildd" with gcc 4.6.1

time: Mon Dec 19 17:52:48 2011
elapsed time: 29 seconds

