#
# A fatal error has been detected by the Java Runtime Environment:
#
#  SIGSEGV (0xb) at pc=0x0001881e, pid=6579, tid=2335562608
#
# JRE version: 6.0_23-b23
# Java VM: OpenJDK Server VM (20.0-b11 mixed mode linux-x86 )
# Derivative: IcedTea6 1.11pre
# Distribution: Ubuntu 11.10, package 6b23~pre11-0ubuntu1.11.10
# Problematic frame:
# C  0x0001881e
[error occurred during error reporting (printing problematic frame), id 0xb]

# If you would like to submit a bug report, please include
# instructions how to reproduce the bug and visit:
#   https://bugs.launchpad.net/ubuntu/+source/openjdk-6/
# The crash happened outside the Java Virtual Machine in native code.
# See problematic frame for where to report the bug.
#

---------------  T H R E A D  ---------------

Current thread (0x8b51a800):  JavaThread "AWT-EventQueue-0" [_thread_in_native, id=6604, stack(0x8b30d000,0x8b35e000)]

siginfo:si_signo=SIGSEGV: si_errno=0, si_code=1 (SEGV_MAPERR), si_addr=0x0001881e

Registers:
EAX=0x94b44ea4, EBX=0x00faeff4, ECX=0x000008c0, EDX=0x85ba6000
ESP=0x8b35c62c, EBP=0x8b35c668, ESI=0x8b51a920, EDI=0x94b44ea4
EIP=0x0001881e, EFLAGS=0x00010206, CR2=0x0001881e

Top of Stack: (sp=0x8b35c62c)
0x8b35c62c:   00f34a2f 85ba6000 94b44ea4 000008c0
0x8b35c63c:   048f4abe 861cc000 00000000 8c0fe0e0
0x8b35c64c:   85ba6000 8cce2be8 00000000 00c61588
0x8b35c65c:   00000000 8b35c690 8b51a800 8b35c6a8
0x8b35c66c:   b477ef1a 8b51a920 8b35c690 8b35c688
0x8b35c67c:   8b35c68c 00000230 00000000 94b44e98
0x8b35c68c:   aac8e250 8d0bbb48 8b35c6a0 8b35c6cc
0x8b35c69c:   b46d63bd 00000000 94b59740 aac8e198 

Instructions: (pc=0x0001881e)
0x000187fe:   
[error occurred during error reporting (printing registers, top of stack, instructions near pc), id 0xb]

Register to memory mapping:

EAX=0x94b44ea4 is an oop
[F 
 - klass: {type array float}
 - length: 1280
EBX=
[error occurred during error reporting (printing register info), id 0xb]

Stack: [0x8b30d000,0x8b35e000],  sp=0x8b35c62c,  free space=317k
Native frames: (J=compiled Java code, j=interpreted, Vv=VM code, C=native code)
C  0x0001881e
[error occurred during error reporting (printing native stack), id 0xb]

Java frames: (J=compiled Java code, j=interpreted, Vv=VM code)
J  com.badlogic.gdx.utils.BufferUtils.copyJni([FLjava/nio/Buffer;II)V
J  com.badlogic.gdx.graphics.g2d.SpriteBatch.renderMesh()V
J  com.gerardas.goobaDesktop.HelloWorld.draw_grass()V
j  com.gerardas.goobaDesktop.HelloWorld.render(F)V+369
j  com.gerardas.goobaDesktop.Main.render()V+10
j  com.badlogic.gdx.backends.jogl.JoglGraphics.display(Ljavax/media/opengl/GLAutoDrawable;)V+114
j  com.sun.opengl.impl.GLDrawableHelper.display(Ljavax/media/opengl/GLAutoDrawable;)V+29
j  javax.media.opengl.GLCanvas$DisplayAction.run()V+80
j  com.sun.opengl.impl.GLDrawableHelper.invokeGL(Ljavax/media/opengl/GLDrawable;Ljavax/media/opengl/GLContext;Ljava/lang/Runnable;Ljava/lang/Runnable;)V+418
j  javax.media.opengl.GLCanvas$DisplayOnEventDispatchThreadAction.run()V+35
j  java.awt.event.InvocationEvent.dispatch()V+11
j  java.awt.EventQueue.dispatchEventImpl(Ljava/awt/AWTEvent;Ljava/lang/Object;)V+21
j  java.awt.EventQueue.access$000(Ljava/awt/EventQueue;Ljava/awt/AWTEvent;Ljava/lang/Object;)V+3
j  java.awt.EventQueue$1.run()Ljava/lang/Void;+12
j  java.awt.EventQueue$1.run()Ljava/lang/Object;+1
v  ~StubRoutines::call_stub
j  java.security.AccessController.doPrivileged(Ljava/security/PrivilegedAction;Ljava/security/AccessControlContext;)Ljava/lang/Object;+0
j  java.security.AccessControlContext$1.doIntersectionPrivilege(Ljava/security/PrivilegedAction;Ljava/security/AccessControlContext;Ljava/security/AccessControlContext;)Ljava/lang/Object;+28
j  java.awt.EventQueue.dispatchEvent(Ljava/awt/AWTEvent;)V+46
j  java.awt.EventDispatchThread.pumpOneEventForFilters(I)Z+192
j  java.awt.EventDispatchThread.pumpEventsForFilter(ILjava/awt/Conditional;Ljava/awt/EventFilter;)V+30
j  java.awt.EventDispatchThread.pumpEventsForHierarchy(ILjava/awt/Conditional;Ljava/awt/Component;)V+11
j  java.awt.EventDispatchThread.pumpEvents(ILjava/awt/Conditional;)V+4
j  java.awt.EventDispatchThread.pumpEvents(Ljava/awt/Conditional;)V+3
j  java.awt.EventDispatchThread.run()V+9
v  ~StubRoutines::call_stub

---------------  P R O C E S S  ---------------

Java Threads: ( => current thread )
  0x8b520c00 JavaThread "DestroyJavaVM" [_thread_blocked, id=6584, stack(0xb76d3000,0xb7724000)]
  0x8b51fc00 JavaThread "Thread-1" [_thread_blocked, id=6609, stack(0x862b9000,0x8630a000)]
=>0x8b51a800 JavaThread "AWT-EventQueue-0" [_thread_in_native, id=6604, stack(0x8b30d000,0x8b35e000)]
  0x8b51a000 JavaThread "AWT-Shutdown" [_thread_blocked, id=6603, stack(0x8b35e000,0x8b3af000)]
  0x8b50ec00 JavaThread "AWT-XAWT" daemon [_thread_blocked, id=6598, stack(0x8b3af000,0x8b400000)]
  0x8b886c00 JavaThread "Java2D Disposer" daemon [_thread_blocked, id=6597, stack(0x8b909000,0x8b95a000)]
  0x09764800 JavaThread "Low Memory Detector" daemon [_thread_blocked, id=6595, stack(0x8b9e8000,0x8ba39000)]
  0x09762800 JavaThread "C2 CompilerThread1" daemon [_thread_blocked, id=6594, stack(0x8ba39000,0x8baba000)]
  0x09760800 JavaThread "C2 CompilerThread0" daemon [_thread_blocked, id=6593, stack(0x8baba000,0x8bb3b000)]
  0x0975f400 JavaThread "Signal Dispatcher" daemon [_thread_blocked, id=6592, stack(0x8bb3b000,0x8bb8c000)]
  0x0974f800 JavaThread "Finalizer" daemon [_thread_blocked, id=6591, stack(0x8bdcd000,0x8be1e000)]
  0x0974b000 JavaThread "Reference Handler" daemon [_thread_blocked, id=6590, stack(0x8be1e000,0x8be6f000)]

Other Threads:
  0x09747000 VMThread [stack: 0x8c12c000,0x8c1ad000] [id=6589]
  0x8b800c00 WatcherThread [stack: 0x8b967000,0x8b9e8000] [id=6596]

VM state:not at safepoint (normal execution)

VM Mutex/Monitor currently owned by a thread: None

Heap
 PSYoungGen      total 17472K, used 14667K [0xa9b70000, 0xaadd0000, 0xb4610000)
  eden space 16128K, 82% used [0xa9b70000,0xaa873880,0xaab30000)
  from space 1344K, 99% used [0xaac80000,0xaadcf3f8,0xaadd0000)
  to   space 1344K, 0% used [0xaab30000,0xaab30000,0xaac80000)
 PSOldGen        total 21504K, used 6238K [0x94610000, 0x95b10000, 0xa9b70000)
  object space 21504K, 29% used [0x94610000,0x94c27bc0,0x95b10000)
 PSPermGen       total 16384K, used 13618K [0x8c610000, 0x8d610000, 0x94610000)
  object space 16384K, 83% used [0x8c610000,0x8d35c908,0x8d610000)

Code Cache  [0xb46d3000, 0xb4913000, 0xb76d3000)
 total_blobs=603 nmethods=213 adapters=344 free_code_cache=49391104 largest_free_block=16768

Dynamic libraries:
00110000-00286000 r-xp 00000000 08:06 261549     /lib/i386-linux-gnu/libc-2.13.so
00286000-00288000 r--p 00176000 08:06 261549     /lib/i386-linux-gnu/libc-2.13.so
00288000-00289000 rw-p 00178000 08:06 261549     /lib/i386-linux-gnu/libc-2.13.so
00289000-0028c000 rw-p 00000000 00:00 0 
0028c000-0029f000 r-xp 00000000 08:06 261632     /lib/i386-linux-gnu/libz.so.1.2.3.4
0029f000-002a0000 r--p 00012000 08:06 261632     /lib/i386-linux-gnu/libz.so.1.2.3.4
002a0000-002a1000 rw-p 00013000 08:06 261632     /lib/i386-linux-gnu/libz.so.1.2.3.4
002a1000-002a9000 r-xp 00000000 08:06 261586     /lib/i386-linux-gnu/libnss_compat-2.13.so
002a9000-002aa000 r--p 00007000 08:06 261586     /lib/i386-linux-gnu/libnss_compat-2.13.so
002aa000-002ab000 rw-p 00008000 08:06 261586     /lib/i386-linux-gnu/libnss_compat-2.13.so
002ab000-002c0000 r-xp 00000000 08:06 261584     /lib/i386-linux-gnu/libnsl-2.13.so
002c0000-002c1000 r--p 00015000 08:06 261584     /lib/i386-linux-gnu/libnsl-2.13.so
002c1000-002c2000 rw-p 00016000 08:06 261584     /lib/i386-linux-gnu/libnsl-2.13.so
002c2000-002c4000 rw-p 00000000 00:00 0 
002c4000-002cb000 r-xp 00000000 08:06 391673     /usr/lib/jvm/java-6-openjdk/jre/lib/i386/libzip.so
002cb000-002cc000 r--p 00006000 08:06 391673     /usr/lib/jvm/java-6-openjdk/jre/lib/i386/libzip.so
002cc000-002cd000 rw-p 00007000 08:06 391673     /usr/lib/jvm/java-6-openjdk/jre/lib/i386/libzip.so
002cd000-00319000 r-xp 00000000 08:06 391718     /usr/lib/jvm/java-6-openjdk/jre/lib/i386/xawt/libmawt.so
00319000-0031a000 r--p 0004b000 08:06 391718     /usr/lib/jvm/java-6-openjdk/jre/lib/i386/xawt/libmawt.so
0031a000-0031c000 rw-p 0004c000 08:06 391718     /usr/lib/jvm/java-6-openjdk/jre/lib/i386/xawt/libmawt.so
0031c000-0031d000 rw-p 00000000 00:00 0 
0031d000-00322000 r-xp 00000000 08:06 392848     /usr/lib/libXtst.so.6.1.0
00322000-00323000 r--p 00004000 08:06 392848     /usr/lib/libXtst.so.6.1.0
00323000-00324000 rw-p 00005000 08:06 392848     /usr/lib/libXtst.so.6.1.0
00324000-00325000 r-xp 00000000 08:06 140008     /tmp/libgdx/3111846100/libgluegen-rt-linux32.so
00325000-00326000 rw-p 00000000 08:06 140008     /tmp/libgdx/3111846100/libgluegen-rt-linux32.so
00326000-00327000 r-xp 00000000 08:06 391675     /usr/lib/jvm/java-6-openjdk/jre/lib/i386/libjawt.so
00327000-00328000 r--p 00000000 08:06 391675     /usr/lib/jvm/java-6-openjdk/jre/lib/i386/libjawt.so
00328000-00329000 rw-p 00001000 08:06 391675     /usr/lib/jvm/java-6-openjdk/jre/lib/i386/libjawt.so
00329000-00334000 r-xp 00000000 08:06 391691     /usr/lib/jvm/java-6-openjdk/jre/lib/i386/libverify.so
00334000-00335000 ---p 0000b000 08:06 391691     /usr/lib/jvm/java-6-openjdk/jre/lib/i386/libverify.so
00335000-00336000 r--p 0000b000 08:06 391691     /usr/lib/jvm/java-6-openjdk/jre/lib/i386/libverify.so
00336000-00337000 rw-p 0000c000 08:06 391691     /usr/lib/jvm/java-6-openjdk/jre/lib/i386/libverify.so
00337000-003ca000 r-xp 00000000 08:06 391671     /usr/lib/jvm/java-6-openjdk/jre/lib/i386/libawt.so
003ca000-003cb000 r--p 00092000 08:06 391671     /usr/lib/jvm/java-6-openjdk/jre/lib/i386/libawt.so
003cb000-003d2000 rw-p 00093000 08:06 391671     /usr/lib/jvm/java-6-openjdk/jre/lib/i386/libawt.so
003d2000-003f6000 rw-p 00000000 00:00 0 
003f6000-003fb000 r-xp 00000000 08:06 395296     /usr/lib/i386-linux-gnu/libXdmcp.so.6.0.0
003fb000-003fc000 r--p 00004000 08:06 395296     /usr/lib/i386-linux-gnu/libXdmcp.so.6.0.0
003fc000-003fd000 rw-p 00005000 08:06 395296     /usr/lib/i386-linux-gnu/libXdmcp.so.6.0.0
003fd000-00401000 r-xp 00000000 08:06 395300     /usr/lib/i386-linux-gnu/libXfixes.so.3.1.0
00401000-00402000 r--p 00003000 08:06 395300     /usr/lib/i386-linux-gnu/libXfixes.so.3.1.0
00402000-00403000 rw-p 00004000 08:06 395300     /usr/lib/i386-linux-gnu/libXfixes.so.3.1.0
00403000-00407000 r-xp 00000000 08:06 395316     /usr/lib/i386-linux-gnu/libXxf86vm.so.1.0.0
00407000-00408000 r--p 00003000 08:06 395316     /usr/lib/i386-linux-gnu/libXxf86vm.so.1.0.0
00408000-00409000 rw-p 00004000 08:06 395316     /usr/lib/i386-linux-gnu/libXxf86vm.so.1.0.0
0040a000-0040b000 r-xp 00000000 08:06 140048     /tmp/libgdx/3111846100/libjogl_awt-linux32.so
0040b000-0040c000 rw-p 00000000 08:06 140048     /tmp/libgdx/3111846100/libjogl_awt-linux32.so
0040c000-0040e000 r-xp 00000000 08:06 394491     /usr/lib/nvidia-current/tls/libnvidia-tls.so.280.13
0040e000-0040f000 rw-p 00001000 08:06 394491     /usr/lib/nvidia-current/tls/libnvidia-tls.so.280.13
0040f000-00416000 r-xp 00000000 08:06 395308     /usr/lib/i386-linux-gnu/libXrandr.so.2.2.0
00416000-00417000 r--p 00006000 08:06 395308     /usr/lib/i386-linux-gnu/libXrandr.so.2.2.0
00417000-00418000 rw-p 00007000 08:06 395308     /usr/lib/i386-linux-gnu/libXrandr.so.2.2.0
00418000-0041e000 r-xp 00000000 08:06 395445     /usr/lib/i386-linux-gnu/libjson.so.0.0.1
0041e000-0041f000 r--p 00005000 08:06 395445     /usr/lib/i386-linux-gnu/libjson.so.0.0.1
0041f000-00420000 rw-p 00006000 08:06 395445     /usr/lib/i386-linux-gnu/libjson.so.0.0.1
00420000-00428000 r-xp 00000000 08:06 261630     /lib/i386-linux-gnu/libwrap.so.0.7.6
00428000-00429000 r--p 00007000 08:06 261630     /lib/i386-linux-gnu/libwrap.so.0.7.6
00429000-0042a000 rw-p 00008000 08:06 261630     /lib/i386-linux-gnu/libwrap.so.0.7.6
0043a000-00460000 r-xp 00000000 08:06 391663     /usr/lib/jvm/java-6-openjdk/jre/lib/i386/libjava.so
00460000-00461000 r--p 00025000 08:06 391663     /usr/lib/jvm/java-6-openjdk/jre/lib/i386/libjava.so
00461000-00463000 rw-p 00026000 08:06 391663     /usr/lib/jvm/java-6-openjdk/jre/lib/i386/libjava.so
00463000-00594000 r-xp 00000000 08:06 395286     /usr/lib/i386-linux-gnu/libX11.so.6.3.0
00594000-00595000 ---p 00131000 08:06 395286     /usr/lib/i386-linux-gnu/libX11.so.6.3.0
00595000-00596000 r--p 00131000 08:06 395286     /usr/lib/i386-linux-gnu/libX11.so.6.3.0
00596000-00598000 rw-p 00132000 08:06 395286     /usr/lib/i386-linux-gnu/libX11.so.6.3.0
00598000-00599000 rw-p 00000000 00:00 0 
00599000-005ac000 r-xp 00000000 08:06 261611     /lib/i386-linux-gnu/libresolv-2.13.so
005ac000-005ad000 r--p 00012000 08:06 261611     /lib/i386-linux-gnu/libresolv-2.13.so
005ad000-005ae000 rw-p 00013000 08:06 261611     /lib/i386-linux-gnu/libresolv-2.13.so
005ae000-005b0000 rw-p 00000000 00:00 0 
005b0000-005b7000 r-xp 00000000 08:06 261613     /lib/i386-linux-gnu/librt-2.13.so
005b7000-005b8000 r--p 00006000 08:06 261613     /lib/i386-linux-gnu/librt-2.13.so
005b8000-005b9000 rw-p 00007000 08:06 261613     /lib/i386-linux-gnu/librt-2.13.so
005b9000-00617000 r-xp 00000000 08:06 141569     /tmp/libgdx/3111846100/liblwjgl.so
00617000-00618000 ---p 0005e000 08:06 141569     /tmp/libgdx/3111846100/liblwjgl.so
00618000-00619000 r--p 0005e000 08:06 141569     /tmp/libgdx/3111846100/liblwjgl.so
00619000-0061a000 rw-p 0005f000 08:06 141569     /tmp/libgdx/3111846100/liblwjgl.so
0061a000-00643000 r-xp 00000000 08:06 395570     /usr/lib/i386-linux-gnu/libvorbis.so.0.4.5
00643000-00644000 r--p 00028000 08:06 395570     /usr/lib/i386-linux-gnu/libvorbis.so.0.4.5
00644000-00645000 rw-p 00029000 08:06 395570     /usr/lib/i386-linux-gnu/libvorbis.so.0.4.5
00647000-00725000 r-xp 00000000 08:06 395551     /usr/lib/i386-linux-gnu/libstdc++.so.6.0.16
00725000-00726000 ---p 000de000 08:06 395551     /usr/lib/i386-linux-gnu/libstdc++.so.6.0.16
00726000-0072a000 r--p 000de000 08:06 395551     /usr/lib/i386-linux-gnu/libstdc++.so.6.0.16
0072a000-0072b000 rw-p 000e2000 08:06 395551     /usr/lib/i386-linux-gnu/libstdc++.so.6.0.16
0072b000-00732000 rw-p 00000000 00:00 0 
00757000-00760000 r-xp 00000000 08:06 395292     /usr/lib/i386-linux-gnu/libXcursor.so.1.0.2
00760000-00761000 r--p 00008000 08:06 395292     /usr/lib/i386-linux-gnu/libXcursor.so.1.0.2
00761000-00762000 rw-p 00009000 08:06 395292     /usr/lib/i386-linux-gnu/libXcursor.so.1.0.2
00762000-007a3000 r-xp 00000000 08:06 140873     /tmp/libgdx/3111846100/libopenal.so
007a3000-007a4000 r--p 00040000 08:06 140873     /tmp/libgdx/3111846100/libopenal.so
007a4000-007a5000 rw-p 00041000 08:06 140873     /tmp/libgdx/3111846100/libopenal.so
007a5000-007f1000 r-xp 00000000 08:06 425591     /usr/lib/i386-linux-gnu/libpulse.so.0.13.4
007f1000-007f2000 r--p 0004b000 08:06 425591     /usr/lib/i386-linux-gnu/libpulse.so.0.13.4
007f2000-007f3000 rw-p 0004c000 08:06 425591     /usr/lib/i386-linux-gnu/libpulse.so.0.13.4
007fa000-00800000 r-xp 00000000 08:06 395488     /usr/lib/i386-linux-gnu/libogg.so.0.7.1
00800000-00801000 r--p 00005000 08:06 395488     /usr/lib/i386-linux-gnu/libogg.so.0.7.1
00801000-00802000 rw-p 00006000 08:06 395488     /usr/lib/i386-linux-gnu/libogg.so.0.7.1
00817000-00820000 r-xp 00000000 08:06 395310     /usr/lib/i386-linux-gnu/libXrender.so.1.3.0
00820000-00821000 r--p 00008000 08:06 395310     /usr/lib/i386-linux-gnu/libXrender.so.1.3.0
00821000-00822000 rw-p 00009000 08:06 395310     /usr/lib/i386-linux-gnu/libXrender.so.1.3.0
00822000-00869000 r-xp 00000000 08:06 261559     /lib/i386-linux-gnu/libdbus-1.so.3.5.7
00869000-0086a000 r--p 00046000 08:06 261559     /lib/i386-linux-gnu/libdbus-1.so.3.5.7
0086a000-0086b000 rw-p 00047000 08:06 261559     /lib/i386-linux-gnu/libdbus-1.so.3.5.7
00881000-008bb000 r-xp 00000000 08:06 391701     /usr/lib/jvm/java-6-openjdk/jre/lib/i386/libfontmanager.so
008bb000-008bc000 r--p 00039000 08:06 391701     /usr/lib/jvm/java-6-openjdk/jre/lib/i386/libfontmanager.so
008bc000-008bd000 rw-p 0003a000 08:06 391701     /usr/lib/jvm/java-6-openjdk/jre/lib/i386/libfontmanager.so
008f9000-00903000 r-xp 00000000 08:06 261594     /lib/i386-linux-gnu/libnss_nis-2.13.so
00903000-00904000 r--p 00009000 08:06 261594     /lib/i386-linux-gnu/libnss_nis-2.13.so
00904000-00905000 rw-p 0000a000 08:06 261594     /lib/i386-linux-gnu/libnss_nis-2.13.so
0094a000-00966000 r-xp 00000000 08:06 261570     /lib/i386-linux-gnu/libgcc_s.so.1
00966000-00967000 r--p 0001b000 08:06 261570     /lib/i386-linux-gnu/libgcc_s.so.1
00967000-00968000 rw-p 0001c000 08:06 261570     /lib/i386-linux-gnu/libgcc_s.so.1
0097c000-00987000 r-xp 00000000 08:06 261590     /lib/i386-linux-gnu/libnss_files-2.13.so
00987000-00988000 r--p 0000a000 08:06 261590     /lib/i386-linux-gnu/libnss_files-2.13.so
00988000-00989000 rw-p 0000b000 08:06 261590     /lib/i386-linux-gnu/libnss_files-2.13.so
00999000-00a2b000 r-xp 00000000 08:06 398229     /usr/lib/i386-linux-gnu/libfreetype.so.6.6.2
00a2b000-00a2f000 r--p 00091000 08:06 398229     /usr/lib/i386-linux-gnu/libfreetype.so.6.6.2
00a2f000-00a30000 rw-p 00095000 08:06 398229     /usr/lib/i386-linux-gnu/libfreetype.so.6.6.2
00a38000-00a3a000 r-xp 00000000 08:06 395288     /usr/lib/i386-linux-gnu/libXau.so.6.0.0
00a3a000-00a3b000 r--p 00001000 08:06 395288     /usr/lib/i386-linux-gnu/libXau.so.6.0.0
00a3b000-00a3c000 rw-p 00002000 08:06 395288     /usr/lib/i386-linux-gnu/libXau.so.6.0.0
00a4e000-00a50000 r-xs 00000000 08:06 142891     /tmp/glXxw7PF (deleted)
00a55000-00a72000 r-xp 00000000 08:06 395584     /usr/lib/i386-linux-gnu/libxcb.so.1.1.0
00a72000-00a73000 r--p 0001c000 08:06 395584     /usr/lib/i386-linux-gnu/libxcb.so.1.1.0
00a73000-00a74000 rw-p 0001d000 08:06 395584     /usr/lib/i386-linux-gnu/libxcb.so.1.1.0
00a74000-00b18000 r-xp 00000000 08:06 394492     /usr/lib/nvidia-current/libGL.so.280.13
00b18000-00b37000 rwxp 000a3000 08:06 394492     /usr/lib/nvidia-current/libGL.so.280.13
00b37000-00b46000 rwxp 00000000 00:00 0 
00b66000-00b84000 r-xp 00000000 08:06 261536     /lib/i386-linux-gnu/ld-2.13.so
00b84000-00b85000 r--p 0001d000 08:06 261536     /lib/i386-linux-gnu/ld-2.13.so
00b85000-00b86000 rw-p 0001e000 08:06 261536     /lib/i386-linux-gnu/ld-2.13.so
00b86000-00c61000 r-xp 00000000 08:06 140122     /tmp/libgdx/3111846100/libjogl-linux32.so
00c61000-00c62000 rw-p 000da000 08:06 140122     /tmp/libgdx/3111846100/libjogl-linux32.so
00c65000-00c76000 r-xp 00000000 08:06 395298     /usr/lib/i386-linux-gnu/libXext.so.6.4.0
00c76000-00c77000 r--p 00010000 08:06 395298     /usr/lib/i386-linux-gnu/libXext.so.6.4.0
00c77000-00c78000 rw-p 00011000 08:06 395298     /usr/lib/i386-linux-gnu/libXext.so.6.4.0
00c78000-00cdb000 r-xp 00000000 08:06 428873     /usr/lib/i386-linux-gnu/libpulsecommon-1.0.so
00cdb000-00cdc000 r--p 00062000 08:06 428873     /usr/lib/i386-linux-gnu/libpulsecommon-1.0.so
00cdc000-00cdd000 rw-p 00063000 08:06 428873     /usr/lib/i386-linux-gnu/libpulsecommon-1.0.so
00cdd000-00d48000 r-xp 00000000 08:06 395540     /usr/lib/i386-linux-gnu/libsndfile.so.1.0.24
00d48000-00d49000 r--p 0006b000 08:06 395540     /usr/lib/i386-linux-gnu/libsndfile.so.1.0.24
00d49000-00d4a000 rw-p 0006c000 08:06 395540     /usr/lib/i386-linux-gnu/libsndfile.so.1.0.24
00d4a000-00d4e000 rw-p 00000000 00:00 0 
00d4e000-00d9a000 r-xp 00000000 08:06 395239     /usr/lib/i386-linux-gnu/libFLAC.so.8.2.0
00d9a000-00d9b000 r--p 0004b000 08:06 395239     /usr/lib/i386-linux-gnu/libFLAC.so.8.2.0
00d9b000-00d9c000 rw-p 0004c000 08:06 395239     /usr/lib/i386-linux-gnu/libFLAC.so.8.2.0
00dec000-00ded000 r-xp 00000000 00:00 0          [vdso]
00e1d000-00e45000 r-xp 00000000 08:06 261579     /lib/i386-linux-gnu/libm-2.13.so
00e45000-00e46000 r--p 00028000 08:06 261579     /lib/i386-linux-gnu/libm-2.13.so
00e46000-00e47000 rw-p 00029000 08:06 261579     /lib/i386-linux-gnu/libm-2.13.so
00e60000-00e63000 r-xp 00000000 08:06 261560     /lib/i386-linux-gnu/libdl-2.13.so
00e63000-00e64000 r--p 00002000 08:06 261560     /lib/i386-linux-gnu/libdl-2.13.so
00e64000-00e65000 rw-p 00003000 08:06 261560     /lib/i386-linux-gnu/libdl-2.13.so
00e7a000-00e7f000 r-xp 00000000 08:06 395322     /usr/lib/i386-linux-gnu/libasyncns.so.0.3.1
00e7f000-00e80000 r--p 00004000 08:06 395322     /usr/lib/i386-linux-gnu/libasyncns.so.0.3.1
00e80000-00e81000 rw-p 00005000 08:06 395322     /usr/lib/i386-linux-gnu/libasyncns.so.0.3.1
00ece000-00ed2000 r-xp 00000000 08:06 391676     /usr/lib/jvm/java-6-openjdk/jre/lib/i386/jli/libjli.so
00ed2000-00ed3000 r--p 00003000 08:06 391676     /usr/lib/jvm/java-6-openjdk/jre/lib/i386/jli/libjli.so
00ed3000-00ed4000 rw-p 00004000 08:06 391676     /usr/lib/jvm/java-6-openjdk/jre/lib/i386/jli/libjli.so
00efe000-00f0c000 r-xp 00000000 08:06 395304     /usr/lib/i386-linux-gnu/libXi.so.6.1.0
00f0c000-00f0d000 r--p 0000d000 08:06 395304     /usr/lib/i386-linux-gnu/libXi.so.6.1.0
00f0d000-00f0e000 rw-p 0000e000 08:06 395304     /usr/lib/i386-linux-gnu/libXi.so.6.1.0
00f1a000-00fad000 r-xp 00000000 08:06 139969     /tmp/libgdx/3111846100/libgdx.so
00fad000-00fae000 ---p 00093000 08:06 139969     /tmp/libgdx/3111846100/libgdx.so
00fae000-00faf000 r--p 00093000 08:06 139969     /tmp/libgdx/3111846100/libgdx.so
00faf000-00fb0000 rw-p 00094000 08:06 139969     /tmp/libgdx/3111846100/libgdx.so
00fb0000-00fb3000 rw-p 00000000 00:00 0 
00fb5000-00fcc000 r-xp 00000000 08:06 261609     /lib/i386-linux-gnu/libpthread-2.13.so
00fcc000-00fcd000 r--p 00016000 08:06 261609     /lib/i386-linux-gnu/libpthread-2.13.so
00fcd000-00fce000 rw-p 00017000 08:06 261609     /lib/i386-linux-gnu/libpthread-2.13.so
00fce000-00fd0000 rw-p 00000000 00:00 0 
00fd0000-017ee000 r-xp 00000000 08:06 391683     /usr/lib/jvm/java-6-openjdk/jre/lib/i386/server/libjvm.so
017ee000-01833000 r--p 0081e000 08:06 391683     /usr/lib/jvm/java-6-openjdk/jre/lib/i386/server/libjvm.so
01833000-01842000 rw-p 00863000 08:06 391683     /usr/lib/jvm/java-6-openjdk/jre/lib/i386/server/libjvm.so
01842000-01c5c000 rw-p 00000000 00:00 0 
031c7000-0332d000 r-xp 00000000 08:06 395572     /usr/lib/i386-linux-gnu/libvorbisenc.so.2.0.8
0332d000-0333e000 r--p 00165000 08:06 395572     /usr/lib/i386-linux-gnu/libvorbisenc.so.2.0.8
0333e000-0333f000 rw-p 00176000 08:06 395572     /usr/lib/i386-linux-gnu/libvorbisenc.so.2.0.8
03ad8000-05378000 r-xp 00000000 08:06 397437     /usr/lib/nvidia-current/libnvidia-glcore.so.280.13
05378000-053d6000 rwxp 018a0000 08:06 397437     /usr/lib/nvidia-current/libnvidia-glcore.so.280.13
053d6000-053e9000 rwxp 00000000 00:00 0 
08048000-08051000 r-xp 00000000 08:06 390933     /usr/lib/jvm/java-6-openjdk/jre/bin/java
08051000-08052000 r--p 00008000 08:06 390933     /usr/lib/jvm/java-6-openjdk/jre/bin/java
08052000-08053000 rw-p 00009000 08:06 390933     /usr/lib/jvm/java-6-openjdk/jre/bin/java
09698000-09a44000 rw-p 00000000 00:00 0          [heap]
81700000-817f9000 rw-p 00000000 00:00 0 
817f9000-81800000 ---p 00000000 00:00 0 
81800000-818d5000 rw-p 00000000 00:00 0 
818d5000-81900000 ---p 00000000 00:00 0 
81900000-819f9000 rw-p 00000000 00:00 0 
819f9000-81a00000 ---p 00000000 00:00 0 
81a00000-81afb000 rw-p 00000000 00:00 0 
81afb000-81b00000 ---p 00000000 00:00 0 
81b00000-81bfb000 rw-p 00000000 00:00 0 
81bfb000-81c00000 ---p 00000000 00:00 0 
81c00000-81ce1000 rw-p 00000000 00:00 0 
81ce1000-81d00000 ---p 00000000 00:00 0 
81d00000-81dfc000 rw-p 00000000 00:00 0 
81dfc000-81e00000 ---p 00000000 00:00 0 
81e00000-81ef3000 rw-p 00000000 00:00 0 
81ef3000-81f00000 ---p 00000000 00:00 0 
81f00000-81fff000 rw-p 00000000 00:00 0 
81fff000-82000000 ---p 00000000 00:00 0 
820f4000-824f6000 rw-p 00000000 00:00 0 
82500000-825fe000 rw-p 00000000 00:00 0 
825fe000-82600000 ---p 00000000 00:00 0 
826f7000-82af8000 rw-p 00000000 00:00 0 
82b00000-82bfa000 rw-p 00000000 00:00 0 
82bfa000-82c00000 ---p 00000000 00:00 0 
82cf8000-832fa000 rw-p 00000000 00:00 0 
834f9000-835fa000 rw-p 00000000 00:00 0 
836fb000-83afc000 rw-p 00000000 00:00 0 
83bfa000-83cfb000 rw-p 00000000 00:00 0 
83d7b000-841ff000 rw-p 00000000 00:00 0 
84300000-84400000 rw-s 30a45000 00:05 8652       /dev/nvidia0
84400000-84481000 rw-p 00000000 00:00 0 
84481000-84500000 ---p 00000000 00:00 0 
8450a000-84700000 rw-p 00000000 00:00 0 
84700000-847f6000 rw-p 00000000 00:00 0 
847f6000-84800000 ---p 00000000 00:00 0 
84832000-84c1e000 rw-p 00000000 00:00 0 
84c85000-85000000 rw-p 00000000 00:00 0 
85000000-850e6000 rw-p 00000000 00:00 0 
850e6000-85100000 ---p 00000000 00:00 0 
85100000-851f0000 rw-p 00000000 00:00 0 
851f0000-85200000 ---p 00000000 00:00 0 
85200000-852fe000 rw-p 00000000 00:00 0 
852fe000-85300000 ---p 00000000 00:00 0 
85300000-85400000 rw-s 33fd6000 00:05 8652       /dev/nvidia0
85400000-854fb000 rw-p 00000000 00:00 0 
854fb000-85500000 ---p 00000000 00:00 0 
85560000-85660000 rw-s 371e2000 00:05 8652       /dev/nvidia0
85660000-85800000 rw-p 00000000 00:00 0 
85800000-858f9000 rw-p 00000000 00:00 0 
858f9000-85900000 ---p 00000000 00:00 0 
85908000-85989000 rw-p 00000000 00:00 0 
85989000-85b00000 rw-s 00000000 00:04 4980754    /SYSV00000000 (deleted)
85b00000-85bd3000 rw-p 00000000 00:00 0 
85bd3000-85c00000 ---p 00000000 00:00 0 
85c00000-85cf6000 rw-p 00000000 00:00 0 
85cf6000-85d00000 ---p 00000000 00:00 0 
85d00000-85f00000 rw-s 325df000 00:05 8652       /dev/nvidia0
85f00000-86000000 rw-s 334be000 00:05 8652       /dev/nvidia0
86000000-860f0000 rw-p 00000000 00:00 0 
860f0000-86100000 ---p 00000000 00:00 0 
8616b000-8616c000 rw-s fdc08000 00:05 8652       /dev/nvidia0
8616c000-861ac000 rw-s 32203000 00:05 8652       /dev/nvidia0
861cc000-86221000 rw-p 00000000 00:00 0 
86221000-8623c000 rw-s 2ef60000 00:05 8652       /dev/nvidia0
8623c000-862b9000 rw-p 00000000 00:00 0 
862b9000-862bc000 ---p 00000000 00:00 0 
862bc000-8630a000 rw-p 00000000 00:00 0 
8630a000-8630b000 ---p 00000000 00:00 0 
8630b000-86b0b000 rw-p 00000000 00:00 0 
86b0b000-8ab0c000 rw-s 00000000 00:12 36691      /run/shm/pulse-shm-1415189971
8ab0c000-8ab0d000 ---p 00000000 00:00 0 
8ab0d000-8b30d000 rw-p 00000000 00:00 0 
8b30d000-8b310000 ---p 00000000 00:00 0 
8b310000-8b35e000 rw-p 00000000 00:00 0 
8b35e000-8b361000 ---p 00000000 00:00 0 
8b361000-8b3af000 rw-p 00000000 00:00 0 
8b3af000-8b3b2000 ---p 00000000 00:00 0 
8b3b2000-8b400000 rw-p 00000000 00:00 0 
8b400000-8b4d4000 rw-p 00000000 00:00 0 
8b4d4000-8b500000 ---p 00000000 00:00 0 
8b500000-8b5cc000 rw-p 00000000 00:00 0 
8b5cc000-8b600000 ---p 00000000 00:00 0 
8b600000-8b6f6000 rw-p 00000000 00:00 0 
8b6f6000-8b700000 ---p 00000000 00:00 0 
8b706000-8b708000 rw-s 00000000 08:06 142891     /tmp/glXxw7PF (deleted)
8b708000-8b70c000 rw-s 312b8000 00:05 8652       /dev/nvidia0
8b70c000-8b70d000 rw-s c0005000 00:05 8652       /dev/nvidia0
8b70d000-8b70e000 rw-s 312ba000 00:05 8652       /dev/nvidia0
8b70e000-8b712000 rw-s 2bd92000 00:05 8652       /dev/nvidia0
8b712000-8b713000 rw-s fd641000 00:05 8652       /dev/nvidia0
8b713000-8b714000 rw-s 2f3f4000 00:05 8652       /dev/nvidia0
8b714000-8b715000 rw-s 32202000 00:05 8652       /dev/nvidia0
8b715000-8b716000 rw-s fd060000 00:05 8652       /dev/nvidia0
8b716000-8b71d000 r--s 00000000 08:06 395876     /usr/lib/i386-linux-gnu/gconv/gconv-modules.cache
8b71d000-8b724000 r--s 000fb000 08:06 391659     /usr/lib/jvm/java-6-openjdk/jre/lib/resources.jar
8b724000-8b725000 r--s 00000000 08:02 12728076   /home/gerardabello/.fontconfig/6b5525953428b443e78619d83c2cb9f6-le32d4.cache-3
8b725000-8b726000 r--s 00000000 08:02 12728075   /home/gerardabello/.fontconfig/e02f10c48e0b1d50887b793890992243-le32d4.cache-3
8b726000-8b727000 r--s 00000000 08:02 12728074   /home/gerardabello/.fontconfig/c86b9645a814d831761891f99ebfee5e-le32d4.cache-3
8b727000-8b728000 r--s 00000000 08:02 12728073   /home/gerardabello/.fontconfig/46ecdab28bd615fb3533d7c18f5f1210-le32d4.cache-3
8b728000-8b729000 r--s 00000000 08:02 12728072   /home/gerardabello/.fontconfig/936305f622effb71d3eb6fb83f618788-le32d4.cache-3
8b729000-8b72a000 r--s 00000000 08:02 12728046   /home/gerardabello/.fontconfig/4b3f9ae1348fd8081c8c275080ae928c-le32d4.cache-3
8b72a000-8b72b000 r--s 00000000 08:06 283641     /var/cache/fontconfig/c05880de57d1f5e948fdfacc138775d9-le32d4.cache-3
8b72b000-8b731000 r--s 00000000 08:06 283638     /var/cache/fontconfig/945677eb7aeaf62f1d50efc3fb3ec7d8-le32d4.cache-3
8b731000-8b733000 r--s 00000000 08:06 283639     /var/cache/fontconfig/99e8ed0e538f840c565b6ed5dad60d56-le32d4.cache-3
8b733000-8b736000 r--s 00000000 08:06 283649     /var/cache/fontconfig/e383d7ea5fbe662a33d9b44caf393297-le32d4.cache-3
8b736000-8b739000 r--s 00000000 08:06 283626     /var/cache/fontconfig/2cd17615ca594fa2959ae173292e504c-le32d4.cache-3
8b739000-8b73a000 r--s 00000000 08:06 283650     /var/cache/fontconfig/e7071f4a29fa870f4323321c154eba04-le32d4.cache-3
8b73a000-8b73e000 r--s 00000000 08:06 283635     /var/cache/fontconfig/6eb3985aa4124903f6ff08ba781cd364-le32d4.cache-3
8b73e000-8b73f000 r--s 00000000 08:06 283630     /var/cache/fontconfig/4c73fe0c47614734b17d736dbde7580a-le32d4.cache-3
8b73f000-8b740000 r--s 00000000 08:06 283623     /var/cache/fontconfig/0d8c3b2ac0904cb8a57a757ad11a4a08-le32d4.cache-3
8b740000-8b741000 r--s 00000000 08:06 283633     /var/cache/fontconfig/6a53c69dea097a2d716e069445527da8-le32d4.cache-3
8b741000-8b745000 r--s 00000000 08:06 283640     /var/cache/fontconfig/a755afe4a08bf5b97852ceb7400b47bc-le32d4.cache-3
8b745000-8b749000 r--s 00000000 08:06 296050     /var/cache/fontconfig/515ca1ebc4b18308bea979be5704f9db-le32d4.cache-3
8b749000-8b750000 r--s 00000000 08:06 266460     /var/cache/fontconfig/6d41288fd70b0be22e8c3a91e032eec0-le32d4.cache-3
8b750000-8b75b000 r--s 00000000 08:06 283624     /var/cache/fontconfig/0f34bcd4b6ee430af32735b75db7f02b-le32d4.cache-3
8b75b000-8b75e000 r--s 00000000 08:06 283646     /var/cache/fontconfig/d60319d88cac85ba9e1a07bd06cfbb8c-le32d4.cache-3
8b75e000-8b75f000 r--s 00000000 08:06 275818     /var/cache/fontconfig/4794a0821666d79190d59a36cb4f44b5-le32d4.cache-3
8b75f000-8b781000 r--s 00000000 08:06 281467     /var/cache/fontconfig/365b55f210c0a22e9a19e35191240f32-le32d4.cache-3
8b781000-8b78e000 r--s 00000000 08:06 283645     /var/cache/fontconfig/d52a8644073d54c13679302ca1180695-le32d4.cache-3
8b78e000-8b794000 r--s 00000000 08:06 296049     /var/cache/fontconfig/153bb866d4d26e7cd19eee2129f8d8d2-le32d4.cache-3
8b794000-8b796000 r--s 00000000 08:06 266457     /var/cache/fontconfig/e13b20fdb08344e0e664864cc2ede53d-le32d4.cache-3
8b796000-8b799000 r--s 00000000 08:06 296048     /var/cache/fontconfig/7ef2298fde41cc6eeb7af42e48b7d293-le32d4.cache-3
8b799000-8b79a000 r--s 00000000 08:02 12714186   /home/gerardabello/.fontconfig/3ff222172cf6269fd9a27600796983f5-le32d4.cache-3
8b79a000-8b79b000 r--s 00000000 08:02 12728076   /home/gerardabello/.fontconfig/6b5525953428b443e78619d83c2cb9f6-le32d4.cache-3
8b79b000-8b79c000 r--s 00000000 08:02 12728075   /home/gerardabello/.fontconfig/e02f10c48e0b1d50887b793890992243-le32d4.cache-3
8b79c000-8b79d000 r--s 00000000 08:02 12728074   /home/gerardabello/.fontconfig/c86b9645a814d831761891f99ebfee5e-le32d4.cache-3
8b79d000-8b79e000 r--s 00000000 08:02 12728073   /home/gerardabello/.fontconfig/46ecdab28bd615fb3533d7c18f5f1210-le32d4.cache-3
8b79e000-8b79f000 r--s 00000000 08:02 12728072   /home/gerardabello/.fontconfig/936305f622effb71d3eb6fb83f618788-le32d4.cache-3
8b79f000-8b7a0000 r--s 00000000 08:02 12728046   /home/gerardabello/.fontconfig/4b3f9ae1348fd8081c8c275080ae928c-le32d4.cache-3
8b7a0000-8b7a1000 r--s 00000000 08:06 283641     /var/cache/fontconfig/c05880de57d1f5e948fdfacc138775d9-le32d4.cache-3
8b7a1000-8b7a7000 r--s 00000000 08:06 283638     /var/cache/fontconfig/945677eb7aeaf62f1d50efc3fb3ec7d8-le32d4.cache-3
8b7a7000-8b7a9000 r--s 00000000 08:06 283639     /var/cache/fontconfig/99e8ed0e538f840c565b6ed5dad60d56-le32d4.cache-3
8b7a9000-8b7ac000 r--s 00000000 08:06 283649     /var/cache/fontconfig/e383d7ea5fbe662a33d9b44caf393297-le32d4.cache-3
8b7ac000-8b7af000 r--s 00000000 08:06 283626     /var/cache/fontconfig/2cd17615ca594fa2959ae173292e504c-le32d4.cache-3
8b7af000-8b7b0000 r--s 00000000 08:06 283650     /var/cache/fontconfig/e7071f4a29fa870f4323321c154eba04-le32d4.cache-3
8b7b0000-8b7b4000 r--s 00000000 08:06 283635     /var/cache/fontconfig/6eb3985aa4124903f6ff08ba781cd364-le32d4.cache-3
8b7b4000-8b7b5000 r--s 00000000 08:06 283630     /var/cache/fontconfig/4c73fe0c47614734b17d736dbde7580a-le32d4.cache-3
8b7b5000-8b7b6000 r--s 00000000 08:06 283623     /var/cache/fontconfig/0d8c3b2ac0904cb8a57a757ad11a4a08-le32d4.cache-3
8b7b6000-8b7b7000 r--s 00000000 08:06 283633     /var/cache/fontconfig/6a53c69dea097a2d716e069445527da8-le32d4.cache-3
8b7b7000-8b7bb000 r--s 00000000 08:06 283640     /var/cache/fontconfig/a755afe4a08bf5b97852ceb7400b47bc-le32d4.cache-3
8b7bb000-8b7bf000 r--s 00000000 08:06 296050     /var/cache/fontconfig/515ca1ebc4b18308bea979be5704f9db-le32d4.cache-3
8b7bf000-8b7c6000 r--s 00000000 08:06 266460     /var/cache/fontconfig/6d41288fd70b0be22e8c3a91e032eec0-le32d4.cache-3
8b7c6000-8b7d1000 r--s 00000000 08:06 283624     /var/cache/fontconfig/0f34bcd4b6ee430af32735b75db7f02b-le32d4.cache-3
8b7d1000-8b7f3000 r--s 00000000 08:06 281467     /var/cache/fontconfig/365b55f210c0a22e9a19e35191240f32-le32d4.cache-3
8b7f3000-8b800000 r--s 00000000 08:06 283645     /var/cache/fontconfig/d52a8644073d54c13679302ca1180695-le32d4.cache-3
8b800000-8b900000 rw-p 00000000 00:00 0 
8b900000-8b903000 r--s 00000000 08:06 283646     /var/cache/fontconfig/d60319d88cac85ba9e1a07bd06cfbb8c-le32d4.cache-3
8b903000-8b909000 r--s 00000000 08:06 296049     /var/cache/fontconfig/153bb866d4d26e7cd19eee2129f8d8d2-le32d4.cache-3
8b909000-8b90c000 ---p 00000000 00:00 0 
8b90c000-8b95a000 rw-p 00000000 00:00 0 
8b95a000-8b967000 r--s 000bc000 08:02 12999220   /home/gerardabello/eclipseworkspace/GoobaDesktop/libs/gdx.jar
8b967000-8b968000 ---p 00000000 00:00 0 
8b968000-8b9e8000 rw-p 00000000 00:00 0 
8b9e8000-8b9eb000 ---p 00000000 00:00 0 
8b9eb000-8ba39000 rw-p 00000000 00:00 0 
8ba39000-8ba3c000 ---p 00000000 00:00 0 
8ba3c000-8baba000 rw-p 00000000 00:00 0 
8baba000-8babd000 ---p 00000000 00:00 0 
8babd000-8bb3b000 rw-p 00000000 00:00 0 
8bb3b000-8bb3e000 ---p 00000000 00:00 0 
8bb3e000-8bb8c000 rw-p 00000000 00:00 0 
8bb8c000-8bb8d000 r--p 0043a000 08:06 396750     /usr/lib/locale/locale-archive
8bb8d000-8bbcd000 r--p 002bd000 08:06 396750     /usr/lib/locale/locale-archive
8bbcd000-8bdcd000 r--p 00000000 08:06 396750     /usr/lib/locale/locale-archive
8bdcd000-8bdd0000 ---p 00000000 00:00 0 
8bdd0000-8be1e000 rw-p 00000000 00:00 0 
8be1e000-8be21000 ---p 00000000 00:00 0 
8be21000-8be6f000 rw-p 00000000 00:00 0 
8be6f000-8c000000 r--s 037b8000 08:06 391702     /usr/lib/jvm/java-6-openjdk/jre/lib/rt.jar
8c000000-8c0ff000 rw-p 00000000 00:00 0 
8c0ff000-8c100000 ---p 00000000 00:00 0 
8c100000-8c101000 r--p 00000000 00:00 0 
8c101000-8c102000 r--s 00000000 08:06 275818     /var/cache/fontconfig/4794a0821666d79190d59a36cb4f44b5-le32d4.cache-3
8c102000-8c104000 r--s 00000000 08:06 266457     /var/cache/fontconfig/e13b20fdb08344e0e664864cc2ede53d-le32d4.cache-3
8c104000-8c107000 r--s 00000000 08:06 296048     /var/cache/fontconfig/7ef2298fde41cc6eeb7af42e48b7d293-le32d4.cache-3
8c107000-8c10a000 r--s 0007d000 08:06 391626     /usr/lib/jvm/java-6-openjdk/jre/lib/jsse.jar
8c10a000-8c112000 r--s 00090000 08:02 12999219   /home/gerardabello/eclipseworkspace/GoobaDesktop/libs/gdx-sources.jar
8c112000-8c12c000 r--s 00207000 08:02 12999222   /home/gerardabello/eclipseworkspace/GoobaDesktop/libs/gdx-backend-jogl.jar
8c12c000-8c12d000 ---p 00000000 00:00 0 
8c12d000-8c1e0000 rw-p 00000000 00:00 0 
8c1e0000-8c1e1000 ---p 00000000 00:00 0 
8c1e1000-8c261000 rw-p 00000000 00:00 0 
8c261000-8c262000 ---p 00000000 00:00 0 
8c262000-8c2e2000 rw-p 00000000 00:00 0 
8c2e2000-8c2e3000 ---p 00000000 00:00 0 
8c2e3000-8c363000 rw-p 00000000 00:00 0 
8c363000-8c364000 ---p 00000000 00:00 0 
8c364000-8c3ec000 rw-p 00000000 00:00 0 
8c3ec000-8c424000 rw-p 00000000 00:00 0 
8c424000-8c42f000 rw-p 00000000 00:00 0 
8c42f000-8c4cf000 rw-p 00000000 00:00 0 
8c4cf000-8c4d7000 rw-p 00000000 00:00 0 
8c4d7000-8c50f000 rw-p 00000000 00:00 0 
8c50f000-8c51a000 rw-p 00000000 00:00 0 
8c51a000-8c5b9000 rw-p 00000000 00:00 0 
8c5b9000-8c5c3000 rw-p 00000000 00:00 0 
8c5c3000-8c60f000 rw-p 00000000 00:00 0 
8c60f000-8d610000 rw-p 00000000 00:00 0 
8d610000-94610000 rw-p 00000000 00:00 0 
94610000-95b10000 rw-p 00000000 00:00 0 
95b10000-a9b70000 rw-p 00000000 00:00 0 
a9b70000-aadd0000 rw-p 00000000 00:00 0 
aadd0000-b4610000 rw-p 00000000 00:00 0 
b4610000-b4611000 r--s 00000000 08:02 12714186   /home/gerardabello/.fontconfig/3ff222172cf6269fd9a27600796983f5-le32d4.cache-3
b4611000-b4612000 r--s 001cd000 08:02 12999218   /home/gerardabello/eclipseworkspace/GoobaDesktop/libs/gdx-natives.jar
b4612000-b4613000 r--s 00203000 08:02 12999221   /home/gerardabello/eclipseworkspace/GoobaDesktop/libs/gdx-backend-jogl-natives.jar
b4613000-b461c000 rw-p 00000000 00:00 0 
b461c000-b46d3000 rw-p 00000000 00:00 0 
b46d3000-b4913000 rwxp 00000000 00:00 0 
b4913000-b76d3000 rw-p 00000000 00:00 0 
b76d3000-b76d6000 ---p 00000000 00:00 0 
b76d6000-b7727000 rw-p 00000000 00:00 0 
b7727000-b772f000 r--s 00066000 08:06 184157     /usr/share/java/gnome-java-bridge.jar
b772f000-b7731000 r--s 0000f000 08:06 391653     /usr/lib/jvm/java-6-openjdk/jre/lib/ext/pulse-java.jar
b7731000-b7739000 rw-s 00000000 08:06 160230     /tmp/hsperfdata_gerardabello/6579
b7739000-b773a000 rw-p 00000000 00:00 0 
b773a000-b773b000 r--p 00000000 00:00 0 
b773b000-b773d000 rw-p 00000000 00:00 0 
bfaa7000-bfac8000 rw-p 00000000 00:00 0          [stack]

VM Arguments:
jvm_args: -Dfile.encoding=UTF-8 
java_command: com.gerardas.goobaDesktop.HelloWorldDesktop
Launcher Type: SUN_STANDARD

Environment Variables:
PATH=/home/gerardabello/bin:/usr/lib/lightdm/lightdm:/usr/local/sbin:/usr/local/bin:/usr/sbin:/usr/bin:/sbin:/bin:/usr/games
USERNAME=gerardabello
LD_LIBRARY_PATH=/usr/lib/jvm/java-6-openjdk/jre/lib/i386/server:/usr/lib/jvm/java-6-openjdk/jre/lib/i386:/usr/lib/jvm/java-6-openjdk/jre/../lib/i386:/usr/lib/jvm/java-6-openjdk/jre/lib/i386/client:/usr/lib/jvm/java-6-openjdk/jre/lib/i386:
SHELL=/bin/bash
DISPLAY=:0

Signal Handlers:
SIGSEGV: [libjvm.so+0x66a530], sa_mask[0]=0x7ffbfeff, sa_flags=0x10000004
SIGBUS: [libjvm.so+0x66a530], sa_mask[0]=0x7ffbfeff, sa_flags=0x10000004
SIGFPE: [libjvm.so+0x52e2c0], sa_mask[0]=0x7ffbfeff, sa_flags=0x10000004
SIGPIPE: [libjvm.so+0x52e2c0], sa_mask[0]=0x7ffbfeff, sa_flags=0x10000004
SIGXFSZ: [libjvm.so+0x52e2c0], sa_mask[0]=0x7ffbfeff, sa_flags=0x10000004
SIGILL: [libjvm.so+0x52e2c0], sa_mask[0]=0x7ffbfeff, sa_flags=0x10000004
SIGUSR1: SIG_DFL, sa_mask[0]=0x00000000, sa_flags=0x00000000
SIGUSR2: [libjvm.so+0x52e150], sa_mask[0]=0x00000004, sa_flags=0x10000004
SIGHUP: [libjvm.so+0x5311f0], sa_mask[0]=0x7ffbfeff, sa_flags=0x10000004
SIGINT: [libjvm.so+0x5311f0], sa_mask[0]=0x7ffbfeff, sa_flags=0x10000004
SIGTERM: [libjvm.so+0x5311f0], sa_mask[0]=0x7ffbfeff, sa_flags=0x10000004
SIGQUIT: [libjvm.so+0x5311f0], sa_mask[0]=0x7ffbfeff, sa_flags=0x10000004


---------------  S Y S T E M  ---------------

OS:Ubuntu 11.10 (oneiric)
uname:Linux 3.0.0-14-generic #23-Ubuntu SMP Mon Nov 21 20:34:47 UTC 2011 i686
libc:glibc 2.13 NPTL 2.13 
rlimit: STACK 8192k, CORE 0k, NPROC 15997, NOFILE 4096, AS infinity
load average:0.25 0.23 0.22

/proc/meminfo:
MemTotal:        2061720 kB
MemFree:          135032 kB
Buffers:           19536 kB
Cached:           269924 kB
SwapCached:         7668 kB
Active:          1147444 kB
Inactive:         638260 kB
Active(anon):    1004400 kB
Inactive(anon):   502420 kB
Active(file):     143044 kB
Inactive(file):   135840 kB
Unevictable:           0 kB
Mlocked:               0 kB
HighTotal:       1187336 kB
HighFree:          15040 kB
LowTotal:         874384 kB
LowFree:          119992 kB
SwapTotal:       2310652 kB
SwapFree:        2280428 kB
Dirty:               340 kB
Writeback:             0 kB
AnonPages:       1489436 kB
Mapped:           119792 kB
Shmem:             10568 kB
Slab:              53828 kB
SReclaimable:      36528 kB
SUnreclaim:        17300 kB
KernelStack:        3744 kB
PageTables:        10376 kB
NFS_Unstable:          0 kB
Bounce:                0 kB
WritebackTmp:          0 kB
CommitLimit:     3341512 kB
Committed_AS:    3997468 kB
VmallocTotal:     122880 kB
VmallocUsed:       77224 kB
VmallocChunk:      38396 kB
HardwareCorrupted:     0 kB
AnonHugePages:         0 kB
HugePages_Total:       0
HugePages_Free:        0
HugePages_Rsvd:        0
HugePages_Surp:        0
Hugepagesize:       4096 kB
DirectMap4k:      126968 kB
DirectMap4M:      782336 kB


CPU:total 4 (4 cores per cpu, 1 threads per core) family 6 model 15 stepping 11, cmov, cx8, fxsr, mmx, sse, sse2, sse3, ssse3

Memory: 4k page, physical 2061720k(134908k free), swap 2310652k(2280428k free)

vm_info: OpenJDK Server VM (20.0-b11) for linux-x86 JRE (1.6.0_23-b23), built on Oct 22 2011 01:02:34 by "buildd" with gcc 4.6.1

time: Tue Jan  3 18:47:22 2012
elapsed time: 69 seconds

