#
# A fatal error has been detected by the Java Runtime Environment:
#
#  SIGBUS (0x7) at pc=0x006f7818, pid=4806, tid=2340891504
#
# JRE version: 6.0_23-b23
# Java VM: OpenJDK Server VM (20.0-b11 mixed mode linux-x86 )
# Derivative: IcedTea6 1.11pre
# Distribution: Ubuntu 11.10, package 6b23~pre11-0ubuntu1.11.10
# Problematic frame:
# 
[error occurred during error reporting (printing problematic frame), id 0x7]

# If you would like to submit a bug report, please include
# instructions how to reproduce the bug and visit:
#   https://bugs.launchpad.net/ubuntu/+source/openjdk-6/
# The crash happened outside the Java Virtual Machine in native code.
# See problematic frame for where to report the bug.
#

---------------  T H R E A D  ---------------

Current thread (0x085a1c00):  JavaThread "AWT-EventQueue-0" [_thread_in_native, id=4832, stack(0x8b822000,0x8b873000)]

siginfo:si_signo=SIGBUS: si_errno=0, si_code=2 (BUS_ADRERR), si_addr=0x00774380

Registers:
EAX=0xaa4e418c, EBX=0x00773ff4, ECX=0x000008c0, EDX=0x08a4a000
ESP=0x8b8712fc, EBP=0x8b871338, ESI=0x085a1d20, EDI=0xaa4e418c
EIP=0x006f7818, EFLAGS=0x00210206, CR2=0x00774380

Top of Stack: (sp=0x8b8712fc)
0x8b8712fc:   006f9a2f 08a4a000 aa4e418c 000008c0
0x8b87130c:   013427fa 017ebff4 017ebff4 aa4e55fc
0x8b87131c:   08a4a000 00000de1 00000002 86457000
0x8b87132c:   8d14dfd0 8d14dfd0 085a1c00 8b871384
0x8b87133c:   b477d64a 085a1d20 8b87138c 8b8713a0
0x8b87134c:   8b87139c 00000230 00000000 85cbf9d0
0x8b87135c:   00000000 00c8d588 8b871364 00000000
0x8b87136c:   8b8713a0 8d14eba0 00000000 8d14dfd0 

Instructions: (pc=0x006f7818)
0x006f77f8:   ff a3 84 03 00 00 68 f0 06 00 00 e9 00 f2 ff ff
0x006f7808:   ff a3 88 03 00 00 68 f8 06 00 00 e9 f0 f1 ff ff
0x006f7818:   ff a3 8c 03 00 00 68 00 07 00 00 e9 e0 f1 ff ff
0x006f7828:   ff a3 90 03 00 00 68 08 07 00 00 e9 d0 f1 ff ff 

Register to memory mapping:

EAX=0xaa4e418c is an unknown value
EBX=
[error occurred during error reporting (printing register info), id 0x7]

Stack: [0x8b822000,0x8b873000],  sp=0x8b8712fc,  free space=316k
Native frames: (J=compiled Java code, j=interpreted, Vv=VM code, C=native code)

[error occurred during error reporting (printing native stack), id 0x7]

Java frames: (J=compiled Java code, j=interpreted, Vv=VM code)
j  com.badlogic.gdx.utils.BufferUtils.copyJni([FLjava/nio/Buffer;II)V+0
j  com.badlogic.gdx.utils.BufferUtils.copy([FLjava/nio/Buffer;II)V+4
j  com.badlogic.gdx.graphics.glutils.VertexArray.setVertices([FII)V+7
j  com.badlogic.gdx.graphics.Mesh.setVertices([FII)V+7
j  com.badlogic.gdx.graphics.g2d.SpriteBatch.renderMesh()V+59
J  com.gerardas.goobaDesktop.HelloWorld.draw_grass()V
j  com.gerardas.goobaDesktop.HelloWorld.render(F)V+380
j  com.gerardas.goobaDesktop.Main.render()V+10
j  com.badlogic.gdx.backends.jogl.JoglGraphics.display(Ljavax/media/opengl/GLAutoDrawable;)V+114
j  com.sun.opengl.impl.GLDrawableHelper.display(Ljavax/media/opengl/GLAutoDrawable;)V+29
j  javax.media.opengl.GLCanvas$DisplayAction.run()V+80
j  com.sun.opengl.impl.GLDrawableHelper.invokeGL(Ljavax/media/opengl/GLDrawable;Ljavax/media/opengl/GLContext;Ljava/lang/Runnable;Ljava/lang/Runnable;)V+418
j  javax.media.opengl.GLCanvas$DisplayOnEventDispatchThreadAction.run()V+35
j  java.awt.event.InvocationEvent.dispatch()V+11
j  java.awt.EventQueue.dispatchEventImpl(Ljava/awt/AWTEvent;Ljava/lang/Object;)V+21
j  java.awt.EventQueue.access$000(Ljava/awt/EventQueue;Ljava/awt/AWTEvent;Ljava/lang/Object;)V+3
j  java.awt.EventQueue$1.run()Ljava/lang/Void;+12
j  java.awt.EventQueue$1.run()Ljava/lang/Object;+1
v  ~StubRoutines::call_stub
j  java.security.AccessController.doPrivileged(Ljava/security/PrivilegedAction;Ljava/security/AccessControlContext;)Ljava/lang/Object;+0
j  java.security.AccessControlContext$1.doIntersectionPrivilege(Ljava/security/PrivilegedAction;Ljava/security/AccessControlContext;Ljava/security/AccessControlContext;)Ljava/lang/Object;+28
j  java.awt.EventQueue.dispatchEvent(Ljava/awt/AWTEvent;)V+46
j  java.awt.EventDispatchThread.pumpOneEventForFilters(I)Z+192
j  java.awt.EventDispatchThread.pumpEventsForFilter(ILjava/awt/Conditional;Ljava/awt/EventFilter;)V+30
j  java.awt.EventDispatchThread.pumpEventsForHierarchy(ILjava/awt/Conditional;Ljava/awt/Component;)V+11
j  java.awt.EventDispatchThread.pumpEvents(ILjava/awt/Conditional;)V+4
j  java.awt.EventDispatchThread.pumpEvents(Ljava/awt/Conditional;)V+3
j  java.awt.EventDispatchThread.run()V+9
v  ~StubRoutines::call_stub

---------------  P R O C E S S  ---------------

Java Threads: ( => current thread )
  0x083ea400 JavaThread "DestroyJavaVM" [_thread_blocked, id=4809, stack(0xb7773000,0xb77c4000)]
  0x086a4800 JavaThread "Thread-1" [_thread_blocked, id=4836, stack(0x864ac000,0x864fd000)]
=>0x085a1c00 JavaThread "AWT-EventQueue-0" [_thread_in_native, id=4832, stack(0x8b822000,0x8b873000)]
  0x085a0800 JavaThread "AWT-Shutdown" [_thread_blocked, id=4831, stack(0x8b873000,0x8b8c4000)]
  0x0870ac00 JavaThread "AWT-XAWT" daemon [_thread_blocked, id=4826, stack(0x8b6a8000,0x8b6f9000)]
  0x8ba41800 JavaThread "Java2D Disposer" daemon [_thread_blocked, id=4825, stack(0x8b9af000,0x8ba00000)]
  0x084b1000 JavaThread "Low Memory Detector" daemon [_thread_blocked, id=4823, stack(0x8bbb4000,0x8bc05000)]
  0x084adc00 JavaThread "C2 CompilerThread1" daemon [_thread_blocked, id=4822, stack(0x8bc05000,0x8bc86000)]
  0x084ab800 JavaThread "C2 CompilerThread0" daemon [_thread_blocked, id=4821, stack(0x8bc86000,0x8bd07000)]
  0x084aa000 JavaThread "Signal Dispatcher" daemon [_thread_blocked, id=4820, stack(0x8bd07000,0x8bd58000)]
  0x08497400 JavaThread "Finalizer" daemon [_thread_blocked, id=4819, stack(0x8bf99000,0x8bfea000)]
  0x08495c00 JavaThread "Reference Handler" daemon [_thread_blocked, id=4818, stack(0x8bfea000,0x8c03b000)]

Other Threads:
  0x08492000 VMThread [stack: 0x8c03b000,0x8c0bc000] [id=4817]
  0x084b2c00 WatcherThread [stack: 0x8bb33000,0x8bbb4000] [id=4824]

VM state:not at safepoint (normal execution)

VM Mutex/Monitor currently owned by a thread: None

Heap
 PSYoungGen      total 9216K, used 3934K [0xa9c10000, 0xaa840000, 0xb46b0000)
  eden space 7872K, 36% used [0xa9c10000,0xa9ed8610,0xaa3c0000)
  from space 1344K, 80% used [0xaa3f0000,0xaa4ff4e8,0xaa540000)
  to   space 2304K, 0% used [0xaa600000,0xaa600000,0xaa840000)
 PSOldGen        total 21504K, used 1250K [0x946b0000, 0x95bb0000, 0xa9c10000)
  object space 21504K, 5% used [0x946b0000,0x947e8b80,0x95bb0000)
 PSPermGen       total 16384K, used 13561K [0x8c6b0000, 0x8d6b0000, 0x946b0000)
  object space 16384K, 82% used [0x8c6b0000,0x8d3ee658,0x8d6b0000)

Code Cache  [0xb4773000, 0xb49b3000, 0xb7773000)
 total_blobs=517 nmethods=127 adapters=344 free_code_cache=49549888 largest_free_block=8832

Dynamic libraries:
00110000-00138000 r-xp 00000000 08:06 261579     /lib/i386-linux-gnu/libm-2.13.so
00138000-00139000 r--p 00028000 08:06 261579     /lib/i386-linux-gnu/libm-2.13.so
00139000-0013a000 rw-p 00029000 08:06 261579     /lib/i386-linux-gnu/libm-2.13.so
0013a000-00144000 r-xp 00000000 08:06 261594     /lib/i386-linux-gnu/libnss_nis-2.13.so
00144000-00145000 r--p 00009000 08:06 261594     /lib/i386-linux-gnu/libnss_nis-2.13.so
00145000-00146000 rw-p 0000a000 08:06 261594     /lib/i386-linux-gnu/libnss_nis-2.13.so
00146000-00148000 r-xp 00000000 08:06 395288     /usr/lib/i386-linux-gnu/libXau.so.6.0.0
00148000-00149000 r--p 00001000 08:06 395288     /usr/lib/i386-linux-gnu/libXau.so.6.0.0
00149000-0014a000 rw-p 00002000 08:06 395288     /usr/lib/i386-linux-gnu/libXau.so.6.0.0
0014a000-00152000 r-xp 00000000 08:06 261586     /lib/i386-linux-gnu/libnss_compat-2.13.so
00152000-00153000 r--p 00007000 08:06 261586     /lib/i386-linux-gnu/libnss_compat-2.13.so
00153000-00154000 rw-p 00008000 08:06 261586     /lib/i386-linux-gnu/libnss_compat-2.13.so
00154000-0015b000 r-xp 00000000 08:06 391673     /usr/lib/jvm/java-6-openjdk/jre/lib/i386/libzip.so
0015b000-0015c000 r--p 00006000 08:06 391673     /usr/lib/jvm/java-6-openjdk/jre/lib/i386/libzip.so
0015c000-0015d000 rw-p 00007000 08:06 391673     /usr/lib/jvm/java-6-openjdk/jre/lib/i386/libzip.so
0015d000-00166000 r-xp 00000000 08:06 395310     /usr/lib/i386-linux-gnu/libXrender.so.1.3.0
00166000-00167000 r--p 00008000 08:06 395310     /usr/lib/i386-linux-gnu/libXrender.so.1.3.0
00167000-00168000 rw-p 00009000 08:06 395310     /usr/lib/i386-linux-gnu/libXrender.so.1.3.0
00168000-00176000 r-xp 00000000 08:06 395304     /usr/lib/i386-linux-gnu/libXi.so.6.1.0
00176000-00177000 r--p 0000d000 08:06 395304     /usr/lib/i386-linux-gnu/libXi.so.6.1.0
00177000-00178000 rw-p 0000e000 08:06 395304     /usr/lib/i386-linux-gnu/libXi.so.6.1.0
00178000-00195000 r-xp 00000000 08:06 395584     /usr/lib/i386-linux-gnu/libxcb.so.1.1.0
00195000-00196000 r--p 0001c000 08:06 395584     /usr/lib/i386-linux-gnu/libxcb.so.1.1.0
00196000-00197000 rw-p 0001d000 08:06 395584     /usr/lib/i386-linux-gnu/libxcb.so.1.1.0
00197000-0019b000 r-xp 00000000 08:06 395300     /usr/lib/i386-linux-gnu/libXfixes.so.3.1.0
0019b000-0019c000 r--p 00003000 08:06 395300     /usr/lib/i386-linux-gnu/libXfixes.so.3.1.0
0019c000-0019d000 rw-p 00004000 08:06 395300     /usr/lib/i386-linux-gnu/libXfixes.so.3.1.0
0019d000-0019e000 r-xp 00000000 08:06 208246     /tmp/libgdx/3111846100/libgluegen-rt-linux32.so
0019e000-0019f000 rw-p 00000000 08:06 208246     /tmp/libgdx/3111846100/libgluegen-rt-linux32.so
0019f000-001a0000 r-xp 00000000 08:06 208397     /tmp/libgdx/3111846100/libjogl_awt-linux32.so
001a0000-001a1000 rw-p 00000000 08:06 208397     /tmp/libgdx/3111846100/libjogl_awt-linux32.so
001a1000-001a5000 r-xp 00000000 08:06 395316     /usr/lib/i386-linux-gnu/libXxf86vm.so.1.0.0
001a5000-001a6000 r--p 00003000 08:06 395316     /usr/lib/i386-linux-gnu/libXxf86vm.so.1.0.0
001a6000-001a7000 rw-p 00004000 08:06 395316     /usr/lib/i386-linux-gnu/libXxf86vm.so.1.0.0
001a7000-001a9000 r-xp 00000000 08:06 394491     /usr/lib/nvidia-current/tls/libnvidia-tls.so.280.13
001a9000-001aa000 rw-p 00001000 08:06 394491     /usr/lib/nvidia-current/tls/libnvidia-tls.so.280.13
001aa000-001b1000 r-xp 00000000 08:06 395308     /usr/lib/i386-linux-gnu/libXrandr.so.2.2.0
001b1000-001b2000 r--p 00006000 08:06 395308     /usr/lib/i386-linux-gnu/libXrandr.so.2.2.0
001b2000-001b3000 rw-p 00007000 08:06 395308     /usr/lib/i386-linux-gnu/libXrandr.so.2.2.0
001b3000-001b9000 r-xp 00000000 08:06 395445     /usr/lib/i386-linux-gnu/libjson.so.0.0.1
001b9000-001ba000 r--p 00005000 08:06 395445     /usr/lib/i386-linux-gnu/libjson.so.0.0.1
001ba000-001bb000 rw-p 00006000 08:06 395445     /usr/lib/i386-linux-gnu/libjson.so.0.0.1
001bc000-001bd000 r-xp 00000000 00:00 0          [vdso]
001bd000-0029b000 r-xp 00000000 08:06 395551     /usr/lib/i386-linux-gnu/libstdc++.so.6.0.16
0029b000-0029c000 ---p 000de000 08:06 395551     /usr/lib/i386-linux-gnu/libstdc++.so.6.0.16
0029c000-002a0000 r--p 000de000 08:06 395551     /usr/lib/i386-linux-gnu/libstdc++.so.6.0.16
002a0000-002a1000 rw-p 000e2000 08:06 395551     /usr/lib/i386-linux-gnu/libstdc++.so.6.0.16
002a1000-002a8000 rw-p 00000000 00:00 0 
002a8000-002e2000 r-xp 00000000 08:06 391701     /usr/lib/jvm/java-6-openjdk/jre/lib/i386/libfontmanager.so
002e2000-002e3000 r--p 00039000 08:06 391701     /usr/lib/jvm/java-6-openjdk/jre/lib/i386/libfontmanager.so
002e3000-002e4000 rw-p 0003a000 08:06 391701     /usr/lib/jvm/java-6-openjdk/jre/lib/i386/libfontmanager.so
002e4000-002ec000 r-xp 00000000 08:06 261630     /lib/i386-linux-gnu/libwrap.so.0.7.6
002ec000-002ed000 r--p 00007000 08:06 261630     /lib/i386-linux-gnu/libwrap.so.0.7.6
002ed000-002ee000 rw-p 00008000 08:06 261630     /lib/i386-linux-gnu/libwrap.so.0.7.6
002ee000-002f3000 r-xp 00000000 08:06 395322     /usr/lib/i386-linux-gnu/libasyncns.so.0.3.1
002f3000-002f4000 r--p 00004000 08:06 395322     /usr/lib/i386-linux-gnu/libasyncns.so.0.3.1
002f4000-002f5000 rw-p 00005000 08:06 395322     /usr/lib/i386-linux-gnu/libasyncns.so.0.3.1
002f5000-002f7000 r-xs 00000000 08:06 133288     /tmp/gl1nvOlr (deleted)
002f7000-0030c000 r-xp 00000000 08:06 261584     /lib/i386-linux-gnu/libnsl-2.13.so
0030c000-0030d000 r--p 00015000 08:06 261584     /lib/i386-linux-gnu/libnsl-2.13.so
0030d000-0030e000 rw-p 00016000 08:06 261584     /lib/i386-linux-gnu/libnsl-2.13.so
0030e000-00310000 rw-p 00000000 00:00 0 
00310000-00351000 r-xp 00000000 08:06 208399     /tmp/libgdx/3111846100/libopenal.so
00351000-00352000 r--p 00040000 08:06 208399     /tmp/libgdx/3111846100/libopenal.so
00352000-00353000 rw-p 00041000 08:06 208399     /tmp/libgdx/3111846100/libopenal.so
00359000-003a5000 r-xp 00000000 08:06 391718     /usr/lib/jvm/java-6-openjdk/jre/lib/i386/xawt/libmawt.so
003a5000-003a6000 r--p 0004b000 08:06 391718     /usr/lib/jvm/java-6-openjdk/jre/lib/i386/xawt/libmawt.so
003a6000-003a8000 rw-p 0004c000 08:06 391718     /usr/lib/jvm/java-6-openjdk/jre/lib/i386/xawt/libmawt.so
003a8000-003a9000 rw-p 00000000 00:00 0 
003a9000-0043b000 r-xp 00000000 08:06 398229     /usr/lib/i386-linux-gnu/libfreetype.so.6.6.2
0043b000-0043f000 r--p 00091000 08:06 398229     /usr/lib/i386-linux-gnu/libfreetype.so.6.6.2
0043f000-00440000 rw-p 00095000 08:06 398229     /usr/lib/i386-linux-gnu/libfreetype.so.6.6.2
00440000-0048c000 r-xp 00000000 08:06 425591     /usr/lib/i386-linux-gnu/libpulse.so.0.13.4
0048c000-0048d000 r--p 0004b000 08:06 425591     /usr/lib/i386-linux-gnu/libpulse.so.0.13.4
0048d000-0048e000 rw-p 0004c000 08:06 425591     /usr/lib/i386-linux-gnu/libpulse.so.0.13.4
0048e000-00494000 r-xp 00000000 08:06 395488     /usr/lib/i386-linux-gnu/libogg.so.0.7.1
00494000-00495000 r--p 00005000 08:06 395488     /usr/lib/i386-linux-gnu/libogg.so.0.7.1
00495000-00496000 rw-p 00006000 08:06 395488     /usr/lib/i386-linux-gnu/libogg.so.0.7.1
00499000-004a4000 r-xp 00000000 08:06 391691     /usr/lib/jvm/java-6-openjdk/jre/lib/i386/libverify.so
004a4000-004a5000 ---p 0000b000 08:06 391691     /usr/lib/jvm/java-6-openjdk/jre/lib/i386/libverify.so
004a5000-004a6000 r--p 0000b000 08:06 391691     /usr/lib/jvm/java-6-openjdk/jre/lib/i386/libverify.so
004a6000-004a7000 rw-p 0000c000 08:06 391691     /usr/lib/jvm/java-6-openjdk/jre/lib/i386/libverify.so
004a7000-004ee000 r-xp 00000000 08:06 261559     /lib/i386-linux-gnu/libdbus-1.so.3.5.7
004ee000-004ef000 r--p 00046000 08:06 261559     /lib/i386-linux-gnu/libdbus-1.so.3.5.7
004ef000-004f0000 rw-p 00047000 08:06 261559     /lib/i386-linux-gnu/libdbus-1.so.3.5.7
00504000-0050f000 r-xp 00000000 08:06 261590     /lib/i386-linux-gnu/libnss_files-2.13.so
0050f000-00510000 r--p 0000a000 08:06 261590     /lib/i386-linux-gnu/libnss_files-2.13.so
00510000-00511000 rw-p 0000b000 08:06 261590     /lib/i386-linux-gnu/libnss_files-2.13.so
00511000-00642000 r-xp 00000000 08:06 395286     /usr/lib/i386-linux-gnu/libX11.so.6.3.0
00642000-00643000 ---p 00131000 08:06 395286     /usr/lib/i386-linux-gnu/libX11.so.6.3.0
00643000-00644000 r--p 00131000 08:06 395286     /usr/lib/i386-linux-gnu/libX11.so.6.3.0
00644000-00646000 rw-p 00132000 08:06 395286     /usr/lib/i386-linux-gnu/libX11.so.6.3.0
00646000-00647000 rw-p 00000000 00:00 0 
00647000-00670000 r-xp 00000000 08:06 395570     /usr/lib/i386-linux-gnu/libvorbis.so.0.4.5
00670000-00671000 r--p 00028000 08:06 395570     /usr/lib/i386-linux-gnu/libvorbis.so.0.4.5
00671000-00672000 rw-p 00029000 08:06 395570     /usr/lib/i386-linux-gnu/libvorbis.so.0.4.5
00672000-00685000 r-xp 00000000 08:06 261611     /lib/i386-linux-gnu/libresolv-2.13.so
00685000-00686000 r--p 00012000 08:06 261611     /lib/i386-linux-gnu/libresolv-2.13.so
00686000-00687000 rw-p 00013000 08:06 261611     /lib/i386-linux-gnu/libresolv-2.13.so
00687000-00689000 rw-p 00000000 00:00 0 
00691000-006a2000 r-xp 00000000 08:06 395298     /usr/lib/i386-linux-gnu/libXext.so.6.4.0
006a2000-006a3000 r--p 00010000 08:06 395298     /usr/lib/i386-linux-gnu/libXext.so.6.4.0
006a3000-006a4000 rw-p 00011000 08:06 395298     /usr/lib/i386-linux-gnu/libXext.so.6.4.0
006d8000-006dd000 r-xp 00000000 08:06 392848     /usr/lib/libXtst.so.6.1.0
006dd000-006de000 r--p 00004000 08:06 392848     /usr/lib/libXtst.so.6.1.0
006de000-006df000 rw-p 00005000 08:06 392848     /usr/lib/libXtst.so.6.1.0
006df000-00772000 r-xp 00000000 08:06 142891     /tmp/libgdx/3111846100/libgdx.so
00772000-00773000 ---p 00093000 08:06 142891     /tmp/libgdx/3111846100/libgdx.so
00773000-00774000 r--p 00093000 08:06 142891     /tmp/libgdx/3111846100/libgdx.so
00774000-00775000 rw-p 00094000 08:06 142891     /tmp/libgdx/3111846100/libgdx.so
00775000-00778000 rw-p 00000000 00:00 0 
007a4000-0091a000 r-xp 00000000 08:06 261549     /lib/i386-linux-gnu/libc-2.13.so
0091a000-0091c000 r--p 00176000 08:06 261549     /lib/i386-linux-gnu/libc-2.13.so
0091c000-0091d000 rw-p 00178000 08:06 261549     /lib/i386-linux-gnu/libc-2.13.so
0091d000-00920000 rw-p 00000000 00:00 0 
0093e000-00951000 r-xp 00000000 08:06 261632     /lib/i386-linux-gnu/libz.so.1.2.3.4
00951000-00952000 r--p 00012000 08:06 261632     /lib/i386-linux-gnu/libz.so.1.2.3.4
00952000-00953000 rw-p 00013000 08:06 261632     /lib/i386-linux-gnu/libz.so.1.2.3.4
0096d000-00993000 r-xp 00000000 08:06 391663     /usr/lib/jvm/java-6-openjdk/jre/lib/i386/libjava.so
00993000-00994000 r--p 00025000 08:06 391663     /usr/lib/jvm/java-6-openjdk/jre/lib/i386/libjava.so
00994000-00996000 rw-p 00026000 08:06 391663     /usr/lib/jvm/java-6-openjdk/jre/lib/i386/libjava.so
009b0000-009b7000 r-xp 00000000 08:06 261613     /lib/i386-linux-gnu/librt-2.13.so
009b7000-009b8000 r--p 00006000 08:06 261613     /lib/i386-linux-gnu/librt-2.13.so
009b8000-009b9000 rw-p 00007000 08:06 261613     /lib/i386-linux-gnu/librt-2.13.so
009de000-009e1000 r-xp 00000000 08:06 261560     /lib/i386-linux-gnu/libdl-2.13.so
009e1000-009e2000 r--p 00002000 08:06 261560     /lib/i386-linux-gnu/libdl-2.13.so
009e2000-009e3000 rw-p 00003000 08:06 261560     /lib/i386-linux-gnu/libdl-2.13.so
009e3000-00a41000 r-xp 00000000 08:06 208400     /tmp/libgdx/3111846100/liblwjgl.so
00a41000-00a42000 ---p 0005e000 08:06 208400     /tmp/libgdx/3111846100/liblwjgl.so
00a42000-00a43000 r--p 0005e000 08:06 208400     /tmp/libgdx/3111846100/liblwjgl.so
00a43000-00a44000 rw-p 0005f000 08:06 208400     /tmp/libgdx/3111846100/liblwjgl.so
00a44000-00a90000 r-xp 00000000 08:06 395239     /usr/lib/i386-linux-gnu/libFLAC.so.8.2.0
00a90000-00a91000 r--p 0004b000 08:06 395239     /usr/lib/i386-linux-gnu/libFLAC.so.8.2.0
00a91000-00a92000 rw-p 0004c000 08:06 395239     /usr/lib/i386-linux-gnu/libFLAC.so.8.2.0
00a94000-00ab0000 r-xp 00000000 08:06 261570     /lib/i386-linux-gnu/libgcc_s.so.1
00ab0000-00ab1000 r--p 0001b000 08:06 261570     /lib/i386-linux-gnu/libgcc_s.so.1
00ab1000-00ab2000 rw-p 0001c000 08:06 261570     /lib/i386-linux-gnu/libgcc_s.so.1
00ab2000-00b15000 r-xp 00000000 08:06 428873     /usr/lib/i386-linux-gnu/libpulsecommon-1.0.so
00b15000-00b16000 r--p 00062000 08:06 428873     /usr/lib/i386-linux-gnu/libpulsecommon-1.0.so
00b16000-00b17000 rw-p 00063000 08:06 428873     /usr/lib/i386-linux-gnu/libpulsecommon-1.0.so
00b30000-00b47000 r-xp 00000000 08:06 261609     /lib/i386-linux-gnu/libpthread-2.13.so
00b47000-00b48000 r--p 00016000 08:06 261609     /lib/i386-linux-gnu/libpthread-2.13.so
00b48000-00b49000 rw-p 00017000 08:06 261609     /lib/i386-linux-gnu/libpthread-2.13.so
00b49000-00b4b000 rw-p 00000000 00:00 0 
00bab000-00bb0000 r-xp 00000000 08:06 395296     /usr/lib/i386-linux-gnu/libXdmcp.so.6.0.0
00bb0000-00bb1000 r--p 00004000 08:06 395296     /usr/lib/i386-linux-gnu/libXdmcp.so.6.0.0
00bb1000-00bb2000 rw-p 00005000 08:06 395296     /usr/lib/i386-linux-gnu/libXdmcp.so.6.0.0
00bb2000-00c8d000 r-xp 00000000 08:06 208398     /tmp/libgdx/3111846100/libjogl-linux32.so
00c8d000-00c8e000 rw-p 000da000 08:06 208398     /tmp/libgdx/3111846100/libjogl-linux32.so
00caf000-00cb3000 r-xp 00000000 08:06 391676     /usr/lib/jvm/java-6-openjdk/jre/lib/i386/jli/libjli.so
00cb3000-00cb4000 r--p 00003000 08:06 391676     /usr/lib/jvm/java-6-openjdk/jre/lib/i386/jli/libjli.so
00cb4000-00cb5000 rw-p 00004000 08:06 391676     /usr/lib/jvm/java-6-openjdk/jre/lib/i386/jli/libjli.so
00cde000-00cdf000 r-xp 00000000 08:06 391675     /usr/lib/jvm/java-6-openjdk/jre/lib/i386/libjawt.so
00cdf000-00ce0000 r--p 00000000 08:06 391675     /usr/lib/jvm/java-6-openjdk/jre/lib/i386/libjawt.so
00ce0000-00ce1000 rw-p 00001000 08:06 391675     /usr/lib/jvm/java-6-openjdk/jre/lib/i386/libjawt.so
00d0a000-00dae000 r-xp 00000000 08:06 394492     /usr/lib/nvidia-current/libGL.so.280.13
00dae000-00dcd000 rwxp 000a3000 08:06 394492     /usr/lib/nvidia-current/libGL.so.280.13
00dcd000-00ddc000 rwxp 00000000 00:00 0 
00de0000-00e73000 r-xp 00000000 08:06 391671     /usr/lib/jvm/java-6-openjdk/jre/lib/i386/libawt.so
00e73000-00e74000 r--p 00092000 08:06 391671     /usr/lib/jvm/java-6-openjdk/jre/lib/i386/libawt.so
00e74000-00e7b000 rw-p 00093000 08:06 391671     /usr/lib/jvm/java-6-openjdk/jre/lib/i386/libawt.so
00e7b000-00e9f000 rw-p 00000000 00:00 0 
00e9f000-00f0a000 r-xp 00000000 08:06 395540     /usr/lib/i386-linux-gnu/libsndfile.so.1.0.24
00f0a000-00f0b000 r--p 0006b000 08:06 395540     /usr/lib/i386-linux-gnu/libsndfile.so.1.0.24
00f0b000-00f0c000 rw-p 0006c000 08:06 395540     /usr/lib/i386-linux-gnu/libsndfile.so.1.0.24
00f0c000-00f10000 rw-p 00000000 00:00 0 
00f21000-00f2a000 r-xp 00000000 08:06 395292     /usr/lib/i386-linux-gnu/libXcursor.so.1.0.2
00f2a000-00f2b000 r--p 00008000 08:06 395292     /usr/lib/i386-linux-gnu/libXcursor.so.1.0.2
00f2b000-00f2c000 rw-p 00009000 08:06 395292     /usr/lib/i386-linux-gnu/libXcursor.so.1.0.2
00f69000-00f87000 r-xp 00000000 08:06 261536     /lib/i386-linux-gnu/ld-2.13.so
00f87000-00f88000 r--p 0001d000 08:06 261536     /lib/i386-linux-gnu/ld-2.13.so
00f88000-00f89000 rw-p 0001e000 08:06 261536     /lib/i386-linux-gnu/ld-2.13.so
00f89000-017a7000 r-xp 00000000 08:06 391683     /usr/lib/jvm/java-6-openjdk/jre/lib/i386/server/libjvm.so
017a7000-017ec000 r--p 0081e000 08:06 391683     /usr/lib/jvm/java-6-openjdk/jre/lib/i386/server/libjvm.so
017ec000-017fb000 rw-p 00863000 08:06 391683     /usr/lib/jvm/java-6-openjdk/jre/lib/i386/server/libjvm.so
017fb000-01c15000 rw-p 00000000 00:00 0 
03a33000-03b99000 r-xp 00000000 08:06 395572     /usr/lib/i386-linux-gnu/libvorbisenc.so.2.0.8
03b99000-03baa000 r--p 00165000 08:06 395572     /usr/lib/i386-linux-gnu/libvorbisenc.so.2.0.8
03baa000-03bab000 rw-p 00176000 08:06 395572     /usr/lib/i386-linux-gnu/libvorbisenc.so.2.0.8
0642a000-07cca000 r-xp 00000000 08:06 397437     /usr/lib/nvidia-current/libnvidia-glcore.so.280.13
07cca000-07d28000 rwxp 018a0000 08:06 397437     /usr/lib/nvidia-current/libnvidia-glcore.so.280.13
07d28000-07d3b000 rwxp 00000000 00:00 0 
08048000-08051000 r-xp 00000000 08:06 390933     /usr/lib/jvm/java-6-openjdk/jre/bin/java
08051000-08052000 r--p 00008000 08:06 390933     /usr/lib/jvm/java-6-openjdk/jre/bin/java
08052000-08053000 rw-p 00009000 08:06 390933     /usr/lib/jvm/java-6-openjdk/jre/bin/java
083e3000-08e0a000 rw-p 00000000 00:00 0          [heap]
82ffd000-833ff000 rw-p 00000000 00:00 0 
83600000-83a01000 rw-p 00000000 00:00 0 
83b00000-83bfd000 rw-p 00000000 00:00 0 
83bfd000-83c00000 ---p 00000000 00:00 0 
83c01000-84203000 rw-p 00000000 00:00 0 
84402000-84503000 rw-p 00000000 00:00 0 
84604000-84a05000 rw-p 00000000 00:00 0 
84b03000-84d05000 rw-p 00000000 00:00 0 
84d06000-84e06000 rw-s 33ef1000 00:05 5879       /dev/nvidia0
84e06000-84f07000 rw-p 00000000 00:00 0 
84f08000-85008000 rw-s 334b5000 00:05 5879       /dev/nvidia0
85008000-85209000 rw-p 00000000 00:00 0 
8520a000-8530a000 rw-s 2f9d6000 00:05 5879       /dev/nvidia0
8530a000-8540a000 rw-s 36ae7000 00:05 5879       /dev/nvidia0
85600000-856ff000 rw-p 00000000 00:00 0 
856ff000-85700000 ---p 00000000 00:00 0 
85760000-85870000 rw-p 00000000 00:00 0 
8587f000-85900000 rw-p 00000000 00:00 0 
85900000-859f9000 rw-p 00000000 00:00 0 
859f9000-85a00000 ---p 00000000 00:00 0 
85a0a000-85c00000 rw-p 00000000 00:00 0 
85c00000-85d00000 rw-p 00000000 00:00 0 
85e14000-85f8b000 rw-s 00000000 00:04 2981889    /SYSV00000000 (deleted)
85f8b000-8604d000 rw-p 00000000 00:00 0 
86110000-86112000 rw-s 00000000 08:06 133288     /tmp/gl1nvOlr (deleted)
86112000-86312000 rw-s 2e17d000 00:05 5879       /dev/nvidia0
86312000-86412000 rw-s 2eae3000 00:05 5879       /dev/nvidia0
86412000-86416000 rw-s 32ace000 00:05 5879       /dev/nvidia0
86416000-86417000 rw-s fdc08000 00:05 5879       /dev/nvidia0
86417000-86457000 rw-s 33055000 00:05 5879       /dev/nvidia0
86457000-864ac000 rw-p 00000000 00:00 0 
864ac000-864af000 ---p 00000000 00:00 0 
864af000-864fd000 rw-p 00000000 00:00 0 
864fd000-864fe000 ---p 00000000 00:00 0 
864fe000-86cfe000 rw-p 00000000 00:00 0 
86cfe000-8acff000 rw-s 00000000 00:12 28638      /run/shm/pulse-shm-2640714426
8acff000-8ad00000 ---p 00000000 00:00 0 
8ad00000-8b500000 rw-p 00000000 00:00 0 
8b500000-8b5f5000 rw-p 00000000 00:00 0 
8b5f5000-8b600000 ---p 00000000 00:00 0 
8b601000-8b602000 rw-s c0005000 00:05 5879       /dev/nvidia0
8b602000-8b603000 rw-s 32ee5000 00:05 5879       /dev/nvidia0
8b603000-8b607000 rw-s 371d8000 00:05 5879       /dev/nvidia0
8b627000-8b628000 rw-s fd641000 00:05 5879       /dev/nvidia0
8b628000-8b629000 rw-s 31afa000 00:05 5879       /dev/nvidia0
8b629000-8b62a000 rw-s 33645000 00:05 5879       /dev/nvidia0
8b62a000-8b62b000 rw-s fd060000 00:05 5879       /dev/nvidia0
8b62b000-8b6a8000 rw-p 00000000 00:00 0 
8b6a8000-8b6ab000 ---p 00000000 00:00 0 
8b6ab000-8b6f9000 rw-p 00000000 00:00 0 
8b6f9000-8b700000 r--s 000fb000 08:06 391659     /usr/lib/jvm/java-6-openjdk/jre/lib/resources.jar
8b700000-8b7f4000 rw-p 00000000 00:00 0 
8b7f4000-8b800000 ---p 00000000 00:00 0 
8b800000-8b81b000 rw-s 30060000 00:05 5879       /dev/nvidia0
8b81b000-8b822000 r--s 00000000 08:06 395876     /usr/lib/i386-linux-gnu/gconv/gconv-modules.cache
8b822000-8b825000 ---p 00000000 00:00 0 
8b825000-8b873000 rw-p 00000000 00:00 0 
8b873000-8b876000 ---p 00000000 00:00 0 
8b876000-8b8c4000 rw-p 00000000 00:00 0 
8b8c4000-8b8c5000 r--s 00000000 08:02 12728076   /home/gerardabello/.fontconfig/6b5525953428b443e78619d83c2cb9f6-le32d4.cache-3
8b8c5000-8b8c6000 r--s 00000000 08:02 12728075   /home/gerardabello/.fontconfig/e02f10c48e0b1d50887b793890992243-le32d4.cache-3
8b8c6000-8b8c7000 r--s 00000000 08:02 12728074   /home/gerardabello/.fontconfig/c86b9645a814d831761891f99ebfee5e-le32d4.cache-3
8b8c7000-8b8c8000 r--s 00000000 08:02 12728073   /home/gerardabello/.fontconfig/46ecdab28bd615fb3533d7c18f5f1210-le32d4.cache-3
8b8c8000-8b8c9000 r--s 00000000 08:02 12728072   /home/gerardabello/.fontconfig/936305f622effb71d3eb6fb83f618788-le32d4.cache-3
8b8c9000-8b8ca000 r--s 00000000 08:02 12728046   /home/gerardabello/.fontconfig/4b3f9ae1348fd8081c8c275080ae928c-le32d4.cache-3
8b8ca000-8b8cb000 r--s 00000000 08:06 283641     /var/cache/fontconfig/c05880de57d1f5e948fdfacc138775d9-le32d4.cache-3
8b8cb000-8b8d1000 r--s 00000000 08:06 283638     /var/cache/fontconfig/945677eb7aeaf62f1d50efc3fb3ec7d8-le32d4.cache-3
8b8d1000-8b8d3000 r--s 00000000 08:06 283639     /var/cache/fontconfig/99e8ed0e538f840c565b6ed5dad60d56-le32d4.cache-3
8b8d3000-8b8d6000 r--s 00000000 08:06 283649     /var/cache/fontconfig/e383d7ea5fbe662a33d9b44caf393297-le32d4.cache-3
8b8d6000-8b8d9000 r--s 00000000 08:06 283626     /var/cache/fontconfig/2cd17615ca594fa2959ae173292e504c-le32d4.cache-3
8b8d9000-8b8da000 r--s 00000000 08:06 283650     /var/cache/fontconfig/e7071f4a29fa870f4323321c154eba04-le32d4.cache-3
8b8da000-8b8de000 r--s 00000000 08:06 283635     /var/cache/fontconfig/6eb3985aa4124903f6ff08ba781cd364-le32d4.cache-3
8b8de000-8b8df000 r--s 00000000 08:06 283630     /var/cache/fontconfig/4c73fe0c47614734b17d736dbde7580a-le32d4.cache-3
8b8df000-8b8e0000 r--s 00000000 08:06 283623     /var/cache/fontconfig/0d8c3b2ac0904cb8a57a757ad11a4a08-le32d4.cache-3
8b8e0000-8b8e1000 r--s 00000000 08:06 283633     /var/cache/fontconfig/6a53c69dea097a2d716e069445527da8-le32d4.cache-3
8b8e1000-8b8e5000 r--s 00000000 08:06 283640     /var/cache/fontconfig/a755afe4a08bf5b97852ceb7400b47bc-le32d4.cache-3
8b8e5000-8b8e9000 r--s 00000000 08:06 296050     /var/cache/fontconfig/515ca1ebc4b18308bea979be5704f9db-le32d4.cache-3
8b8e9000-8b8f0000 r--s 00000000 08:06 266460     /var/cache/fontconfig/6d41288fd70b0be22e8c3a91e032eec0-le32d4.cache-3
8b8f0000-8b8fb000 r--s 00000000 08:06 283624     /var/cache/fontconfig/0f34bcd4b6ee430af32735b75db7f02b-le32d4.cache-3
8b8fb000-8b8fe000 r--s 00000000 08:06 283646     /var/cache/fontconfig/d60319d88cac85ba9e1a07bd06cfbb8c-le32d4.cache-3
8b8fe000-8b8ff000 r--s 00000000 08:06 275818     /var/cache/fontconfig/4794a0821666d79190d59a36cb4f44b5-le32d4.cache-3
8b8ff000-8b921000 r--s 00000000 08:06 281467     /var/cache/fontconfig/365b55f210c0a22e9a19e35191240f32-le32d4.cache-3
8b921000-8b92e000 r--s 00000000 08:06 283645     /var/cache/fontconfig/d52a8644073d54c13679302ca1180695-le32d4.cache-3
8b92e000-8b934000 r--s 00000000 08:06 296049     /var/cache/fontconfig/153bb866d4d26e7cd19eee2129f8d8d2-le32d4.cache-3
8b934000-8b936000 r--s 00000000 08:06 266457     /var/cache/fontconfig/e13b20fdb08344e0e664864cc2ede53d-le32d4.cache-3
8b936000-8b939000 r--s 00000000 08:06 296048     /var/cache/fontconfig/7ef2298fde41cc6eeb7af42e48b7d293-le32d4.cache-3
8b939000-8b93a000 r--s 00000000 08:02 12728076   /home/gerardabello/.fontconfig/6b5525953428b443e78619d83c2cb9f6-le32d4.cache-3
8b93a000-8b93b000 r--s 00000000 08:02 12728075   /home/gerardabello/.fontconfig/e02f10c48e0b1d50887b793890992243-le32d4.cache-3
8b93b000-8b93c000 r--s 00000000 08:02 12728074   /home/gerardabello/.fontconfig/c86b9645a814d831761891f99ebfee5e-le32d4.cache-3
8b93c000-8b93d000 r--s 00000000 08:02 12728073   /home/gerardabello/.fontconfig/46ecdab28bd615fb3533d7c18f5f1210-le32d4.cache-3
8b93d000-8b93e000 r--s 00000000 08:02 12728072   /home/gerardabello/.fontconfig/936305f622effb71d3eb6fb83f618788-le32d4.cache-3
8b93e000-8b93f000 r--s 00000000 08:02 12728046   /home/gerardabello/.fontconfig/4b3f9ae1348fd8081c8c275080ae928c-le32d4.cache-3
8b93f000-8b940000 r--s 00000000 08:06 283641     /var/cache/fontconfig/c05880de57d1f5e948fdfacc138775d9-le32d4.cache-3
8b940000-8b946000 r--s 00000000 08:06 283638     /var/cache/fontconfig/945677eb7aeaf62f1d50efc3fb3ec7d8-le32d4.cache-3
8b946000-8b948000 r--s 00000000 08:06 283639     /var/cache/fontconfig/99e8ed0e538f840c565b6ed5dad60d56-le32d4.cache-3
8b948000-8b94b000 r--s 00000000 08:06 283649     /var/cache/fontconfig/e383d7ea5fbe662a33d9b44caf393297-le32d4.cache-3
8b94b000-8b94e000 r--s 00000000 08:06 283626     /var/cache/fontconfig/2cd17615ca594fa2959ae173292e504c-le32d4.cache-3
8b94e000-8b94f000 r--s 00000000 08:06 283650     /var/cache/fontconfig/e7071f4a29fa870f4323321c154eba04-le32d4.cache-3
8b94f000-8b953000 r--s 00000000 08:06 283635     /var/cache/fontconfig/6eb3985aa4124903f6ff08ba781cd364-le32d4.cache-3
8b953000-8b954000 r--s 00000000 08:06 283630     /var/cache/fontconfig/4c73fe0c47614734b17d736dbde7580a-le32d4.cache-3
8b954000-8b955000 r--s 00000000 08:06 283623     /var/cache/fontconfig/0d8c3b2ac0904cb8a57a757ad11a4a08-le32d4.cache-3
8b955000-8b956000 r--s 00000000 08:06 283633     /var/cache/fontconfig/6a53c69dea097a2d716e069445527da8-le32d4.cache-3
8b956000-8b95a000 r--s 00000000 08:06 283640     /var/cache/fontconfig/a755afe4a08bf5b97852ceb7400b47bc-le32d4.cache-3
8b95a000-8b95e000 r--s 00000000 08:06 296050     /var/cache/fontconfig/515ca1ebc4b18308bea979be5704f9db-le32d4.cache-3
8b95e000-8b965000 r--s 00000000 08:06 266460     /var/cache/fontconfig/6d41288fd70b0be22e8c3a91e032eec0-le32d4.cache-3
8b965000-8b970000 r--s 00000000 08:06 283624     /var/cache/fontconfig/0f34bcd4b6ee430af32735b75db7f02b-le32d4.cache-3
8b970000-8b973000 r--s 00000000 08:06 283646     /var/cache/fontconfig/d60319d88cac85ba9e1a07bd06cfbb8c-le32d4.cache-3
8b973000-8b974000 r--s 00000000 08:06 275818     /var/cache/fontconfig/4794a0821666d79190d59a36cb4f44b5-le32d4.cache-3
8b974000-8b996000 r--s 00000000 08:06 281467     /var/cache/fontconfig/365b55f210c0a22e9a19e35191240f32-le32d4.cache-3
8b996000-8b9a3000 r--s 00000000 08:06 283645     /var/cache/fontconfig/d52a8644073d54c13679302ca1180695-le32d4.cache-3
8b9a3000-8b9a9000 r--s 00000000 08:06 296049     /var/cache/fontconfig/153bb866d4d26e7cd19eee2129f8d8d2-le32d4.cache-3
8b9a9000-8b9ab000 r--s 00000000 08:06 266457     /var/cache/fontconfig/e13b20fdb08344e0e664864cc2ede53d-le32d4.cache-3
8b9ab000-8b9ae000 r--s 00000000 08:06 296048     /var/cache/fontconfig/7ef2298fde41cc6eeb7af42e48b7d293-le32d4.cache-3
8b9ae000-8b9af000 r--s 00000000 08:02 12714186   /home/gerardabello/.fontconfig/3ff222172cf6269fd9a27600796983f5-le32d4.cache-3
8b9af000-8b9b2000 ---p 00000000 00:00 0 
8b9b2000-8ba00000 rw-p 00000000 00:00 0 
8ba00000-8bafd000 rw-p 00000000 00:00 0 
8bafd000-8bb00000 ---p 00000000 00:00 0 
8bb00000-8bb01000 r--p 00000000 00:00 0 
8bb01000-8bb04000 r--s 0007d000 08:06 391626     /usr/lib/jvm/java-6-openjdk/jre/lib/jsse.jar
8bb04000-8bb11000 r--s 000bc000 08:02 12999220   /home/gerardabello/eclipseworkspace/GoobaDesktop/libs/gdx.jar
8bb11000-8bb19000 r--s 00090000 08:02 12999219   /home/gerardabello/eclipseworkspace/GoobaDesktop/libs/gdx-sources.jar
8bb19000-8bb33000 r--s 00207000 08:02 12999222   /home/gerardabello/eclipseworkspace/GoobaDesktop/libs/gdx-backend-jogl.jar
8bb33000-8bb34000 ---p 00000000 00:00 0 
8bb34000-8bbb4000 rw-p 00000000 00:00 0 
8bbb4000-8bbb7000 ---p 00000000 00:00 0 
8bbb7000-8bc05000 rw-p 00000000 00:00 0 
8bc05000-8bc08000 ---p 00000000 00:00 0 
8bc08000-8bc86000 rw-p 00000000 00:00 0 
8bc86000-8bc89000 ---p 00000000 00:00 0 
8bc89000-8bd07000 rw-p 00000000 00:00 0 
8bd07000-8bd0a000 ---p 00000000 00:00 0 
8bd0a000-8bd58000 rw-p 00000000 00:00 0 
8bd58000-8bd59000 r--p 0043a000 08:06 396750     /usr/lib/locale/locale-archive
8bd59000-8bd99000 r--p 002bd000 08:06 396750     /usr/lib/locale/locale-archive
8bd99000-8bf99000 r--p 00000000 08:06 396750     /usr/lib/locale/locale-archive
8bf99000-8bf9c000 ---p 00000000 00:00 0 
8bf9c000-8bfea000 rw-p 00000000 00:00 0 
8bfea000-8bfed000 ---p 00000000 00:00 0 
8bfed000-8c03b000 rw-p 00000000 00:00 0 
8c03b000-8c03c000 ---p 00000000 00:00 0 
8c03c000-8c0ef000 rw-p 00000000 00:00 0 
8c0ef000-8c280000 r--s 037b8000 08:06 391702     /usr/lib/jvm/java-6-openjdk/jre/lib/rt.jar
8c280000-8c281000 ---p 00000000 00:00 0 
8c281000-8c301000 rw-p 00000000 00:00 0 
8c301000-8c302000 ---p 00000000 00:00 0 
8c302000-8c382000 rw-p 00000000 00:00 0 
8c382000-8c383000 ---p 00000000 00:00 0 
8c383000-8c403000 rw-p 00000000 00:00 0 
8c403000-8c404000 ---p 00000000 00:00 0 
8c404000-8c48c000 rw-p 00000000 00:00 0 
8c48c000-8c4c4000 rw-p 00000000 00:00 0 
8c4c4000-8c4cf000 rw-p 00000000 00:00 0 
8c4cf000-8c56f000 rw-p 00000000 00:00 0 
8c56f000-8c577000 rw-p 00000000 00:00 0 
8c577000-8c5af000 rw-p 00000000 00:00 0 
8c5af000-8c5ba000 rw-p 00000000 00:00 0 
8c5ba000-8c659000 rw-p 00000000 00:00 0 
8c659000-8c660000 rw-p 00000000 00:00 0 
8c660000-8c663000 ---p 00000000 00:00 0 
8c663000-8c6af000 rw-p 00000000 00:00 0 
8c6af000-8d6b0000 rw-p 00000000 00:00 0 
8d6b0000-946b0000 rw-p 00000000 00:00 0 
946b0000-95bb0000 rw-p 00000000 00:00 0 
95bb0000-a9c10000 rw-p 00000000 00:00 0 
a9c10000-aa840000 rw-p 00000000 00:00 0 
aa840000-aae70000 ---p 00000000 00:00 0 
aae70000-b46b0000 rw-p 00000000 00:00 0 
b46b0000-b46b1000 r--s 00000000 08:02 12714186   /home/gerardabello/.fontconfig/3ff222172cf6269fd9a27600796983f5-le32d4.cache-3
b46b1000-b46b2000 r--s 001cd000 08:02 12999218   /home/gerardabello/eclipseworkspace/GoobaDesktop/libs/gdx-natives.jar
b46b2000-b46b3000 r--s 00203000 08:02 12999221   /home/gerardabello/eclipseworkspace/GoobaDesktop/libs/gdx-backend-jogl-natives.jar
b46b3000-b46bc000 rw-p 00000000 00:00 0 
b46bc000-b4773000 rw-p 00000000 00:00 0 
b4773000-b49b3000 rwxp 00000000 00:00 0 
b49b3000-b7773000 rw-p 00000000 00:00 0 
b7773000-b7776000 ---p 00000000 00:00 0 
b7776000-b77c7000 rw-p 00000000 00:00 0 
b77c7000-b77cf000 r--s 00066000 08:06 184157     /usr/share/java/gnome-java-bridge.jar
b77cf000-b77d1000 r--s 0000f000 08:06 391653     /usr/lib/jvm/java-6-openjdk/jre/lib/ext/pulse-java.jar
b77d1000-b77d9000 rw-s 00000000 08:06 130368     /tmp/hsperfdata_gerardabello/4806
b77d9000-b77da000 rw-p 00000000 00:00 0 
b77da000-b77db000 r--p 00000000 00:00 0 
b77db000-b77dd000 rw-p 00000000 00:00 0 
bffab000-bffcc000 rw-p 00000000 00:00 0          [stack]

VM Arguments:
jvm_args: -Dfile.encoding=UTF-8 
java_command: com.gerardas.goobaDesktop.HelloWorldDesktop
Launcher Type: SUN_STANDARD

Environment Variables:
PATH=/home/gerardabello/bin:/usr/lib/lightdm/lightdm:/usr/local/sbin:/usr/local/bin:/usr/sbin:/usr/bin:/sbin:/bin:/usr/games
USERNAME=gerardabello
LD_LIBRARY_PATH=/usr/lib/jvm/java-6-openjdk/jre/lib/i386/server:/usr/lib/jvm/java-6-openjdk/jre/lib/i386:/usr/lib/jvm/java-6-openjdk/jre/../lib/i386:/usr/lib/jvm/java-6-openjdk/jre/lib/i386/client:/usr/lib/jvm/java-6-openjdk/jre/lib/i386:
SHELL=/bin/bash
DISPLAY=:0

Signal Handlers:
SIGSEGV: [libjvm.so+0x66a530], sa_mask[0]=0x7ffbfeff, sa_flags=0x10000004
SIGBUS: [libjvm.so+0x66a530], sa_mask[0]=0x7ffbfeff, sa_flags=0x10000004
SIGFPE: [libjvm.so+0x52e2c0], sa_mask[0]=0x7ffbfeff, sa_flags=0x10000004
SIGPIPE: [libjvm.so+0x52e2c0], sa_mask[0]=0x7ffbfeff, sa_flags=0x10000004
SIGXFSZ: [libjvm.so+0x52e2c0], sa_mask[0]=0x7ffbfeff, sa_flags=0x10000004
SIGILL: [libjvm.so+0x52e2c0], sa_mask[0]=0x7ffbfeff, sa_flags=0x10000004
SIGUSR1: SIG_DFL, sa_mask[0]=0x00000000, sa_flags=0x00000000
SIGUSR2: [libjvm.so+0x52e150], sa_mask[0]=0x00000004, sa_flags=0x10000004
SIGHUP: [libjvm.so+0x5311f0], sa_mask[0]=0x7ffbfeff, sa_flags=0x10000004
SIGINT: [libjvm.so+0x5311f0], sa_mask[0]=0x7ffbfeff, sa_flags=0x10000004
SIGTERM: [libjvm.so+0x5311f0], sa_mask[0]=0x7ffbfeff, sa_flags=0x10000004
SIGQUIT: [libjvm.so+0x5311f0], sa_mask[0]=0x7ffbfeff, sa_flags=0x10000004


---------------  S Y S T E M  ---------------

OS:Ubuntu 11.10 (oneiric)
uname:Linux 3.0.0-14-generic #23-Ubuntu SMP Mon Nov 21 20:34:47 UTC 2011 i686
libc:glibc 2.13 NPTL 2.13 
rlimit: STACK 8192k, CORE 0k, NPROC 15997, NOFILE 4096, AS infinity
load average:0.09 0.10 0.13

/proc/meminfo:
MemTotal:        2061720 kB
MemFree:          148900 kB
Buffers:          154444 kB
Cached:           501688 kB
SwapCached:         2428 kB
Active:          1017132 kB
Inactive:         675796 kB
Active(anon):     697084 kB
Inactive(anon):   347652 kB
Active(file):     320048 kB
Inactive(file):   328144 kB
Unevictable:           0 kB
Mlocked:               0 kB
HighTotal:       1187336 kB
HighFree:          15040 kB
LowTotal:         874384 kB
LowFree:          133860 kB
SwapTotal:       2310652 kB
SwapFree:        2302640 kB
Dirty:               204 kB
Writeback:           184 kB
AnonPages:       1034956 kB
Mapped:           156456 kB
Shmem:              7940 kB
Slab:             142400 kB
SReclaimable:     123788 kB
SUnreclaim:        18612 kB
KernelStack:        3648 kB
PageTables:         9124 kB
NFS_Unstable:          0 kB
Bounce:                0 kB
WritebackTmp:          0 kB
CommitLimit:     3341512 kB
Committed_AS:    3404068 kB
VmallocTotal:     122880 kB
VmallocUsed:       77348 kB
VmallocChunk:      38396 kB
HardwareCorrupted:     0 kB
AnonHugePages:         0 kB
HugePages_Total:       0
HugePages_Free:        0
HugePages_Rsvd:        0
HugePages_Surp:        0
Hugepagesize:       4096 kB
DirectMap4k:      102392 kB
DirectMap4M:      806912 kB


CPU:total 4 (4 cores per cpu, 1 threads per core) family 6 model 15 stepping 11, cmov, cx8, fxsr, mmx, sse, sse2, sse3, ssse3

Memory: 4k page, physical 2061720k(148776k free), swap 2310652k(2302640k free)

vm_info: OpenJDK Server VM (20.0-b11) for linux-x86 JRE (1.6.0_23-b23), built on Oct 22 2011 01:02:34 by "buildd" with gcc 4.6.1

time: Tue Dec 20 19:40:29 2011
elapsed time: 21 seconds

