#
# A fatal error has been detected by the Java Runtime Environment:
#
#  SIGBUS (0x7) at pc=0x0090d818, pid=9332, tid=2337991536
#
# JRE version: 6.0_23-b23
# Java VM: OpenJDK Server VM (20.0-b11 mixed mode linux-x86 )
# Derivative: IcedTea6 1.11pre
# Distribution: Ubuntu 11.10, package 6b23~pre11-0ubuntu1.11.10
# Problematic frame:
# 
[error occurred during error reporting (printing problematic frame), id 0x7]

# If you would like to submit a bug report, please include
# instructions how to reproduce the bug and visit:
#   https://bugs.launchpad.net/ubuntu/+source/openjdk-6/
# The crash happened outside the Java Virtual Machine in native code.
# See problematic frame for where to report the bug.
#

---------------  T H R E A D  ---------------

Current thread (0x08692400):  JavaThread "AWT-EventQueue-0" [_thread_in_native, id=9358, stack(0x8b55e000,0x8b5af000)]

siginfo:si_signo=SIGBUS: si_errno=0, si_code=2 (BUS_ADRERR), si_addr=0x0098a380

Registers:
EAX=0x948c0664, EBX=0x00989ff4, ECX=0x000008c0, EDX=0x08642000
ESP=0x8b5ad54c, EBP=0x8b5ad588, ESI=0x08692520, EDI=0x948c0664
EIP=0x0090d818, EFLAGS=0x00210206, CR2=0x0098a380

Top of Stack: (sp=0x8b5ad54c)
0x8b5ad54c:   0090fa2f 08642000 948c0664 000008c0
0x8b5ad55c:   03908abe 864b5000 00000000 08b24968
0x8b5ad56c:   08642000 08692520 8b5ad580 00cc2588
0x8b5ad57c:   00000000 8b5ad5b0 08692400 8b5ad5c8
0x8b5ad58c:   b47cc79a 08692520 8b5ad5b0 8b5ad5a8
0x8b5ad59c:   8b5ad5ac 00000230 00000000 948c0658
0x8b5ad5ac:   aa74f0e8 8d0d9810 8b5ad5bc 43c00000
0x8b5ad5bc:   44400000 00000000 8b5ad608 aa74f030 

Instructions: (pc=0x0090d818)
0x0090d7f8:   ff a3 84 03 00 00 68 f0 06 00 00 e9 00 f2 ff ff
0x0090d808:   ff a3 88 03 00 00 68 f8 06 00 00 e9 f0 f1 ff ff
0x0090d818:   ff a3 8c 03 00 00 68 00 07 00 00 e9 e0 f1 ff ff
0x0090d828:   ff a3 90 03 00 00 68 08 07 00 00 e9 d0 f1 ff ff 

Register to memory mapping:

EAX=0x948c0664 is an oop
[F 
 - klass: {type array float}
 - length: 1280
EBX=
[error occurred during error reporting (printing register info), id 0x7]

Stack: [0x8b55e000,0x8b5af000],  sp=0x8b5ad54c,  free space=317k
Native frames: (J=compiled Java code, j=interpreted, Vv=VM code, C=native code)

[error occurred during error reporting (printing native stack), id 0x7]

Java frames: (J=compiled Java code, j=interpreted, Vv=VM code)
J  com.badlogic.gdx.utils.BufferUtils.copyJni([FLjava/nio/Buffer;II)V
J  com.badlogic.gdx.graphics.g2d.SpriteBatch.renderMesh()V
J  com.gerardas.goobaDesktop.HelloWorld.draw_grass()V
j  com.gerardas.goobaDesktop.HelloWorld.render(F)V+403
j  com.gerardas.goobaDesktop.Main.render()V+10
J  com.sun.opengl.impl.GLDrawableHelper.display(Ljavax/media/opengl/GLAutoDrawable;)V
j  javax.media.opengl.GLCanvas$DisplayAction.run()V+80
j  com.sun.opengl.impl.GLDrawableHelper.invokeGL(Ljavax/media/opengl/GLDrawable;Ljavax/media/opengl/GLContext;Ljava/lang/Runnable;Ljava/lang/Runnable;)V+418
j  javax.media.opengl.GLCanvas$DisplayOnEventDispatchThreadAction.run()V+35
j  java.awt.event.InvocationEvent.dispatch()V+11
j  java.awt.EventQueue.dispatchEventImpl(Ljava/awt/AWTEvent;Ljava/lang/Object;)V+21
j  java.awt.EventQueue.access$000(Ljava/awt/EventQueue;Ljava/awt/AWTEvent;Ljava/lang/Object;)V+3
j  java.awt.EventQueue$1.run()Ljava/lang/Void;+12
j  java.awt.EventQueue$1.run()Ljava/lang/Object;+1
v  ~StubRoutines::call_stub
j  java.security.AccessController.doPrivileged(Ljava/security/PrivilegedAction;Ljava/security/AccessControlContext;)Ljava/lang/Object;+0
J  java.awt.EventDispatchThread.pumpOneEventForFilters(I)Z
j  java.awt.EventDispatchThread.pumpEventsForFilter(ILjava/awt/Conditional;Ljava/awt/EventFilter;)V+30
j  java.awt.EventDispatchThread.pumpEventsForHierarchy(ILjava/awt/Conditional;Ljava/awt/Component;)V+11
j  java.awt.EventDispatchThread.pumpEvents(ILjava/awt/Conditional;)V+4
j  java.awt.EventDispatchThread.pumpEvents(Ljava/awt/Conditional;)V+3
j  java.awt.EventDispatchThread.run()V+9
v  ~StubRoutines::call_stub

---------------  P R O C E S S  ---------------

Java Threads: ( => current thread )
  0x08565400 JavaThread "DestroyJavaVM" [_thread_blocked, id=9337, stack(0xb76f1000,0xb7742000)]
  0x0862c400 JavaThread "Thread-1" [_thread_blocked, id=9364, stack(0x8b6dd000,0x8b72e000)]
=>0x08692400 JavaThread "AWT-EventQueue-0" [_thread_in_native, id=9358, stack(0x8b55e000,0x8b5af000)]
  0x08693800 JavaThread "AWT-Shutdown" [_thread_blocked, id=9357, stack(0x8b50d000,0x8b55e000)]
  0x0867b800 JavaThread "AWT-XAWT" daemon [_thread_blocked, id=9351, stack(0x8b5af000,0x8b600000)]
  0x8c0e0c00 JavaThread "Java2D Disposer" daemon [_thread_blocked, id=9350, stack(0x8b928000,0x8b979000)]
  0x8c002c00 JavaThread "Low Memory Detector" daemon [_thread_blocked, id=9348, stack(0x8ba29000,0x8ba7a000)]
  0x8c001000 JavaThread "C2 CompilerThread1" daemon [_thread_blocked, id=9347, stack(0x8ba7a000,0x8bafb000)]
  0x08626c00 JavaThread "C2 CompilerThread0" daemon [_thread_blocked, id=9346, stack(0x8bafb000,0x8bb7c000)]
  0x08625400 JavaThread "Signal Dispatcher" daemon [_thread_blocked, id=9345, stack(0x8bb7c000,0x8bbcd000)]
  0x08615800 JavaThread "Finalizer" daemon [_thread_blocked, id=9344, stack(0x8bdcd000,0x8be1e000)]
  0x08611000 JavaThread "Reference Handler" daemon [_thread_blocked, id=9343, stack(0x8be1e000,0x8be6f000)]

Other Threads:
  0x0860d000 VMThread [stack: 0x8c14c000,0x8c1cd000] [id=9342]
  0x8c004c00 WatcherThread [stack: 0x8b9a8000,0x8ba29000] [id=9349]

VM state:not at safepoint (normal execution)

VM Mutex/Monitor currently owned by a thread: None

Heap
 PSYoungGen      total 11008K, used 3492K [0xa9b90000, 0xaaa30000, 0xb4630000)
  eden space 7680K, 33% used [0xa9b90000,0xa9e0bdd8,0xaa310000)
  from space 3328K, 28% used [0xaa6f0000,0xaa7dd3c0,0xaaa30000)
  to   space 3648K, 0% used [0xaa310000,0xaa310000,0xaa6a0000)
 PSOldGen        total 21504K, used 3240K [0x94630000, 0x95b30000, 0xa9b90000)
  object space 21504K, 15% used [0x94630000,0x9495a260,0x95b30000)
 PSPermGen       total 16384K, used 13651K [0x8c630000, 0x8d630000, 0x94630000)
  object space 16384K, 83% used [0x8c630000,0x8d384f68,0x8d630000)

Code Cache  [0xb46f1000, 0xb4931000, 0xb76f1000)
 total_blobs=659 nmethods=269 adapters=344 free_code_cache=49301248 largest_free_block=5952

Dynamic libraries:
00110000-0012c000 r-xp 00000000 08:06 261570     /lib/i386-linux-gnu/libgcc_s.so.1
0012c000-0012d000 r--p 0001b000 08:06 261570     /lib/i386-linux-gnu/libgcc_s.so.1
0012d000-0012e000 rw-p 0001c000 08:06 261570     /lib/i386-linux-gnu/libgcc_s.so.1
0012e000-00136000 r-xp 00000000 08:06 261586     /lib/i386-linux-gnu/libnss_compat-2.13.so
00136000-00137000 r--p 00007000 08:06 261586     /lib/i386-linux-gnu/libnss_compat-2.13.so
00137000-00138000 rw-p 00008000 08:06 261586     /lib/i386-linux-gnu/libnss_compat-2.13.so
00138000-0014d000 r-xp 00000000 08:06 261584     /lib/i386-linux-gnu/libnsl-2.13.so
0014d000-0014e000 r--p 00015000 08:06 261584     /lib/i386-linux-gnu/libnsl-2.13.so
0014e000-0014f000 rw-p 00016000 08:06 261584     /lib/i386-linux-gnu/libnsl-2.13.so
0014f000-00151000 rw-p 00000000 00:00 0 
00151000-00156000 r-xp 00000000 08:06 392848     /usr/lib/libXtst.so.6.1.0
00156000-00157000 r--p 00004000 08:06 392848     /usr/lib/libXtst.so.6.1.0
00157000-00158000 rw-p 00005000 08:06 392848     /usr/lib/libXtst.so.6.1.0
00158000-00176000 r-xp 00000000 08:06 261536     /lib/i386-linux-gnu/ld-2.13.so
00176000-00177000 r--p 0001d000 08:06 261536     /lib/i386-linux-gnu/ld-2.13.so
00177000-00178000 rw-p 0001e000 08:06 261536     /lib/i386-linux-gnu/ld-2.13.so
00178000-0017f000 r-xp 00000000 08:06 391673     /usr/lib/jvm/java-6-openjdk/jre/lib/i386/libzip.so
0017f000-00180000 r--p 00006000 08:06 391673     /usr/lib/jvm/java-6-openjdk/jre/lib/i386/libzip.so
00180000-00181000 rw-p 00007000 08:06 391673     /usr/lib/jvm/java-6-openjdk/jre/lib/i386/libzip.so
00181000-00182000 r-xp 00000000 08:06 140048     /tmp/libgdx/3111846100/libjogl_awt-linux32.so
00182000-00183000 rw-p 00000000 08:06 140048     /tmp/libgdx/3111846100/libjogl_awt-linux32.so
00183000-00187000 r-xp 00000000 08:06 391676     /usr/lib/jvm/java-6-openjdk/jre/lib/i386/jli/libjli.so
00187000-00188000 r--p 00003000 08:06 391676     /usr/lib/jvm/java-6-openjdk/jre/lib/i386/jli/libjli.so
00188000-00189000 rw-p 00004000 08:06 391676     /usr/lib/jvm/java-6-openjdk/jre/lib/i386/jli/libjli.so
00189000-002ff000 r-xp 00000000 08:06 261549     /lib/i386-linux-gnu/libc-2.13.so
002ff000-00301000 r--p 00176000 08:06 261549     /lib/i386-linux-gnu/libc-2.13.so
00301000-00302000 rw-p 00178000 08:06 261549     /lib/i386-linux-gnu/libc-2.13.so
00302000-00305000 rw-p 00000000 00:00 0 
00305000-00316000 r-xp 00000000 08:06 395298     /usr/lib/i386-linux-gnu/libXext.so.6.4.0
00316000-00317000 r--p 00010000 08:06 395298     /usr/lib/i386-linux-gnu/libXext.so.6.4.0
00317000-00318000 rw-p 00011000 08:06 395298     /usr/lib/i386-linux-gnu/libXext.so.6.4.0
00318000-00335000 r-xp 00000000 08:06 395584     /usr/lib/i386-linux-gnu/libxcb.so.1.1.0
00335000-00336000 r--p 0001c000 08:06 395584     /usr/lib/i386-linux-gnu/libxcb.so.1.1.0
00336000-00337000 rw-p 0001d000 08:06 395584     /usr/lib/i386-linux-gnu/libxcb.so.1.1.0
00337000-00340000 r-xp 00000000 08:06 395292     /usr/lib/i386-linux-gnu/libXcursor.so.1.0.2
00340000-00341000 r--p 00008000 08:06 395292     /usr/lib/i386-linux-gnu/libXcursor.so.1.0.2
00341000-00342000 rw-p 00009000 08:06 395292     /usr/lib/i386-linux-gnu/libXcursor.so.1.0.2
00342000-00346000 r-xp 00000000 08:06 395316     /usr/lib/i386-linux-gnu/libXxf86vm.so.1.0.0
00346000-00347000 r--p 00003000 08:06 395316     /usr/lib/i386-linux-gnu/libXxf86vm.so.1.0.0
00347000-00348000 rw-p 00004000 08:06 395316     /usr/lib/i386-linux-gnu/libXxf86vm.so.1.0.0
00348000-0034a000 r-xp 00000000 08:06 394491     /usr/lib/nvidia-current/tls/libnvidia-tls.so.280.13
0034a000-0034b000 rw-p 00001000 08:06 394491     /usr/lib/nvidia-current/tls/libnvidia-tls.so.280.13
0034b000-00352000 r-xp 00000000 08:06 395308     /usr/lib/i386-linux-gnu/libXrandr.so.2.2.0
00352000-00353000 r--p 00006000 08:06 395308     /usr/lib/i386-linux-gnu/libXrandr.so.2.2.0
00353000-00354000 rw-p 00007000 08:06 395308     /usr/lib/i386-linux-gnu/libXrandr.so.2.2.0
00354000-0035a000 r-xp 00000000 08:06 395445     /usr/lib/i386-linux-gnu/libjson.so.0.0.1
0035a000-0035b000 r--p 00005000 08:06 395445     /usr/lib/i386-linux-gnu/libjson.so.0.0.1
0035b000-0035c000 rw-p 00006000 08:06 395445     /usr/lib/i386-linux-gnu/libjson.so.0.0.1
0035c000-00364000 r-xp 00000000 08:06 261630     /lib/i386-linux-gnu/libwrap.so.0.7.6
00364000-00365000 r--p 00007000 08:06 261630     /lib/i386-linux-gnu/libwrap.so.0.7.6
00365000-00366000 rw-p 00008000 08:06 261630     /lib/i386-linux-gnu/libwrap.so.0.7.6
00366000-0036b000 r-xp 00000000 08:06 395322     /usr/lib/i386-linux-gnu/libasyncns.so.0.3.1
0036b000-0036c000 r--p 00004000 08:06 395322     /usr/lib/i386-linux-gnu/libasyncns.so.0.3.1
0036c000-0036d000 rw-p 00005000 08:06 395322     /usr/lib/i386-linux-gnu/libasyncns.so.0.3.1
0036d000-0036f000 r-xs 00000000 08:06 160234     /tmp/glfU1xtE (deleted)
00392000-003de000 r-xp 00000000 08:06 391718     /usr/lib/jvm/java-6-openjdk/jre/lib/i386/xawt/libmawt.so
003de000-003df000 r--p 0004b000 08:06 391718     /usr/lib/jvm/java-6-openjdk/jre/lib/i386/xawt/libmawt.so
003df000-003e1000 rw-p 0004c000 08:06 391718     /usr/lib/jvm/java-6-openjdk/jre/lib/i386/xawt/libmawt.so
003e1000-003e2000 rw-p 00000000 00:00 0 
003e2000-0040b000 r-xp 00000000 08:06 395570     /usr/lib/i386-linux-gnu/libvorbis.so.0.4.5
0040b000-0040c000 r--p 00028000 08:06 395570     /usr/lib/i386-linux-gnu/libvorbis.so.0.4.5
0040c000-0040d000 rw-p 00029000 08:06 395570     /usr/lib/i386-linux-gnu/libvorbis.so.0.4.5
00422000-00430000 r-xp 00000000 08:06 395304     /usr/lib/i386-linux-gnu/libXi.so.6.1.0
00430000-00431000 r--p 0000d000 08:06 395304     /usr/lib/i386-linux-gnu/libXi.so.6.1.0
00431000-00432000 rw-p 0000e000 08:06 395304     /usr/lib/i386-linux-gnu/libXi.so.6.1.0
00432000-00473000 r-xp 00000000 08:06 140873     /tmp/libgdx/3111846100/libopenal.so
00473000-00474000 r--p 00040000 08:06 140873     /tmp/libgdx/3111846100/libopenal.so
00474000-00475000 rw-p 00041000 08:06 140873     /tmp/libgdx/3111846100/libopenal.so
00482000-00499000 r-xp 00000000 08:06 261609     /lib/i386-linux-gnu/libpthread-2.13.so
00499000-0049a000 r--p 00016000 08:06 261609     /lib/i386-linux-gnu/libpthread-2.13.so
0049a000-0049b000 rw-p 00017000 08:06 261609     /lib/i386-linux-gnu/libpthread-2.13.so
0049b000-0049d000 rw-p 00000000 00:00 0 
004be000-004bf000 r-xp 00000000 00:00 0          [vdso]
004bf000-0051d000 r-xp 00000000 08:06 141569     /tmp/libgdx/3111846100/liblwjgl.so
0051d000-0051e000 ---p 0005e000 08:06 141569     /tmp/libgdx/3111846100/liblwjgl.so
0051e000-0051f000 r--p 0005e000 08:06 141569     /tmp/libgdx/3111846100/liblwjgl.so
0051f000-00520000 rw-p 0005f000 08:06 141569     /tmp/libgdx/3111846100/liblwjgl.so
00529000-00532000 r-xp 00000000 08:06 395310     /usr/lib/i386-linux-gnu/libXrender.so.1.3.0
00532000-00533000 r--p 00008000 08:06 395310     /usr/lib/i386-linux-gnu/libXrender.so.1.3.0
00533000-00534000 rw-p 00009000 08:06 395310     /usr/lib/i386-linux-gnu/libXrender.so.1.3.0
00534000-00580000 r-xp 00000000 08:06 425591     /usr/lib/i386-linux-gnu/libpulse.so.0.13.4
00580000-00581000 r--p 0004b000 08:06 425591     /usr/lib/i386-linux-gnu/libpulse.so.0.13.4
00581000-00582000 rw-p 0004c000 08:06 425591     /usr/lib/i386-linux-gnu/libpulse.so.0.13.4
00595000-00598000 r-xp 00000000 08:06 261560     /lib/i386-linux-gnu/libdl-2.13.so
00598000-00599000 r--p 00002000 08:06 261560     /lib/i386-linux-gnu/libdl-2.13.so
00599000-0059a000 rw-p 00003000 08:06 261560     /lib/i386-linux-gnu/libdl-2.13.so
005c1000-005cc000 r-xp 00000000 08:06 261590     /lib/i386-linux-gnu/libnss_files-2.13.so
005cc000-005cd000 r--p 0000a000 08:06 261590     /lib/i386-linux-gnu/libnss_files-2.13.so
005cd000-005ce000 rw-p 0000b000 08:06 261590     /lib/i386-linux-gnu/libnss_files-2.13.so
005ce000-00615000 r-xp 00000000 08:06 261559     /lib/i386-linux-gnu/libdbus-1.so.3.5.7
00615000-00616000 r--p 00046000 08:06 261559     /lib/i386-linux-gnu/libdbus-1.so.3.5.7
00616000-00617000 rw-p 00047000 08:06 261559     /lib/i386-linux-gnu/libdbus-1.so.3.5.7
00629000-00634000 r-xp 00000000 08:06 391691     /usr/lib/jvm/java-6-openjdk/jre/lib/i386/libverify.so
00634000-00635000 ---p 0000b000 08:06 391691     /usr/lib/jvm/java-6-openjdk/jre/lib/i386/libverify.so
00635000-00636000 r--p 0000b000 08:06 391691     /usr/lib/jvm/java-6-openjdk/jre/lib/i386/libverify.so
00636000-00637000 rw-p 0000c000 08:06 391691     /usr/lib/jvm/java-6-openjdk/jre/lib/i386/libverify.so
00677000-0069d000 r-xp 00000000 08:06 391663     /usr/lib/jvm/java-6-openjdk/jre/lib/i386/libjava.so
0069d000-0069e000 r--p 00025000 08:06 391663     /usr/lib/jvm/java-6-openjdk/jre/lib/i386/libjava.so
0069e000-006a0000 rw-p 00026000 08:06 391663     /usr/lib/jvm/java-6-openjdk/jre/lib/i386/libjava.so
006a0000-00732000 r-xp 00000000 08:06 398229     /usr/lib/i386-linux-gnu/libfreetype.so.6.6.2
00732000-00736000 r--p 00091000 08:06 398229     /usr/lib/i386-linux-gnu/libfreetype.so.6.6.2
00736000-00737000 rw-p 00095000 08:06 398229     /usr/lib/i386-linux-gnu/libfreetype.so.6.6.2
0077b000-0077f000 r-xp 00000000 08:06 395300     /usr/lib/i386-linux-gnu/libXfixes.so.3.1.0
0077f000-00780000 r--p 00003000 08:06 395300     /usr/lib/i386-linux-gnu/libXfixes.so.3.1.0
00780000-00781000 rw-p 00004000 08:06 395300     /usr/lib/i386-linux-gnu/libXfixes.so.3.1.0
007a8000-008d9000 r-xp 00000000 08:06 395286     /usr/lib/i386-linux-gnu/libX11.so.6.3.0
008d9000-008da000 ---p 00131000 08:06 395286     /usr/lib/i386-linux-gnu/libX11.so.6.3.0
008da000-008db000 r--p 00131000 08:06 395286     /usr/lib/i386-linux-gnu/libX11.so.6.3.0
008db000-008dd000 rw-p 00132000 08:06 395286     /usr/lib/i386-linux-gnu/libX11.so.6.3.0
008dd000-008de000 rw-p 00000000 00:00 0 
008ee000-008f3000 r-xp 00000000 08:06 395296     /usr/lib/i386-linux-gnu/libXdmcp.so.6.0.0
008f3000-008f4000 r--p 00004000 08:06 395296     /usr/lib/i386-linux-gnu/libXdmcp.so.6.0.0
008f4000-008f5000 rw-p 00005000 08:06 395296     /usr/lib/i386-linux-gnu/libXdmcp.so.6.0.0
008f5000-00988000 r-xp 00000000 08:06 139969     /tmp/libgdx/3111846100/libgdx.so
00988000-00989000 ---p 00093000 08:06 139969     /tmp/libgdx/3111846100/libgdx.so
00989000-0098a000 r--p 00093000 08:06 139969     /tmp/libgdx/3111846100/libgdx.so
0098a000-0098b000 rw-p 00094000 08:06 139969     /tmp/libgdx/3111846100/libgdx.so
0098b000-0098e000 rw-p 00000000 00:00 0 
009a9000-009af000 r-xp 00000000 08:06 395488     /usr/lib/i386-linux-gnu/libogg.so.0.7.1
009af000-009b0000 r--p 00005000 08:06 395488     /usr/lib/i386-linux-gnu/libogg.so.0.7.1
009b0000-009b1000 rw-p 00006000 08:06 395488     /usr/lib/i386-linux-gnu/libogg.so.0.7.1
009c2000-00a55000 r-xp 00000000 08:06 391671     /usr/lib/jvm/java-6-openjdk/jre/lib/i386/libawt.so
00a55000-00a56000 r--p 00092000 08:06 391671     /usr/lib/jvm/java-6-openjdk/jre/lib/i386/libawt.so
00a56000-00a5d000 rw-p 00093000 08:06 391671     /usr/lib/jvm/java-6-openjdk/jre/lib/i386/libawt.so
00a5d000-00a81000 rw-p 00000000 00:00 0 
00a81000-00acd000 r-xp 00000000 08:06 395239     /usr/lib/i386-linux-gnu/libFLAC.so.8.2.0
00acd000-00ace000 r--p 0004b000 08:06 395239     /usr/lib/i386-linux-gnu/libFLAC.so.8.2.0
00ace000-00acf000 rw-p 0004c000 08:06 395239     /usr/lib/i386-linux-gnu/libFLAC.so.8.2.0
00adf000-00ae6000 r-xp 00000000 08:06 261613     /lib/i386-linux-gnu/librt-2.13.so
00ae6000-00ae7000 r--p 00006000 08:06 261613     /lib/i386-linux-gnu/librt-2.13.so
00ae7000-00ae8000 rw-p 00007000 08:06 261613     /lib/i386-linux-gnu/librt-2.13.so
00ae8000-00b8c000 r-xp 00000000 08:06 394492     /usr/lib/nvidia-current/libGL.so.280.13
00b8c000-00bab000 rwxp 000a3000 08:06 394492     /usr/lib/nvidia-current/libGL.so.280.13
00bab000-00bba000 rwxp 00000000 00:00 0 
00be3000-00be5000 r-xp 00000000 08:06 395288     /usr/lib/i386-linux-gnu/libXau.so.6.0.0
00be5000-00be6000 r--p 00001000 08:06 395288     /usr/lib/i386-linux-gnu/libXau.so.6.0.0
00be6000-00be7000 rw-p 00002000 08:06 395288     /usr/lib/i386-linux-gnu/libXau.so.6.0.0
00be7000-00cc2000 r-xp 00000000 08:06 140122     /tmp/libgdx/3111846100/libjogl-linux32.so
00cc2000-00cc3000 rw-p 000da000 08:06 140122     /tmp/libgdx/3111846100/libjogl-linux32.so
00ccd000-00ce0000 r-xp 00000000 08:06 261611     /lib/i386-linux-gnu/libresolv-2.13.so
00ce0000-00ce1000 r--p 00012000 08:06 261611     /lib/i386-linux-gnu/libresolv-2.13.so
00ce1000-00ce2000 rw-p 00013000 08:06 261611     /lib/i386-linux-gnu/libresolv-2.13.so
00ce2000-00ce4000 rw-p 00000000 00:00 0 
00ce4000-00d0c000 r-xp 00000000 08:06 261579     /lib/i386-linux-gnu/libm-2.13.so
00d0c000-00d0d000 r--p 00028000 08:06 261579     /lib/i386-linux-gnu/libm-2.13.so
00d0d000-00d0e000 rw-p 00029000 08:06 261579     /lib/i386-linux-gnu/libm-2.13.so
00d0e000-00d71000 r-xp 00000000 08:06 428873     /usr/lib/i386-linux-gnu/libpulsecommon-1.0.so
00d71000-00d72000 r--p 00062000 08:06 428873     /usr/lib/i386-linux-gnu/libpulsecommon-1.0.so
00d72000-00d73000 rw-p 00063000 08:06 428873     /usr/lib/i386-linux-gnu/libpulsecommon-1.0.so
00db8000-00e96000 r-xp 00000000 08:06 395551     /usr/lib/i386-linux-gnu/libstdc++.so.6.0.16
00e96000-00e97000 ---p 000de000 08:06 395551     /usr/lib/i386-linux-gnu/libstdc++.so.6.0.16
00e97000-00e9b000 r--p 000de000 08:06 395551     /usr/lib/i386-linux-gnu/libstdc++.so.6.0.16
00e9b000-00e9c000 rw-p 000e2000 08:06 395551     /usr/lib/i386-linux-gnu/libstdc++.so.6.0.16
00e9c000-00ea3000 rw-p 00000000 00:00 0 
00eee000-00f28000 r-xp 00000000 08:06 391701     /usr/lib/jvm/java-6-openjdk/jre/lib/i386/libfontmanager.so
00f28000-00f29000 r--p 00039000 08:06 391701     /usr/lib/jvm/java-6-openjdk/jre/lib/i386/libfontmanager.so
00f29000-00f2a000 rw-p 0003a000 08:06 391701     /usr/lib/jvm/java-6-openjdk/jre/lib/i386/libfontmanager.so
00f31000-00f3b000 r-xp 00000000 08:06 261594     /lib/i386-linux-gnu/libnss_nis-2.13.so
00f3b000-00f3c000 r--p 00009000 08:06 261594     /lib/i386-linux-gnu/libnss_nis-2.13.so
00f3c000-00f3d000 rw-p 0000a000 08:06 261594     /lib/i386-linux-gnu/libnss_nis-2.13.so
00f58000-00f59000 r-xp 00000000 08:06 391675     /usr/lib/jvm/java-6-openjdk/jre/lib/i386/libjawt.so
00f59000-00f5a000 r--p 00000000 08:06 391675     /usr/lib/jvm/java-6-openjdk/jre/lib/i386/libjawt.so
00f5a000-00f5b000 rw-p 00001000 08:06 391675     /usr/lib/jvm/java-6-openjdk/jre/lib/i386/libjawt.so
00f66000-00f67000 r-xp 00000000 08:06 140008     /tmp/libgdx/3111846100/libgluegen-rt-linux32.so
00f67000-00f68000 rw-p 00000000 08:06 140008     /tmp/libgdx/3111846100/libgluegen-rt-linux32.so
00f91000-00fa4000 r-xp 00000000 08:06 261632     /lib/i386-linux-gnu/libz.so.1.2.3.4
00fa4000-00fa5000 r--p 00012000 08:06 261632     /lib/i386-linux-gnu/libz.so.1.2.3.4
00fa5000-00fa6000 rw-p 00013000 08:06 261632     /lib/i386-linux-gnu/libz.so.1.2.3.4
00fa6000-017c4000 r-xp 00000000 08:06 391683     /usr/lib/jvm/java-6-openjdk/jre/lib/i386/server/libjvm.so
017c4000-01809000 r--p 0081e000 08:06 391683     /usr/lib/jvm/java-6-openjdk/jre/lib/i386/server/libjvm.so
01809000-01818000 rw-p 00863000 08:06 391683     /usr/lib/jvm/java-6-openjdk/jre/lib/i386/server/libjvm.so
01818000-01c32000 rw-p 00000000 00:00 0 
01c32000-01d98000 r-xp 00000000 08:06 395572     /usr/lib/i386-linux-gnu/libvorbisenc.so.2.0.8
01d98000-01da9000 r--p 00165000 08:06 395572     /usr/lib/i386-linux-gnu/libvorbisenc.so.2.0.8
01da9000-01daa000 rw-p 00176000 08:06 395572     /usr/lib/i386-linux-gnu/libvorbisenc.so.2.0.8
02aec000-0438c000 r-xp 00000000 08:06 397437     /usr/lib/nvidia-current/libnvidia-glcore.so.280.13
0438c000-043ea000 rwxp 018a0000 08:06 397437     /usr/lib/nvidia-current/libnvidia-glcore.so.280.13
043ea000-043fd000 rwxp 00000000 00:00 0 
050fe000-05169000 r-xp 00000000 08:06 395540     /usr/lib/i386-linux-gnu/libsndfile.so.1.0.24
05169000-0516a000 r--p 0006b000 08:06 395540     /usr/lib/i386-linux-gnu/libsndfile.so.1.0.24
0516a000-0516b000 rw-p 0006c000 08:06 395540     /usr/lib/i386-linux-gnu/libsndfile.so.1.0.24
0516b000-0516f000 rw-p 00000000 00:00 0 
08048000-08051000 r-xp 00000000 08:06 390933     /usr/lib/jvm/java-6-openjdk/jre/bin/java
08051000-08052000 r--p 00008000 08:06 390933     /usr/lib/jvm/java-6-openjdk/jre/bin/java
08052000-08053000 rw-p 00009000 08:06 390933     /usr/lib/jvm/java-6-openjdk/jre/bin/java
0855e000-08f65000 rw-p 00000000 00:00 0          [heap]
8301c000-8341e000 rw-p 00000000 00:00 0 
8361f000-83e21000 rw-p 00000000 00:00 0 
83f00000-83ffc000 rw-p 00000000 00:00 0 
83ffc000-84000000 ---p 00000000 00:00 0 
84021000-84623000 rw-p 00000000 00:00 0 
84822000-84923000 rw-p 00000000 00:00 0 
84a24000-84b25000 rw-p 00000000 00:00 0 
84b26000-84c26000 rw-s 31eac000 00:05 8652       /dev/nvidia0
84c26000-84e27000 rw-p 00000000 00:00 0 
84e28000-84f28000 rw-s 3691c000 00:05 8652       /dev/nvidia0
84f28000-85028000 rw-s 37194000 00:05 8652       /dev/nvidia0
85312000-85414000 rw-p 00000000 00:00 0 
8557d000-8567e000 rw-p 00000000 00:00 0 
8577f000-85800000 rw-p 00000000 00:00 0 
85800000-85900000 rw-p 00000000 00:00 0 
8593e000-85a00000 rw-p 00000000 00:00 0 
85a00000-85afe000 rw-p 00000000 00:00 0 
85afe000-85b00000 ---p 00000000 00:00 0 
85c00000-85d00000 rw-s 2e374000 00:05 8652       /dev/nvidia0
85d00000-85dfa000 rw-p 00000000 00:00 0 
85dfa000-85e00000 ---p 00000000 00:00 0 
85e6e000-85ffe000 rw-p 00000000 00:00 0 
85ffe000-86175000 rw-s 00000000 00:04 90144782   /SYSV00000000 (deleted)
86175000-86375000 rw-s 3099a000 00:05 8652       /dev/nvidia0
86375000-86475000 rw-s 2da81000 00:05 8652       /dev/nvidia0
86475000-864b5000 rw-s 339b0000 00:05 8652       /dev/nvidia0
864b5000-8650a000 rw-p 00000000 00:00 0 
8650a000-8650b000 ---p 00000000 00:00 0 
8650b000-86d0b000 rw-p 00000000 00:00 0 
86d0b000-8ad0c000 rw-s 00000000 00:12 68968      /run/shm/pulse-shm-4118344439
8ad0c000-8ad0d000 ---p 00000000 00:00 0 
8ad0d000-8b50d000 rw-p 00000000 00:00 0 
8b50d000-8b510000 ---p 00000000 00:00 0 
8b510000-8b55e000 rw-p 00000000 00:00 0 
8b55e000-8b561000 ---p 00000000 00:00 0 
8b561000-8b5af000 rw-p 00000000 00:00 0 
8b5af000-8b5b2000 ---p 00000000 00:00 0 
8b5b2000-8b600000 rw-p 00000000 00:00 0 
8b619000-8b61b000 rw-s 00000000 08:06 160234     /tmp/glfU1xtE (deleted)
8b61b000-8b61f000 rw-s 32505000 00:05 8652       /dev/nvidia0
8b61f000-8b620000 rw-s c0005000 00:05 8652       /dev/nvidia0
8b620000-8b621000 rw-s 32504000 00:05 8652       /dev/nvidia0
8b621000-8b625000 rw-s 33100000 00:05 8652       /dev/nvidia0
8b645000-8b660000 rw-s 2ef60000 00:05 8652       /dev/nvidia0
8b660000-8b6dd000 rw-p 00000000 00:00 0 
8b6dd000-8b6e0000 ---p 00000000 00:00 0 
8b6e0000-8b72e000 rw-p 00000000 00:00 0 
8b72e000-8b735000 r--s 00000000 08:06 395876     /usr/lib/i386-linux-gnu/gconv/gconv-modules.cache
8b735000-8b73c000 r--s 000fb000 08:06 391659     /usr/lib/jvm/java-6-openjdk/jre/lib/resources.jar
8b73c000-8b73d000 r--s 00000000 08:02 12728076   /home/gerardabello/.fontconfig/6b5525953428b443e78619d83c2cb9f6-le32d4.cache-3
8b73d000-8b73e000 r--s 00000000 08:02 12728075   /home/gerardabello/.fontconfig/e02f10c48e0b1d50887b793890992243-le32d4.cache-3
8b73e000-8b73f000 r--s 00000000 08:02 12728074   /home/gerardabello/.fontconfig/c86b9645a814d831761891f99ebfee5e-le32d4.cache-3
8b73f000-8b740000 r--s 00000000 08:02 12728073   /home/gerardabello/.fontconfig/46ecdab28bd615fb3533d7c18f5f1210-le32d4.cache-3
8b740000-8b741000 r--s 00000000 08:02 12728072   /home/gerardabello/.fontconfig/936305f622effb71d3eb6fb83f618788-le32d4.cache-3
8b741000-8b742000 r--s 00000000 08:02 12728046   /home/gerardabello/.fontconfig/4b3f9ae1348fd8081c8c275080ae928c-le32d4.cache-3
8b742000-8b743000 r--s 00000000 08:06 283641     /var/cache/fontconfig/c05880de57d1f5e948fdfacc138775d9-le32d4.cache-3
8b743000-8b749000 r--s 00000000 08:06 283638     /var/cache/fontconfig/945677eb7aeaf62f1d50efc3fb3ec7d8-le32d4.cache-3
8b749000-8b74b000 r--s 00000000 08:06 283639     /var/cache/fontconfig/99e8ed0e538f840c565b6ed5dad60d56-le32d4.cache-3
8b74b000-8b74e000 r--s 00000000 08:06 283649     /var/cache/fontconfig/e383d7ea5fbe662a33d9b44caf393297-le32d4.cache-3
8b74e000-8b751000 r--s 00000000 08:06 283626     /var/cache/fontconfig/2cd17615ca594fa2959ae173292e504c-le32d4.cache-3
8b751000-8b752000 r--s 00000000 08:06 283650     /var/cache/fontconfig/e7071f4a29fa870f4323321c154eba04-le32d4.cache-3
8b752000-8b756000 r--s 00000000 08:06 283635     /var/cache/fontconfig/6eb3985aa4124903f6ff08ba781cd364-le32d4.cache-3
8b756000-8b757000 r--s 00000000 08:06 283630     /var/cache/fontconfig/4c73fe0c47614734b17d736dbde7580a-le32d4.cache-3
8b757000-8b758000 r--s 00000000 08:06 283623     /var/cache/fontconfig/0d8c3b2ac0904cb8a57a757ad11a4a08-le32d4.cache-3
8b758000-8b759000 r--s 00000000 08:06 283633     /var/cache/fontconfig/6a53c69dea097a2d716e069445527da8-le32d4.cache-3
8b759000-8b75d000 r--s 00000000 08:06 283640     /var/cache/fontconfig/a755afe4a08bf5b97852ceb7400b47bc-le32d4.cache-3
8b75d000-8b761000 r--s 00000000 08:06 296050     /var/cache/fontconfig/515ca1ebc4b18308bea979be5704f9db-le32d4.cache-3
8b761000-8b768000 r--s 00000000 08:06 266460     /var/cache/fontconfig/6d41288fd70b0be22e8c3a91e032eec0-le32d4.cache-3
8b768000-8b773000 r--s 00000000 08:06 283624     /var/cache/fontconfig/0f34bcd4b6ee430af32735b75db7f02b-le32d4.cache-3
8b773000-8b776000 r--s 00000000 08:06 283646     /var/cache/fontconfig/d60319d88cac85ba9e1a07bd06cfbb8c-le32d4.cache-3
8b776000-8b777000 r--s 00000000 08:06 275818     /var/cache/fontconfig/4794a0821666d79190d59a36cb4f44b5-le32d4.cache-3
8b777000-8b799000 r--s 00000000 08:06 281467     /var/cache/fontconfig/365b55f210c0a22e9a19e35191240f32-le32d4.cache-3
8b799000-8b7a6000 r--s 00000000 08:06 283645     /var/cache/fontconfig/d52a8644073d54c13679302ca1180695-le32d4.cache-3
8b7a6000-8b7ac000 r--s 00000000 08:06 296049     /var/cache/fontconfig/153bb866d4d26e7cd19eee2129f8d8d2-le32d4.cache-3
8b7ac000-8b7ae000 r--s 00000000 08:06 266457     /var/cache/fontconfig/e13b20fdb08344e0e664864cc2ede53d-le32d4.cache-3
8b7ae000-8b7b1000 r--s 00000000 08:06 296048     /var/cache/fontconfig/7ef2298fde41cc6eeb7af42e48b7d293-le32d4.cache-3
8b7b1000-8b7b2000 r--s 00000000 08:02 12714186   /home/gerardabello/.fontconfig/3ff222172cf6269fd9a27600796983f5-le32d4.cache-3
8b7b2000-8b7b3000 r--s 00000000 08:02 12728076   /home/gerardabello/.fontconfig/6b5525953428b443e78619d83c2cb9f6-le32d4.cache-3
8b7b3000-8b7b4000 r--s 00000000 08:02 12728075   /home/gerardabello/.fontconfig/e02f10c48e0b1d50887b793890992243-le32d4.cache-3
8b7b4000-8b7b5000 r--s 00000000 08:02 12728074   /home/gerardabello/.fontconfig/c86b9645a814d831761891f99ebfee5e-le32d4.cache-3
8b7b5000-8b7b6000 r--s 00000000 08:02 12728073   /home/gerardabello/.fontconfig/46ecdab28bd615fb3533d7c18f5f1210-le32d4.cache-3
8b7b6000-8b7b7000 r--s 00000000 08:02 12728072   /home/gerardabello/.fontconfig/936305f622effb71d3eb6fb83f618788-le32d4.cache-3
8b7b7000-8b7b8000 r--s 00000000 08:02 12728046   /home/gerardabello/.fontconfig/4b3f9ae1348fd8081c8c275080ae928c-le32d4.cache-3
8b7b8000-8b7b9000 r--s 00000000 08:06 283641     /var/cache/fontconfig/c05880de57d1f5e948fdfacc138775d9-le32d4.cache-3
8b7b9000-8b7bf000 r--s 00000000 08:06 283638     /var/cache/fontconfig/945677eb7aeaf62f1d50efc3fb3ec7d8-le32d4.cache-3
8b7bf000-8b7c1000 r--s 00000000 08:06 283639     /var/cache/fontconfig/99e8ed0e538f840c565b6ed5dad60d56-le32d4.cache-3
8b7c1000-8b7c4000 r--s 00000000 08:06 283649     /var/cache/fontconfig/e383d7ea5fbe662a33d9b44caf393297-le32d4.cache-3
8b7c4000-8b7c7000 r--s 00000000 08:06 283626     /var/cache/fontconfig/2cd17615ca594fa2959ae173292e504c-le32d4.cache-3
8b7c7000-8b7c8000 r--s 00000000 08:06 283650     /var/cache/fontconfig/e7071f4a29fa870f4323321c154eba04-le32d4.cache-3
8b7c8000-8b7cc000 r--s 00000000 08:06 283635     /var/cache/fontconfig/6eb3985aa4124903f6ff08ba781cd364-le32d4.cache-3
8b7cc000-8b7cd000 r--s 00000000 08:06 283630     /var/cache/fontconfig/4c73fe0c47614734b17d736dbde7580a-le32d4.cache-3
8b7cd000-8b7ce000 r--s 00000000 08:06 283623     /var/cache/fontconfig/0d8c3b2ac0904cb8a57a757ad11a4a08-le32d4.cache-3
8b7ce000-8b7cf000 r--s 00000000 08:06 283633     /var/cache/fontconfig/6a53c69dea097a2d716e069445527da8-le32d4.cache-3
8b7cf000-8b7d3000 r--s 00000000 08:06 283640     /var/cache/fontconfig/a755afe4a08bf5b97852ceb7400b47bc-le32d4.cache-3
8b7d3000-8b7d7000 r--s 00000000 08:06 296050     /var/cache/fontconfig/515ca1ebc4b18308bea979be5704f9db-le32d4.cache-3
8b7d7000-8b7de000 r--s 00000000 08:06 266460     /var/cache/fontconfig/6d41288fd70b0be22e8c3a91e032eec0-le32d4.cache-3
8b7de000-8b800000 r--s 00000000 08:06 281467     /var/cache/fontconfig/365b55f210c0a22e9a19e35191240f32-le32d4.cache-3
8b800000-8b8fc000 rw-p 00000000 00:00 0 
8b8fc000-8b900000 ---p 00000000 00:00 0 
8b901000-8b902000 rw-s fdc08000 00:05 8652       /dev/nvidia0
8b902000-8b903000 rw-s fd641000 00:05 8652       /dev/nvidia0
8b903000-8b904000 rw-s 2f3f4000 00:05 8652       /dev/nvidia0
8b904000-8b905000 rw-s 3132a000 00:05 8652       /dev/nvidia0
8b905000-8b910000 r--s 00000000 08:06 283624     /var/cache/fontconfig/0f34bcd4b6ee430af32735b75db7f02b-le32d4.cache-3
8b910000-8b913000 r--s 00000000 08:06 283646     /var/cache/fontconfig/d60319d88cac85ba9e1a07bd06cfbb8c-le32d4.cache-3
8b913000-8b920000 r--s 00000000 08:06 283645     /var/cache/fontconfig/d52a8644073d54c13679302ca1180695-le32d4.cache-3
8b920000-8b926000 r--s 00000000 08:06 296049     /var/cache/fontconfig/153bb866d4d26e7cd19eee2129f8d8d2-le32d4.cache-3
8b926000-8b928000 r--s 00000000 08:06 266457     /var/cache/fontconfig/e13b20fdb08344e0e664864cc2ede53d-le32d4.cache-3
8b928000-8b92b000 ---p 00000000 00:00 0 
8b92b000-8b979000 rw-p 00000000 00:00 0 
8b979000-8b986000 r--s 000bc000 08:02 12999220   /home/gerardabello/eclipseworkspace/GoobaDesktop/libs/gdx.jar
8b986000-8b98e000 r--s 00090000 08:02 12999219   /home/gerardabello/eclipseworkspace/GoobaDesktop/libs/gdx-sources.jar
8b98e000-8b9a8000 r--s 00207000 08:02 12999222   /home/gerardabello/eclipseworkspace/GoobaDesktop/libs/gdx-backend-jogl.jar
8b9a8000-8b9a9000 ---p 00000000 00:00 0 
8b9a9000-8ba29000 rw-p 00000000 00:00 0 
8ba29000-8ba2c000 ---p 00000000 00:00 0 
8ba2c000-8ba7a000 rw-p 00000000 00:00 0 
8ba7a000-8ba7d000 ---p 00000000 00:00 0 
8ba7d000-8bafb000 rw-p 00000000 00:00 0 
8bafb000-8bafe000 ---p 00000000 00:00 0 
8bafe000-8bb7c000 rw-p 00000000 00:00 0 
8bb7c000-8bb7f000 ---p 00000000 00:00 0 
8bb7f000-8bbcd000 rw-p 00000000 00:00 0 
8bbcd000-8bdcd000 r--p 00000000 08:06 396750     /usr/lib/locale/locale-archive
8bdcd000-8bdd0000 ---p 00000000 00:00 0 
8bdd0000-8be1e000 rw-p 00000000 00:00 0 
8be1e000-8be21000 ---p 00000000 00:00 0 
8be21000-8be6f000 rw-p 00000000 00:00 0 
8be6f000-8c000000 r--s 037b8000 08:06 391702     /usr/lib/jvm/java-6-openjdk/jre/lib/rt.jar
8c000000-8c100000 rw-p 00000000 00:00 0 
8c100000-8c101000 rw-s fd060000 00:05 8652       /dev/nvidia0
8c101000-8c104000 r--s 00000000 08:06 296048     /var/cache/fontconfig/7ef2298fde41cc6eeb7af42e48b7d293-le32d4.cache-3
8c104000-8c10c000 r--s 00066000 08:06 184157     /usr/share/java/gnome-java-bridge.jar
8c10c000-8c14c000 r--p 002bd000 08:06 396750     /usr/lib/locale/locale-archive
8c14c000-8c14d000 ---p 00000000 00:00 0 
8c14d000-8c200000 rw-p 00000000 00:00 0 
8c200000-8c201000 ---p 00000000 00:00 0 
8c201000-8c281000 rw-p 00000000 00:00 0 
8c281000-8c282000 ---p 00000000 00:00 0 
8c282000-8c302000 rw-p 00000000 00:00 0 
8c302000-8c303000 ---p 00000000 00:00 0 
8c303000-8c383000 rw-p 00000000 00:00 0 
8c383000-8c384000 ---p 00000000 00:00 0 
8c384000-8c40c000 rw-p 00000000 00:00 0 
8c40c000-8c444000 rw-p 00000000 00:00 0 
8c444000-8c44f000 rw-p 00000000 00:00 0 
8c44f000-8c4ef000 rw-p 00000000 00:00 0 
8c4ef000-8c4f7000 rw-p 00000000 00:00 0 
8c4f7000-8c52f000 rw-p 00000000 00:00 0 
8c52f000-8c53a000 rw-p 00000000 00:00 0 
8c53a000-8c5d9000 rw-p 00000000 00:00 0 
8c5d9000-8c5e1000 rw-p 00000000 00:00 0 
8c5e1000-8c5e2000 ---p 00000000 00:00 0 
8c5e2000-8c62f000 rw-p 00000000 00:00 0 
8c62f000-8d630000 rw-p 00000000 00:00 0 
8d630000-94630000 rw-p 00000000 00:00 0 
94630000-95b30000 rw-p 00000000 00:00 0 
95b30000-a9b90000 rw-p 00000000 00:00 0 
a9b90000-aaa30000 rw-p 00000000 00:00 0 
aaa30000-aaaa0000 ---p 00000000 00:00 0 
aaaa0000-b4630000 rw-p 00000000 00:00 0 
b4630000-b4631000 r--p 00000000 00:00 0 
b4631000-b463a000 rw-p 00000000 00:00 0 
b463a000-b46f1000 rw-p 00000000 00:00 0 
b46f1000-b4931000 rwxp 00000000 00:00 0 
b4931000-b76f1000 rw-p 00000000 00:00 0 
b76f1000-b76f4000 ---p 00000000 00:00 0 
b76f4000-b7745000 rw-p 00000000 00:00 0 
b7745000-b7746000 r--s 00000000 08:06 275818     /var/cache/fontconfig/4794a0821666d79190d59a36cb4f44b5-le32d4.cache-3
b7746000-b7747000 r--s 00000000 08:02 12714186   /home/gerardabello/.fontconfig/3ff222172cf6269fd9a27600796983f5-le32d4.cache-3
b7747000-b774a000 r--s 0007d000 08:06 391626     /usr/lib/jvm/java-6-openjdk/jre/lib/jsse.jar
b774a000-b774b000 r--s 001cd000 08:02 12999218   /home/gerardabello/eclipseworkspace/GoobaDesktop/libs/gdx-natives.jar
b774b000-b774c000 r--s 00203000 08:02 12999221   /home/gerardabello/eclipseworkspace/GoobaDesktop/libs/gdx-backend-jogl-natives.jar
b774c000-b774e000 r--s 0000f000 08:06 391653     /usr/lib/jvm/java-6-openjdk/jre/lib/ext/pulse-java.jar
b774e000-b774f000 r--p 0043a000 08:06 396750     /usr/lib/locale/locale-archive
b774f000-b7757000 rw-s 00000000 08:06 134461     /tmp/hsperfdata_gerardabello/9332
b7757000-b7758000 rw-p 00000000 00:00 0 
b7758000-b7759000 r--p 00000000 00:00 0 
b7759000-b775b000 rw-p 00000000 00:00 0 
bfddd000-bfdfe000 rw-p 00000000 00:00 0          [stack]

VM Arguments:
jvm_args: -Dfile.encoding=UTF-8 
java_command: com.gerardas.goobaDesktop.HelloWorldDesktop
Launcher Type: SUN_STANDARD

Environment Variables:
PATH=/home/gerardabello/bin:/usr/lib/lightdm/lightdm:/usr/local/sbin:/usr/local/bin:/usr/sbin:/usr/bin:/sbin:/bin:/usr/games
USERNAME=gerardabello
LD_LIBRARY_PATH=/usr/lib/jvm/java-6-openjdk/jre/lib/i386/server:/usr/lib/jvm/java-6-openjdk/jre/lib/i386:/usr/lib/jvm/java-6-openjdk/jre/../lib/i386:/usr/lib/jvm/java-6-openjdk/jre/lib/i386/client:/usr/lib/jvm/java-6-openjdk/jre/lib/i386:
SHELL=/bin/bash
DISPLAY=:0

Signal Handlers:
SIGSEGV: [libjvm.so+0x66a530], sa_mask[0]=0x7ffbfeff, sa_flags=0x10000004
SIGBUS: [libjvm.so+0x66a530], sa_mask[0]=0x7ffbfeff, sa_flags=0x10000004
SIGFPE: [libjvm.so+0x52e2c0], sa_mask[0]=0x7ffbfeff, sa_flags=0x10000004
SIGPIPE: [libjvm.so+0x52e2c0], sa_mask[0]=0x7ffbfeff, sa_flags=0x10000004
SIGXFSZ: [libjvm.so+0x52e2c0], sa_mask[0]=0x7ffbfeff, sa_flags=0x10000004
SIGILL: [libjvm.so+0x52e2c0], sa_mask[0]=0x7ffbfeff, sa_flags=0x10000004
SIGUSR1: SIG_DFL, sa_mask[0]=0x00000000, sa_flags=0x00000000
SIGUSR2: [libjvm.so+0x52e150], sa_mask[0]=0x00000004, sa_flags=0x10000004
SIGHUP: [libjvm.so+0x5311f0], sa_mask[0]=0x7ffbfeff, sa_flags=0x10000004
SIGINT: [libjvm.so+0x5311f0], sa_mask[0]=0x7ffbfeff, sa_flags=0x10000004
SIGTERM: [libjvm.so+0x5311f0], sa_mask[0]=0x7ffbfeff, sa_flags=0x10000004
SIGQUIT: [libjvm.so+0x5311f0], sa_mask[0]=0x7ffbfeff, sa_flags=0x10000004


---------------  S Y S T E M  ---------------

OS:Ubuntu 11.10 (oneiric)
uname:Linux 3.0.0-14-generic #23-Ubuntu SMP Mon Nov 21 20:34:47 UTC 2011 i686
libc:glibc 2.13 NPTL 2.13 
rlimit: STACK 8192k, CORE 0k, NPROC 15997, NOFILE 4096, AS infinity
load average:0.35 0.40 0.31

/proc/meminfo:
MemTotal:        2061720 kB
MemFree:          357468 kB
Buffers:           35876 kB
Cached:           568460 kB
SwapCached:        24172 kB
Active:           962404 kB
Inactive:         563040 kB
Active(anon):     714436 kB
Inactive(anon):   216904 kB
Active(file):     247968 kB
Inactive(file):   346136 kB
Unevictable:          32 kB
Mlocked:              32 kB
HighTotal:       1187336 kB
HighFree:          15040 kB
LowTotal:         874384 kB
LowFree:          342428 kB
SwapTotal:       2310652 kB
SwapFree:        2147900 kB
Dirty:               316 kB
Writeback:             0 kB
AnonPages:        900600 kB
Mapped:           129704 kB
Shmem:             10232 kB
Slab:              59732 kB
SReclaimable:      35684 kB
SUnreclaim:        24048 kB
KernelStack:        3584 kB
PageTables:         9304 kB
NFS_Unstable:          0 kB
Bounce:                0 kB
WritebackTmp:          0 kB
CommitLimit:     3341512 kB
Committed_AS:    3352904 kB
VmallocTotal:     122880 kB
VmallocUsed:       77224 kB
VmallocChunk:      38396 kB
HardwareCorrupted:     0 kB
AnonHugePages:         0 kB
HugePages_Total:       0
HugePages_Free:        0
HugePages_Rsvd:        0
HugePages_Surp:        0
Hugepagesize:       4096 kB
DirectMap4k:      126968 kB
DirectMap4M:      782336 kB


CPU:total 4 (4 cores per cpu, 1 threads per core) family 6 model 15 stepping 11, cmov, cx8, fxsr, mmx, sse, sse2, sse3, ssse3

Memory: 4k page, physical 2061720k(357344k free), swap 2310652k(2147900k free)

vm_info: OpenJDK Server VM (20.0-b11) for linux-x86 JRE (1.6.0_23-b23), built on Oct 22 2011 01:02:34 by "buildd" with gcc 4.6.1

time: Tue Jan  3 20:18:21 2012
elapsed time: 124 seconds

