#
# A fatal error has been detected by the Java Runtime Environment:
#
#  SIGBUS (0x7) at pc=0x008de818, pid=6357, tid=2340805488
#
# JRE version: 6.0_23-b23
# Java VM: OpenJDK Server VM (20.0-b11 mixed mode linux-x86 )
# Derivative: IcedTea6 1.11pre
# Distribution: Ubuntu 11.10, package 6b23~pre11-0ubuntu1.11.10
# Problematic frame:
# 
[error occurred during error reporting (printing problematic frame), id 0x7]

# If you would like to submit a bug report, please include
# instructions how to reproduce the bug and visit:
#   https://bugs.launchpad.net/ubuntu/+source/openjdk-6/
# The crash happened outside the Java Virtual Machine in native code.
# See problematic frame for where to report the bug.
#

---------------  T H R E A D  ---------------

Current thread (0x8b718400):  JavaThread "AWT-EventQueue-0" [_thread_in_native, id=6382, stack(0x8b80d000,0x8b85e000)]

siginfo:si_signo=SIGBUS: si_errno=0, si_code=2 (BUS_ADRERR), si_addr=0x0095b380

Registers:
EAX=0x9493d40c, EBX=0x0095aff4, ECX=0x000008c0, EDX=0x85fa8000
ESP=0x8b85c47c, EBP=0x8b85c4b8, ESI=0x8b718520, EDI=0x9493d40c
EIP=0x008de818, EFLAGS=0x00210206, CR2=0x0095b380

Top of Stack: (sp=0x8b85c47c)
0x8b85c47c:   008e0a2f 85fa8000 9493d40c 000008c0
0x8b85c48c:   011377fa 015e0ff4 015e0ff4 9493558c
0x8b85c49c:   85fa8000 015e0ff4 015e0ff4 8b718400
0x8b85c4ac:   8d18e2d0 8b85c4e0 8b718400 8b85c4f8
0x8b85c4bc:   b487c49a 8b718520 8b85c4e0 8b85c4d8
0x8b85c4cc:   8b85c4dc 00000230 00000000 9493d400
0x8b85c4dc:   aa44d988 8d18ee40 00000000 85f48d50
0x8b85c4ec:   00000000 8b718520 8b85c570 8b85c544 

Instructions: (pc=0x008de818)
0x008de7f8:   ff a3 84 03 00 00 68 f0 06 00 00 e9 00 f2 ff ff
0x008de808:   ff a3 88 03 00 00 68 f8 06 00 00 e9 f0 f1 ff ff
0x008de818:   ff a3 8c 03 00 00 68 00 07 00 00 e9 e0 f1 ff ff
0x008de828:   ff a3 90 03 00 00 68 08 07 00 00 e9 d0 f1 ff ff 

Register to memory mapping:

EAX=0x9493d40c is an oop
[F 
 - klass: {type array float}
 - length: 1280
EBX=