#
# A fatal error has been detected by the Java Runtime Environment:
#
#  SIGSEGV (0xb) at pc=0x0001881e, pid=4270, tid=2339756912
#
# JRE version: 6.0_23-b23
# Java VM: OpenJDK Server VM (20.0-b11 mixed mode linux-x86 )
# Derivative: IcedTea6 1.11pre
# Distribution: Ubuntu 11.10, package 6b23~pre11-0ubuntu1.11.10
# Problematic frame:
# C  0x0001881e
[error occurred during error reporting (printing problematic frame), id 0xb]

# If you would like to submit a bug report, please include
# instructions how to reproduce the bug and visit:
#   https://bugs.launchpad.net/ubuntu/+source/openjdk-6/
# The crash happened outside the Java Virtual Machine in native code.
# See problematic frame for where to report the bug.
#

---------------  T H R E A D  ---------------

Current thread (0x8b811800):  JavaThread "AWT-EventQueue-0" [_thread_in_native, id=4298, stack(0x8b70d000,0x8b75e000)]

siginfo:si_signo=SIGSEGV: si_errno=0, si_code=1 (SEGV_MAPERR), si_addr=0x0001881e

Registers:
EAX=0x94a90744, EBX=0x00858ff4, ECX=0x000008c0, EDX=0x08c24000
ESP=0x8b75c5cc, EBP=0x8b75c608, ESI=0x8b811920, EDI=0x94a90744
EIP=0x0001881e, EFLAGS=0x00210206, CR2=0x0001881e

Top of Stack: (sp=0x8b75c5cc)
0x8b75c5cc:   007dea2f 08c24000 94a90744 000008c0
0x8b75c5dc:   02900abe 865cc000 00000000 0896b330
0x8b75c5ec:   08c24000 865cc000 0000000b 04a69588
0x8b75c5fc:   00000000 8b75c630 8b811800 8b75c648
0x8b75c60c:   b488f85a 8b811920 8b75c630 8b75c628
0x8b75c61c:   8b75c62c 00000230 00000000 94a90738
0x8b75c62c:   94a4eeb0 8d1bb740 00000012 8b811800
0x8b75c63c:   049fee43 94a7bf24 00000000 94a856b0 

Instructions: (pc=0x0001881e)
0x000187fe:   
[error occurred during error reporting (printing registers, top of stack, instructions near pc), id 0xb]

Register to memory mapping:

EAX=0x94a90744 is an oop
[F 
 - klass: {type array float}
 - length: 1280
EBX=
[error occurred during error reporting (printing register info), id 0xb]

Stack: [0x8b70d000,0x8b75e000],  sp=0x8b75c5cc,  free space=317k
Native frames: (J=compiled Java code, j=interpreted, Vv=VM code, C=native code)
C  0x0001881e
[error occurred during error reporting (printing native stack), id 0xb]

Java frames: (J=compiled Java code, j=interpreted, Vv=VM code)
J  com.badlogic.gdx.utils.BufferUtils.copyJni([FLjava/nio/Buffer;II)V
J  com.badlogic.gdx.graphics.g2d.SpriteBatch.renderMesh()V
J  com.gerardas.goobaDesktop.HelloWorld.draw_grass()V
J  com.gerardas.goobaDesktop.HelloWorld.render(F)V
J  com.gerardas.goobaDesktop.Main.render()V
J  com.sun.opengl.impl.GLDrawableHelper.display(Ljavax/media/opengl/GLAutoDrawable;)V
J  com.sun.opengl.impl.GLDrawableHelper.invokeGL(Ljavax/media/opengl/GLDrawable;Ljavax/media/opengl/GLContext;Ljava/lang/Runnable;Ljava/lang/Runnable;)V
J  java.awt.EventQueue$1.run()Ljava/lang/Object;
v  ~StubRoutines::call_stub
J  java.security.AccessController.doPrivileged(Ljava/security/PrivilegedAction;Ljava/security/AccessControlContext;)Ljava/lang/Object;
J  java.awt.EventDispatchThread.pumpOneEventForFilters(I)Z
J  java.awt.EventDispatchThread.pumpEventsForFilter(ILjava/awt/Conditional;Ljava/awt/EventFilter;)V
j  java.awt.EventDispatchThread.pumpEventsForHierarchy(ILjava/awt/Conditional;Ljava/awt/Component;)V+11
j  java.awt.EventDispatchThread.pumpEvents(ILjava/awt/Conditional;)V+4
j  java.awt.EventDispatchThread.pumpEvents(Ljava/awt/Conditional;)V+3
j  java.awt.EventDispatchThread.run()V+9
v  ~StubRoutines::call_stub

---------------  P R O C E S S  ---------------

Java Threads: ( => current thread )
  0x8b8a1400 JavaThread "DestroyJavaVM" [_thread_blocked, id=4278, stack(0xb77d6000,0xb7827000)]
  0x8b893400 JavaThread "Thread-1" [_thread_blocked, id=4302, stack(0x866b9000,0x8670a000)]
=>0x8b811800 JavaThread "AWT-EventQueue-0" [_thread_in_native, id=4298, stack(0x8b70d000,0x8b75e000)]
  0x8b810c00 JavaThread "AWT-Shutdown" [_thread_blocked, id=4297, stack(0x8b75e000,0x8b7af000)]
  0x8b805c00 JavaThread "AWT-XAWT" daemon [_thread_blocked, id=4292, stack(0x8b7af000,0x8b800000)]
  0x8bfadc00 JavaThread "Java2D Disposer" daemon [_thread_blocked, id=4291, stack(0x8b9f9000,0x8ba4a000)]
  0x8bf15800 JavaThread "Low Memory Detector" daemon [_thread_blocked, id=4289, stack(0x8bacb000,0x8bb1c000)]
  0x8bf13800 JavaThread "C2 CompilerThread1" daemon [_thread_blocked, id=4288, stack(0x8bb1c000,0x8bb9d000)]
  0x8bf11800 JavaThread "C2 CompilerThread0" daemon [_thread_blocked, id=4287, stack(0x8bb9d000,0x8bc1e000)]
  0x8bf10000 JavaThread "Signal Dispatcher" daemon [_thread_blocked, id=4286, stack(0x8bc1e000,0x8bc6f000)]
  0x8bf00800 JavaThread "Finalizer" daemon [_thread_blocked, id=4285, stack(0x8beaf000,0x8bf00000)]
  0x088b4c00 JavaThread "Reference Handler" daemon [_thread_blocked, id=4284, stack(0x8c04a000,0x8c09b000)]

Other Threads:
  0x088b1000 VMThread [stack: 0x8c09b000,0x8c11c000] [id=4283]
  0x8bf17800 WatcherThread [stack: 0x8ba4a000,0x8bacb000] [id=4290]

VM state:not at safepoint (normal execution)

VM Mutex/Monitor currently owned by a thread: None

Heap
 PSYoungGen      total 18240K, used 2175K [0xa9c70000, 0xab230000, 0xb4710000)
  eden space 15104K, 13% used [0xa9c70000,0xa9e5d2f8,0xaab30000)
  from space 3136K, 6% used [0xaaf20000,0xaaf52b30,0xab230000)
  to   space 3584K, 0% used [0xaab30000,0xaab30000,0xaaeb0000)
 PSOldGen        total 21504K, used 4477K [0x94710000, 0x95c10000, 0xa9c70000)
  object space 21504K, 20% used [0x94710000,0x94b6f6c8,0x95c10000)
 PSPermGen       total 16384K, used 13645K [0x8c710000, 0x8d710000, 0x94710000)
  object space 16384K, 83% used [0x8c710000,0x8d4635a0,0x8d710000)

Code Cache  [0xb47d6000, 0xb4a16000, 0xb77d6000)
 total_blobs=732 nmethods=342 adapters=344 free_code_cache=48984448 largest_free_block=10880

Dynamic libraries:
00110000-0012c000 r-xp 00000000 08:06 261570     /lib/i386-linux-gnu/libgcc_s.so.1
0012c000-0012d000 r--p 0001b000 08:06 261570     /lib/i386-linux-gnu/libgcc_s.so.1
0012d000-0012e000 rw-p 0001c000 08:06 261570     /lib/i386-linux-gnu/libgcc_s.so.1
0012e000-00132000 r-xp 00000000 08:06 395300     /usr/lib/i386-linux-gnu/libXfixes.so.3.1.0
00132000-00133000 r--p 00003000 08:06 395300     /usr/lib/i386-linux-gnu/libXfixes.so.3.1.0
00133000-00134000 rw-p 00004000 08:06 395300     /usr/lib/i386-linux-gnu/libXfixes.so.3.1.0
00135000-002ab000 r-xp 00000000 08:06 261549     /lib/i386-linux-gnu/libc-2.13.so
002ab000-002ad000 r--p 00176000 08:06 261549     /lib/i386-linux-gnu/libc-2.13.so
002ad000-002ae000 rw-p 00178000 08:06 261549     /lib/i386-linux-gnu/libc-2.13.so
002ae000-002b1000 rw-p 00000000 00:00 0 
002b1000-002b8000 r-xp 00000000 08:06 261613     /lib/i386-linux-gnu/librt-2.13.so
002b8000-002b9000 r--p 00006000 08:06 261613     /lib/i386-linux-gnu/librt-2.13.so
002b9000-002ba000 rw-p 00007000 08:06 261613     /lib/i386-linux-gnu/librt-2.13.so
002ba000-002c5000 r-xp 00000000 08:06 391691     /usr/lib/jvm/java-6-openjdk/jre/lib/i386/libverify.so
002c5000-002c6000 ---p 0000b000 08:06 391691     /usr/lib/jvm/java-6-openjdk/jre/lib/i386/libverify.so
002c6000-002c7000 r--p 0000b000 08:06 391691     /usr/lib/jvm/java-6-openjdk/jre/lib/i386/libverify.so
002c7000-002c8000 rw-p 0000c000 08:06 391691     /usr/lib/jvm/java-6-openjdk/jre/lib/i386/libverify.so
002c8000-002ee000 r-xp 00000000 08:06 391663     /usr/lib/jvm/java-6-openjdk/jre/lib/i386/libjava.so
002ee000-002ef000 r--p 00025000 08:06 391663     /usr/lib/jvm/java-6-openjdk/jre/lib/i386/libjava.so
002ef000-002f1000 rw-p 00026000 08:06 391663     /usr/lib/jvm/java-6-openjdk/jre/lib/i386/libjava.so
002f1000-002fc000 r-xp 00000000 08:06 261590     /lib/i386-linux-gnu/libnss_files-2.13.so
002fc000-002fd000 r--p 0000a000 08:06 261590     /lib/i386-linux-gnu/libnss_files-2.13.so
002fd000-002fe000 rw-p 0000b000 08:06 261590     /lib/i386-linux-gnu/libnss_files-2.13.so
002fe000-0030c000 r-xp 00000000 08:06 395304     /usr/lib/i386-linux-gnu/libXi.so.6.1.0
0030c000-0030d000 r--p 0000d000 08:06 395304     /usr/lib/i386-linux-gnu/libXi.so.6.1.0
0030d000-0030e000 rw-p 0000e000 08:06 395304     /usr/lib/i386-linux-gnu/libXi.so.6.1.0
0030e000-0032b000 r-xp 00000000 08:06 395584     /usr/lib/i386-linux-gnu/libxcb.so.1.1.0
0032b000-0032c000 r--p 0001c000 08:06 395584     /usr/lib/i386-linux-gnu/libxcb.so.1.1.0
0032c000-0032d000 rw-p 0001d000 08:06 395584     /usr/lib/i386-linux-gnu/libxcb.so.1.1.0
0032d000-0032e000 r-xp 00000000 08:06 391675     /usr/lib/jvm/java-6-openjdk/jre/lib/i386/libjawt.so
0032e000-0032f000 r--p 00000000 08:06 391675     /usr/lib/jvm/java-6-openjdk/jre/lib/i386/libjawt.so
0032f000-00330000 rw-p 00001000 08:06 391675     /usr/lib/jvm/java-6-openjdk/jre/lib/i386/libjawt.so
00330000-00336000 r-xp 00000000 08:06 395445     /usr/lib/i386-linux-gnu/libjson.so.0.0.1
00336000-00337000 r--p 00005000 08:06 395445     /usr/lib/i386-linux-gnu/libjson.so.0.0.1
00337000-00338000 rw-p 00006000 08:06 395445     /usr/lib/i386-linux-gnu/libjson.so.0.0.1
00338000-0033a000 r-xs 00000000 08:06 135319     /tmp/glJ4FTxG (deleted)
0033a000-003cd000 r-xp 00000000 08:06 391671     /usr/lib/jvm/java-6-openjdk/jre/lib/i386/libawt.so
003cd000-003ce000 r--p 00092000 08:06 391671     /usr/lib/jvm/java-6-openjdk/jre/lib/i386/libawt.so
003ce000-003d5000 rw-p 00093000 08:06 391671     /usr/lib/jvm/java-6-openjdk/jre/lib/i386/libawt.so
003d5000-003f9000 rw-p 00000000 00:00 0 
003f9000-00433000 r-xp 00000000 08:06 391701     /usr/lib/jvm/java-6-openjdk/jre/lib/i386/libfontmanager.so
00433000-00434000 r--p 00039000 08:06 391701     /usr/lib/jvm/java-6-openjdk/jre/lib/i386/libfontmanager.so
00434000-00435000 rw-p 0003a000 08:06 391701     /usr/lib/jvm/java-6-openjdk/jre/lib/i386/libfontmanager.so
00435000-0043d000 r-xp 00000000 08:06 261630     /lib/i386-linux-gnu/libwrap.so.0.7.6
0043d000-0043e000 r--p 00007000 08:06 261630     /lib/i386-linux-gnu/libwrap.so.0.7.6
0043e000-0043f000 rw-p 00008000 08:06 261630     /lib/i386-linux-gnu/libwrap.so.0.7.6
0043f000-00444000 r-xp 00000000 08:06 395322     /usr/lib/i386-linux-gnu/libasyncns.so.0.3.1
00444000-00445000 r--p 00004000 08:06 395322     /usr/lib/i386-linux-gnu/libasyncns.so.0.3.1
00445000-00446000 rw-p 00005000 08:06 395322     /usr/lib/i386-linux-gnu/libasyncns.so.0.3.1
00446000-0044a000 r-xp 00000000 08:06 395316     /usr/lib/i386-linux-gnu/libXxf86vm.so.1.0.0
0044a000-0044b000 r--p 00003000 08:06 395316     /usr/lib/i386-linux-gnu/libXxf86vm.so.1.0.0
0044b000-0044c000 rw-p 00004000 08:06 395316     /usr/lib/i386-linux-gnu/libXxf86vm.so.1.0.0
0044c000-00452000 r-xp 00000000 08:06 395488     /usr/lib/i386-linux-gnu/libogg.so.0.7.1
00452000-00453000 r--p 00005000 08:06 395488     /usr/lib/i386-linux-gnu/libogg.so.0.7.1
00453000-00454000 rw-p 00006000 08:06 395488     /usr/lib/i386-linux-gnu/libogg.so.0.7.1
00461000-00463000 r-xp 00000000 08:06 394491     /usr/lib/nvidia-current/tls/libnvidia-tls.so.280.13
00463000-00464000 rw-p 00001000 08:06 394491     /usr/lib/nvidia-current/tls/libnvidia-tls.so.280.13
00464000-0048d000 r-xp 00000000 08:06 395570     /usr/lib/i386-linux-gnu/libvorbis.so.0.4.5
0048d000-0048e000 r--p 00028000 08:06 395570     /usr/lib/i386-linux-gnu/libvorbis.so.0.4.5
0048e000-0048f000 rw-p 00029000 08:06 395570     /usr/lib/i386-linux-gnu/libvorbis.so.0.4.5
00494000-00495000 r-xp 00000000 00:00 0          [vdso]
00495000-00527000 r-xp 00000000 08:06 398229     /usr/lib/i386-linux-gnu/libfreetype.so.6.6.2
00527000-0052b000 r--p 00091000 08:06 398229     /usr/lib/i386-linux-gnu/libfreetype.so.6.6.2
0052b000-0052c000 rw-p 00095000 08:06 398229     /usr/lib/i386-linux-gnu/libfreetype.so.6.6.2
0052c000-0056d000 r-xp 00000000 08:06 208399     /tmp/libgdx/3111846100/libopenal.so
0056d000-0056e000 r--p 00040000 08:06 208399     /tmp/libgdx/3111846100/libopenal.so
0056e000-0056f000 rw-p 00041000 08:06 208399     /tmp/libgdx/3111846100/libopenal.so
0057a000-0058f000 r-xp 00000000 08:06 261584     /lib/i386-linux-gnu/libnsl-2.13.so
0058f000-00590000 r--p 00015000 08:06 261584     /lib/i386-linux-gnu/libnsl-2.13.so
00590000-00591000 rw-p 00016000 08:06 261584     /lib/i386-linux-gnu/libnsl-2.13.so
00591000-00593000 rw-p 00000000 00:00 0 
00593000-005a6000 r-xp 00000000 08:06 261611     /lib/i386-linux-gnu/libresolv-2.13.so
005a6000-005a7000 r--p 00012000 08:06 261611     /lib/i386-linux-gnu/libresolv-2.13.so
005a7000-005a8000 rw-p 00013000 08:06 261611     /lib/i386-linux-gnu/libresolv-2.13.so
005a8000-005aa000 rw-p 00000000 00:00 0 
005d7000-005ff000 r-xp 00000000 08:06 261579     /lib/i386-linux-gnu/libm-2.13.so
005ff000-00600000 r--p 00028000 08:06 261579     /lib/i386-linux-gnu/libm-2.13.so
00600000-00601000 rw-p 00029000 08:06 261579     /lib/i386-linux-gnu/libm-2.13.so
00601000-0065f000 r-xp 00000000 08:06 208400     /tmp/libgdx/3111846100/liblwjgl.so
0065f000-00660000 ---p 0005e000 08:06 208400     /tmp/libgdx/3111846100/liblwjgl.so
00660000-00661000 r--p 0005e000 08:06 208400     /tmp/libgdx/3111846100/liblwjgl.so
00661000-00662000 rw-p 0005f000 08:06 208400     /tmp/libgdx/3111846100/liblwjgl.so
00667000-00668000 r-xp 00000000 08:06 208246     /tmp/libgdx/3111846100/libgluegen-rt-linux32.so
00668000-00669000 rw-p 00000000 08:06 208246     /tmp/libgdx/3111846100/libgluegen-rt-linux32.so
00695000-006b3000 r-xp 00000000 08:06 261536     /lib/i386-linux-gnu/ld-2.13.so
006b3000-006b4000 r--p 0001d000 08:06 261536     /lib/i386-linux-gnu/ld-2.13.so
006b4000-006b5000 rw-p 0001e000 08:06 261536     /lib/i386-linux-gnu/ld-2.13.so
006b6000-006c0000 r-xp 00000000 08:06 261594     /lib/i386-linux-gnu/libnss_nis-2.13.so
006c0000-006c1000 r--p 00009000 08:06 261594     /lib/i386-linux-gnu/libnss_nis-2.13.so
006c1000-006c2000 rw-p 0000a000 08:06 261594     /lib/i386-linux-gnu/libnss_nis-2.13.so
006c2000-0070e000 r-xp 00000000 08:06 425591     /usr/lib/i386-linux-gnu/libpulse.so.0.13.4
0070e000-0070f000 r--p 0004b000 08:06 425591     /usr/lib/i386-linux-gnu/libpulse.so.0.13.4
0070f000-00710000 rw-p 0004c000 08:06 425591     /usr/lib/i386-linux-gnu/libpulse.so.0.13.4
00723000-00734000 r-xp 00000000 08:06 395298     /usr/lib/i386-linux-gnu/libXext.so.6.4.0
00734000-00735000 r--p 00010000 08:06 395298     /usr/lib/i386-linux-gnu/libXext.so.6.4.0
00735000-00736000 rw-p 00011000 08:06 395298     /usr/lib/i386-linux-gnu/libXext.so.6.4.0
00748000-00751000 r-xp 00000000 08:06 395292     /usr/lib/i386-linux-gnu/libXcursor.so.1.0.2
00751000-00752000 r--p 00008000 08:06 395292     /usr/lib/i386-linux-gnu/libXcursor.so.1.0.2
00752000-00753000 rw-p 00009000 08:06 395292     /usr/lib/i386-linux-gnu/libXcursor.so.1.0.2
00753000-0079a000 r-xp 00000000 08:06 261559     /lib/i386-linux-gnu/libdbus-1.so.3.5.7
0079a000-0079b000 r--p 00046000 08:06 261559     /lib/i386-linux-gnu/libdbus-1.so.3.5.7
0079b000-0079c000 rw-p 00047000 08:06 261559     /lib/i386-linux-gnu/libdbus-1.so.3.5.7
007a4000-007a6000 r-xp 00000000 08:06 395288     /usr/lib/i386-linux-gnu/libXau.so.6.0.0
007a6000-007a7000 r--p 00001000 08:06 395288     /usr/lib/i386-linux-gnu/libXau.so.6.0.0
007a7000-007a8000 rw-p 00002000 08:06 395288     /usr/lib/i386-linux-gnu/libXau.so.6.0.0
007bb000-007c2000 r-xp 00000000 08:06 391673     /usr/lib/jvm/java-6-openjdk/jre/lib/i386/libzip.so
007c2000-007c3000 r--p 00006000 08:06 391673     /usr/lib/jvm/java-6-openjdk/jre/lib/i386/libzip.so
007c3000-007c4000 rw-p 00007000 08:06 391673     /usr/lib/jvm/java-6-openjdk/jre/lib/i386/libzip.so
007c4000-00857000 r-xp 00000000 08:06 142891     /tmp/libgdx/3111846100/libgdx.so
00857000-00858000 ---p 00093000 08:06 142891     /tmp/libgdx/3111846100/libgdx.so
00858000-00859000 r--p 00093000 08:06 142891     /tmp/libgdx/3111846100/libgdx.so
00859000-0085a000 rw-p 00094000 08:06 142891     /tmp/libgdx/3111846100/libgdx.so
0085a000-0085d000 rw-p 00000000 00:00 0 
00882000-00887000 r-xp 00000000 08:06 392848     /usr/lib/libXtst.so.6.1.0
00887000-00888000 r--p 00004000 08:06 392848     /usr/lib/libXtst.so.6.1.0
00888000-00889000 rw-p 00005000 08:06 392848     /usr/lib/libXtst.so.6.1.0
00889000-008d5000 r-xp 00000000 08:06 395239     /usr/lib/i386-linux-gnu/libFLAC.so.8.2.0
008d5000-008d6000 r--p 0004b000 08:06 395239     /usr/lib/i386-linux-gnu/libFLAC.so.8.2.0
008d6000-008d7000 rw-p 0004c000 08:06 395239     /usr/lib/i386-linux-gnu/libFLAC.so.8.2.0
008e3000-008ea000 r-xp 00000000 08:06 395308     /usr/lib/i386-linux-gnu/libXrandr.so.2.2.0
008ea000-008eb000 r--p 00006000 08:06 395308     /usr/lib/i386-linux-gnu/libXrandr.so.2.2.0
008eb000-008ec000 rw-p 00007000 08:06 395308     /usr/lib/i386-linux-gnu/libXrandr.so.2.2.0
008ec000-0094f000 r-xp 00000000 08:06 428873     /usr/lib/i386-linux-gnu/libpulsecommon-1.0.so
0094f000-00950000 r--p 00062000 08:06 428873     /usr/lib/i386-linux-gnu/libpulsecommon-1.0.so
00950000-00951000 rw-p 00063000 08:06 428873     /usr/lib/i386-linux-gnu/libpulsecommon-1.0.so
00959000-009a5000 r-xp 00000000 08:06 391718     /usr/lib/jvm/java-6-openjdk/jre/lib/i386/xawt/libmawt.so
009a5000-009a6000 r--p 0004b000 08:06 391718     /usr/lib/jvm/java-6-openjdk/jre/lib/i386/xawt/libmawt.so
009a6000-009a8000 rw-p 0004c000 08:06 391718     /usr/lib/jvm/java-6-openjdk/jre/lib/i386/xawt/libmawt.so
009a8000-009a9000 rw-p 00000000 00:00 0 
009b7000-00ae8000 r-xp 00000000 08:06 395286     /usr/lib/i386-linux-gnu/libX11.so.6.3.0
00ae8000-00ae9000 ---p 00131000 08:06 395286     /usr/lib/i386-linux-gnu/libX11.so.6.3.0
00ae9000-00aea000 r--p 00131000 08:06 395286     /usr/lib/i386-linux-gnu/libX11.so.6.3.0
00aea000-00aec000 rw-p 00132000 08:06 395286     /usr/lib/i386-linux-gnu/libX11.so.6.3.0
00aec000-00aed000 rw-p 00000000 00:00 0 
00b00000-00b01000 r-xp 00000000 08:06 208397     /tmp/libgdx/3111846100/libjogl_awt-linux32.so
00b01000-00b02000 rw-p 00000000 08:06 208397     /tmp/libgdx/3111846100/libjogl_awt-linux32.so
00b3a000-00b51000 r-xp 00000000 08:06 261609     /lib/i386-linux-gnu/libpthread-2.13.so
00b51000-00b52000 r--p 00016000 08:06 261609     /lib/i386-linux-gnu/libpthread-2.13.so
00b52000-00b53000 rw-p 00017000 08:06 261609     /lib/i386-linux-gnu/libpthread-2.13.so
00b53000-00b55000 rw-p 00000000 00:00 0 
00b7e000-00b86000 r-xp 00000000 08:06 261586     /lib/i386-linux-gnu/libnss_compat-2.13.so
00b86000-00b87000 r--p 00007000 08:06 261586     /lib/i386-linux-gnu/libnss_compat-2.13.so
00b87000-00b88000 rw-p 00008000 08:06 261586     /lib/i386-linux-gnu/libnss_compat-2.13.so
00ba9000-00bac000 r-xp 00000000 08:06 261560     /lib/i386-linux-gnu/libdl-2.13.so
00bac000-00bad000 r--p 00002000 08:06 261560     /lib/i386-linux-gnu/libdl-2.13.so
00bad000-00bae000 rw-p 00003000 08:06 261560     /lib/i386-linux-gnu/libdl-2.13.so
00bc5000-00ca3000 r-xp 00000000 08:06 395551     /usr/lib/i386-linux-gnu/libstdc++.so.6.0.16
00ca3000-00ca4000 ---p 000de000 08:06 395551     /usr/lib/i386-linux-gnu/libstdc++.so.6.0.16
00ca4000-00ca8000 r--p 000de000 08:06 395551     /usr/lib/i386-linux-gnu/libstdc++.so.6.0.16
00ca8000-00ca9000 rw-p 000e2000 08:06 395551     /usr/lib/i386-linux-gnu/libstdc++.so.6.0.16
00ca9000-00cb0000 rw-p 00000000 00:00 0 
00d14000-00d18000 r-xp 00000000 08:06 391676     /usr/lib/jvm/java-6-openjdk/jre/lib/i386/jli/libjli.so
00d18000-00d19000 r--p 00003000 08:06 391676     /usr/lib/jvm/java-6-openjdk/jre/lib/i386/jli/libjli.so
00d19000-00d1a000 rw-p 00004000 08:06 391676     /usr/lib/jvm/java-6-openjdk/jre/lib/i386/jli/libjli.so
00d1a000-00d85000 r-xp 00000000 08:06 395540     /usr/lib/i386-linux-gnu/libsndfile.so.1.0.24
00d85000-00d86000 r--p 0006b000 08:06 395540     /usr/lib/i386-linux-gnu/libsndfile.so.1.0.24
00d86000-00d87000 rw-p 0006c000 08:06 395540     /usr/lib/i386-linux-gnu/libsndfile.so.1.0.24
00d87000-00d8b000 rw-p 00000000 00:00 0 
00dac000-00db1000 r-xp 00000000 08:06 395296     /usr/lib/i386-linux-gnu/libXdmcp.so.6.0.0
00db1000-00db2000 r--p 00004000 08:06 395296     /usr/lib/i386-linux-gnu/libXdmcp.so.6.0.0
00db2000-00db3000 rw-p 00005000 08:06 395296     /usr/lib/i386-linux-gnu/libXdmcp.so.6.0.0
00dbb000-00dc4000 r-xp 00000000 08:06 395310     /usr/lib/i386-linux-gnu/libXrender.so.1.3.0
00dc4000-00dc5000 r--p 00008000 08:06 395310     /usr/lib/i386-linux-gnu/libXrender.so.1.3.0
00dc5000-00dc6000 rw-p 00009000 08:06 395310     /usr/lib/i386-linux-gnu/libXrender.so.1.3.0
00e43000-00e56000 r-xp 00000000 08:06 261632     /lib/i386-linux-gnu/libz.so.1.2.3.4
00e56000-00e57000 r--p 00012000 08:06 261632     /lib/i386-linux-gnu/libz.so.1.2.3.4
00e57000-00e58000 rw-p 00013000 08:06 261632     /lib/i386-linux-gnu/libz.so.1.2.3.4
00e58000-01676000 r-xp 00000000 08:06 391683     /usr/lib/jvm/java-6-openjdk/jre/lib/i386/server/libjvm.so
01676000-016bb000 r--p 0081e000 08:06 391683     /usr/lib/jvm/java-6-openjdk/jre/lib/i386/server/libjvm.so
016bb000-016ca000 rw-p 00863000 08:06 391683     /usr/lib/jvm/java-6-openjdk/jre/lib/i386/server/libjvm.so
016ca000-01ae4000 rw-p 00000000 00:00 0 
01ae4000-03384000 r-xp 00000000 08:06 397437     /usr/lib/nvidia-current/libnvidia-glcore.so.280.13
03384000-033e2000 rwxp 018a0000 08:06 397437     /usr/lib/nvidia-current/libnvidia-glcore.so.280.13
033e2000-033f5000 rwxp 00000000 00:00 0 
03a18000-03b7e000 r-xp 00000000 08:06 395572     /usr/lib/i386-linux-gnu/libvorbisenc.so.2.0.8
03b7e000-03b8f000 r--p 00165000 08:06 395572     /usr/lib/i386-linux-gnu/libvorbisenc.so.2.0.8
03b8f000-03b90000 rw-p 00176000 08:06 395572     /usr/lib/i386-linux-gnu/libvorbisenc.so.2.0.8
0498e000-04a69000 r-xp 00000000 08:06 208398     /tmp/libgdx/3111846100/libjogl-linux32.so
04a69000-04a6a000 rw-p 000da000 08:06 208398     /tmp/libgdx/3111846100/libjogl-linux32.so
06540000-065e4000 r-xp 00000000 08:06 394492     /usr/lib/nvidia-current/libGL.so.280.13
065e4000-06603000 rwxp 000a3000 08:06 394492     /usr/lib/nvidia-current/libGL.so.280.13
06603000-06612000 rwxp 00000000 00:00 0 
08048000-08051000 r-xp 00000000 08:06 390933     /usr/lib/jvm/java-6-openjdk/jre/bin/java
08051000-08052000 r--p 00008000 08:06 390933     /usr/lib/jvm/java-6-openjdk/jre/bin/java
08052000-08053000 rw-p 00009000 08:06 390933     /usr/lib/jvm/java-6-openjdk/jre/bin/java
08802000-09199000 rw-p 00000000 00:00 0          [heap]
82a00000-82a71000 rw-p 00000000 00:00 0 
82a71000-82b00000 ---p 00000000 00:00 0 
82bf9000-82cf9000 rw-s 33444000 00:05 5879       /dev/nvidia0
82cf9000-838fd000 rw-p 00000000 00:00 0 
83900000-839fe000 rw-p 00000000 00:00 0 
839fe000-83a00000 ---p 00000000 00:00 0 
83afd000-840ff000 rw-p 00000000 00:00 0 
842fe000-843ff000 rw-p 00000000 00:00 0 
84500000-845f9000 rw-p 00000000 00:00 0 
845f9000-84600000 ---p 00000000 00:00 0 
84700000-847fd000 rw-p 00000000 00:00 0 
847fd000-84800000 ---p 00000000 00:00 0 
84824000-84925000 rw-p 00000000 00:00 0 
84926000-84a26000 rw-s 32150000 00:05 5879       /dev/nvidia0
84a26000-84c27000 rw-p 00000000 00:00 0 
84c28000-84d28000 rw-s 32872000 00:05 5879       /dev/nvidia0
84d28000-84e28000 rw-s 31c5f000 00:05 5879       /dev/nvidia0
84e28000-8501e000 rw-p 00000000 00:00 0 
85112000-85193000 rw-p 00000000 00:00 0 
85300000-853fc000 rw-p 00000000 00:00 0 
853fc000-85400000 ---p 00000000 00:00 0 
8540a000-85600000 rw-p 00000000 00:00 0 
85600000-856fe000 rw-p 00000000 00:00 0 
856fe000-85700000 ---p 00000000 00:00 0 
8573e000-85800000 rw-p 00000000 00:00 0 
85800000-858f8000 rw-p 00000000 00:00 0 
858f8000-85900000 ---p 00000000 00:00 0 
85a68000-85cf9000 rw-p 00000000 00:00 0 
85d08000-85d89000 rw-p 00000000 00:00 0 
85d89000-85f00000 rw-s 00000000 00:04 2457601    /SYSV00000000 (deleted)
85f00000-85ffc000 rw-p 00000000 00:00 0 
85ffc000-86000000 ---p 00000000 00:00 0 
86000000-86200000 rw-s 3397c000 00:05 5879       /dev/nvidia0
86200000-862f1000 rw-p 00000000 00:00 0 
862f1000-86300000 ---p 00000000 00:00 0 
86300000-86400000 rw-s 32b9c000 00:05 5879       /dev/nvidia0
86400000-864be000 rw-p 00000000 00:00 0 
864be000-86500000 ---p 00000000 00:00 0 
8656c000-865ac000 rw-s 33ee0000 00:05 5879       /dev/nvidia0
865cc000-86621000 rw-p 00000000 00:00 0 
86621000-8663c000 rw-s 30060000 00:05 5879       /dev/nvidia0
8663c000-866b9000 rw-p 00000000 00:00 0 
866b9000-866bc000 ---p 00000000 00:00 0 
866bc000-8670a000 rw-p 00000000 00:00 0 
8670a000-8670b000 ---p 00000000 00:00 0 
8670b000-86f0b000 rw-p 00000000 00:00 0 
86f0b000-8af0c000 rw-s 00000000 00:12 23463      /run/shm/pulse-shm-960298098
8af0c000-8af0d000 ---p 00000000 00:00 0 
8af0d000-8b70d000 rw-p 00000000 00:00 0 
8b70d000-8b710000 ---p 00000000 00:00 0 
8b710000-8b75e000 rw-p 00000000 00:00 0 
8b75e000-8b761000 ---p 00000000 00:00 0 
8b761000-8b7af000 rw-p 00000000 00:00 0 
8b7af000-8b7b2000 ---p 00000000 00:00 0 
8b7b2000-8b800000 rw-p 00000000 00:00 0 
8b800000-8b900000 rw-p 00000000 00:00 0 
8b908000-8b90a000 rw-s 00000000 08:06 135319     /tmp/glJ4FTxG (deleted)
8b90a000-8b90e000 rw-s 2e2b5000 00:05 5879       /dev/nvidia0
8b90e000-8b90f000 rw-s c0005000 00:05 5879       /dev/nvidia0
8b90f000-8b910000 rw-s 2e2b4000 00:05 5879       /dev/nvidia0
8b910000-8b914000 rw-s 32944000 00:05 5879       /dev/nvidia0
8b914000-8b915000 rw-s fdc08000 00:05 5879       /dev/nvidia0
8b915000-8b916000 rw-s fd641000 00:05 5879       /dev/nvidia0
8b916000-8b917000 rw-s 31afa000 00:05 5879       /dev/nvidia0
8b917000-8b918000 rw-s 33e71000 00:05 5879       /dev/nvidia0
8b918000-8b919000 rw-s fd060000 00:05 5879       /dev/nvidia0
8b919000-8b920000 r--s 00000000 08:06 395876     /usr/lib/i386-linux-gnu/gconv/gconv-modules.cache
8b920000-8b921000 r--p 00000000 00:00 0 
8b921000-8b928000 r--s 000fb000 08:06 391659     /usr/lib/jvm/java-6-openjdk/jre/lib/resources.jar
8b928000-8b929000 r--s 00000000 08:02 12728076   /home/gerardabello/.fontconfig/6b5525953428b443e78619d83c2cb9f6-le32d4.cache-3
8b929000-8b92a000 r--s 00000000 08:02 12728075   /home/gerardabello/.fontconfig/e02f10c48e0b1d50887b793890992243-le32d4.cache-3
8b92a000-8b92b000 r--s 00000000 08:02 12728074   /home/gerardabello/.fontconfig/c86b9645a814d831761891f99ebfee5e-le32d4.cache-3
8b92b000-8b92c000 r--s 00000000 08:02 12728073   /home/gerardabello/.fontconfig/46ecdab28bd615fb3533d7c18f5f1210-le32d4.cache-3
8b92c000-8b92d000 r--s 00000000 08:02 12728072   /home/gerardabello/.fontconfig/936305f622effb71d3eb6fb83f618788-le32d4.cache-3
8b92d000-8b92e000 r--s 00000000 08:02 12728046   /home/gerardabello/.fontconfig/4b3f9ae1348fd8081c8c275080ae928c-le32d4.cache-3
8b92e000-8b92f000 r--s 00000000 08:06 283641     /var/cache/fontconfig/c05880de57d1f5e948fdfacc138775d9-le32d4.cache-3
8b92f000-8b935000 r--s 00000000 08:06 283638     /var/cache/fontconfig/945677eb7aeaf62f1d50efc3fb3ec7d8-le32d4.cache-3
8b935000-8b937000 r--s 00000000 08:06 283639     /var/cache/fontconfig/99e8ed0e538f840c565b6ed5dad60d56-le32d4.cache-3
8b937000-8b93a000 r--s 00000000 08:06 283649     /var/cache/fontconfig/e383d7ea5fbe662a33d9b44caf393297-le32d4.cache-3
8b93a000-8b93d000 r--s 00000000 08:06 283626     /var/cache/fontconfig/2cd17615ca594fa2959ae173292e504c-le32d4.cache-3
8b93d000-8b93e000 r--s 00000000 08:06 283650     /var/cache/fontconfig/e7071f4a29fa870f4323321c154eba04-le32d4.cache-3
8b93e000-8b942000 r--s 00000000 08:06 283635     /var/cache/fontconfig/6eb3985aa4124903f6ff08ba781cd364-le32d4.cache-3
8b942000-8b943000 r--s 00000000 08:06 283630     /var/cache/fontconfig/4c73fe0c47614734b17d736dbde7580a-le32d4.cache-3
8b943000-8b944000 r--s 00000000 08:06 283623     /var/cache/fontconfig/0d8c3b2ac0904cb8a57a757ad11a4a08-le32d4.cache-3
8b944000-8b945000 r--s 00000000 08:06 283633     /var/cache/fontconfig/6a53c69dea097a2d716e069445527da8-le32d4.cache-3
8b945000-8b949000 r--s 00000000 08:06 283640     /var/cache/fontconfig/a755afe4a08bf5b97852ceb7400b47bc-le32d4.cache-3
8b949000-8b94d000 r--s 00000000 08:06 296050     /var/cache/fontconfig/515ca1ebc4b18308bea979be5704f9db-le32d4.cache-3
8b94d000-8b954000 r--s 00000000 08:06 266460     /var/cache/fontconfig/6d41288fd70b0be22e8c3a91e032eec0-le32d4.cache-3
8b954000-8b95f000 r--s 00000000 08:06 283624     /var/cache/fontconfig/0f34bcd4b6ee430af32735b75db7f02b-le32d4.cache-3
8b95f000-8b962000 r--s 00000000 08:06 283646     /var/cache/fontconfig/d60319d88cac85ba9e1a07bd06cfbb8c-le32d4.cache-3
8b962000-8b963000 r--s 00000000 08:06 275818     /var/cache/fontconfig/4794a0821666d79190d59a36cb4f44b5-le32d4.cache-3
8b963000-8b985000 r--s 00000000 08:06 281467     /var/cache/fontconfig/365b55f210c0a22e9a19e35191240f32-le32d4.cache-3
8b985000-8b992000 r--s 00000000 08:06 283645     /var/cache/fontconfig/d52a8644073d54c13679302ca1180695-le32d4.cache-3
8b992000-8b998000 r--s 00000000 08:06 296049     /var/cache/fontconfig/153bb866d4d26e7cd19eee2129f8d8d2-le32d4.cache-3
8b998000-8b99a000 r--s 00000000 08:06 266457     /var/cache/fontconfig/e13b20fdb08344e0e664864cc2ede53d-le32d4.cache-3
8b99a000-8b99d000 r--s 00000000 08:06 296048     /var/cache/fontconfig/7ef2298fde41cc6eeb7af42e48b7d293-le32d4.cache-3
8b99d000-8b99e000 r--s 00000000 08:02 12714186   /home/gerardabello/.fontconfig/3ff222172cf6269fd9a27600796983f5-le32d4.cache-3
8b99e000-8b99f000 r--s 00000000 08:02 12728076   /home/gerardabello/.fontconfig/6b5525953428b443e78619d83c2cb9f6-le32d4.cache-3
8b99f000-8b9a0000 r--s 00000000 08:02 12728075   /home/gerardabello/.fontconfig/e02f10c48e0b1d50887b793890992243-le32d4.cache-3
8b9a0000-8b9a1000 r--s 00000000 08:02 12728074   /home/gerardabello/.fontconfig/c86b9645a814d831761891f99ebfee5e-le32d4.cache-3
8b9a1000-8b9a2000 r--s 00000000 08:02 12728073   /home/gerardabello/.fontconfig/46ecdab28bd615fb3533d7c18f5f1210-le32d4.cache-3
8b9a2000-8b9a3000 r--s 00000000 08:02 12728072   /home/gerardabello/.fontconfig/936305f622effb71d3eb6fb83f618788-le32d4.cache-3
8b9a3000-8b9a4000 r--s 00000000 08:02 12728046   /home/gerardabello/.fontconfig/4b3f9ae1348fd8081c8c275080ae928c-le32d4.cache-3
8b9a4000-8b9a5000 r--s 00000000 08:06 283641     /var/cache/fontconfig/c05880de57d1f5e948fdfacc138775d9-le32d4.cache-3
8b9a5000-8b9ab000 r--s 00000000 08:06 283638     /var/cache/fontconfig/945677eb7aeaf62f1d50efc3fb3ec7d8-le32d4.cache-3
8b9ab000-8b9ad000 r--s 00000000 08:06 283639     /var/cache/fontconfig/99e8ed0e538f840c565b6ed5dad60d56-le32d4.cache-3
8b9ad000-8b9b0000 r--s 00000000 08:06 283649     /var/cache/fontconfig/e383d7ea5fbe662a33d9b44caf393297-le32d4.cache-3
8b9b0000-8b9b3000 r--s 00000000 08:06 283626     /var/cache/fontconfig/2cd17615ca594fa2959ae173292e504c-le32d4.cache-3
8b9b3000-8b9b4000 r--s 00000000 08:06 283650     /var/cache/fontconfig/e7071f4a29fa870f4323321c154eba04-le32d4.cache-3
8b9b4000-8b9b8000 r--s 00000000 08:06 283635     /var/cache/fontconfig/6eb3985aa4124903f6ff08ba781cd364-le32d4.cache-3
8b9b8000-8b9b9000 r--s 00000000 08:06 283630     /var/cache/fontconfig/4c73fe0c47614734b17d736dbde7580a-le32d4.cache-3
8b9b9000-8b9ba000 r--s 00000000 08:06 283623     /var/cache/fontconfig/0d8c3b2ac0904cb8a57a757ad11a4a08-le32d4.cache-3
8b9ba000-8b9be000 r--s 00000000 08:06 283640     /var/cache/fontconfig/a755afe4a08bf5b97852ceb7400b47bc-le32d4.cache-3
8b9be000-8b9c2000 r--s 00000000 08:06 296050     /var/cache/fontconfig/515ca1ebc4b18308bea979be5704f9db-le32d4.cache-3
8b9c2000-8b9c9000 r--s 00000000 08:06 266460     /var/cache/fontconfig/6d41288fd70b0be22e8c3a91e032eec0-le32d4.cache-3
8b9c9000-8b9d4000 r--s 00000000 08:06 283624     /var/cache/fontconfig/0f34bcd4b6ee430af32735b75db7f02b-le32d4.cache-3
8b9d4000-8b9d7000 r--s 00000000 08:06 283646     /var/cache/fontconfig/d60319d88cac85ba9e1a07bd06cfbb8c-le32d4.cache-3
8b9d7000-8b9f9000 r--s 00000000 08:06 281467     /var/cache/fontconfig/365b55f210c0a22e9a19e35191240f32-le32d4.cache-3
8b9f9000-8b9fc000 ---p 00000000 00:00 0 
8b9fc000-8ba4a000 rw-p 00000000 00:00 0 
8ba4a000-8ba4b000 ---p 00000000 00:00 0 
8ba4b000-8bacb000 rw-p 00000000 00:00 0 
8bacb000-8bace000 ---p 00000000 00:00 0 
8bace000-8bb1c000 rw-p 00000000 00:00 0 
8bb1c000-8bb1f000 ---p 00000000 00:00 0 
8bb1f000-8bb9d000 rw-p 00000000 00:00 0 
8bb9d000-8bba0000 ---p 00000000 00:00 0 
8bba0000-8bc1e000 rw-p 00000000 00:00 0 
8bc1e000-8bc21000 ---p 00000000 00:00 0 
8bc21000-8bc6f000 rw-p 00000000 00:00 0 
8bc6f000-8bcaf000 r--p 002bd000 08:06 396750     /usr/lib/locale/locale-archive
8bcaf000-8beaf000 r--p 00000000 08:06 396750     /usr/lib/locale/locale-archive
8beaf000-8beb2000 ---p 00000000 00:00 0 
8beb2000-8bf00000 rw-p 00000000 00:00 0 
8bf00000-8c000000 rw-p 00000000 00:00 0 
8c000000-8c00d000 r--s 00000000 08:06 283645     /var/cache/fontconfig/d52a8644073d54c13679302ca1180695-le32d4.cache-3
8c00d000-8c013000 r--s 00000000 08:06 296049     /var/cache/fontconfig/153bb866d4d26e7cd19eee2129f8d8d2-le32d4.cache-3
8c013000-8c020000 r--s 000bc000 08:02 12999220   /home/gerardabello/eclipseworkspace/GoobaDesktop/libs/gdx.jar
8c020000-8c028000 r--s 00090000 08:02 12999219   /home/gerardabello/eclipseworkspace/GoobaDesktop/libs/gdx-sources.jar
8c028000-8c042000 r--s 00207000 08:02 12999222   /home/gerardabello/eclipseworkspace/GoobaDesktop/libs/gdx-backend-jogl.jar
8c042000-8c04a000 r--s 00066000 08:06 184157     /usr/share/java/gnome-java-bridge.jar
8c04a000-8c04d000 ---p 00000000 00:00 0 
8c04d000-8c09b000 rw-p 00000000 00:00 0 
8c09b000-8c09c000 ---p 00000000 00:00 0 
8c09c000-8c14f000 rw-p 00000000 00:00 0 
8c14f000-8c2e0000 r--s 037b8000 08:06 391702     /usr/lib/jvm/java-6-openjdk/jre/lib/rt.jar
8c2e0000-8c2e1000 ---p 00000000 00:00 0 
8c2e1000-8c361000 rw-p 00000000 00:00 0 
8c361000-8c362000 ---p 00000000 00:00 0 
8c362000-8c3e2000 rw-p 00000000 00:00 0 
8c3e2000-8c3e3000 ---p 00000000 00:00 0 
8c3e3000-8c463000 rw-p 00000000 00:00 0 
8c463000-8c464000 ---p 00000000 00:00 0 
8c464000-8c4ec000 rw-p 00000000 00:00 0 
8c4ec000-8c524000 rw-p 00000000 00:00 0 
8c524000-8c52f000 rw-p 00000000 00:00 0 
8c52f000-8c5cf000 rw-p 00000000 00:00 0 
8c5cf000-8c5d7000 rw-p 00000000 00:00 0 
8c5d7000-8c60f000 rw-p 00000000 00:00 0 
8c60f000-8c61a000 rw-p 00000000 00:00 0 
8c61a000-8c6b9000 rw-p 00000000 00:00 0 
8c6b9000-8c6c5000 rw-p 00000000 00:00 0 
8c6c5000-8c6c6000 ---p 00000000 00:00 0 
8c6c6000-8c70f000 rw-p 00000000 00:00 0 
8c70f000-8d710000 rw-p 00000000 00:00 0 
8d710000-94710000 rw-p 00000000 00:00 0 
94710000-95c10000 rw-p 00000000 00:00 0 
95c10000-a9c70000 rw-p 00000000 00:00 0 
a9c70000-ab230000 rw-p 00000000 00:00 0 
ab230000-ab350000 ---p 00000000 00:00 0 
ab350000-b4710000 rw-p 00000000 00:00 0 
b4710000-b4711000 r--s 00000000 08:06 283633     /var/cache/fontconfig/6a53c69dea097a2d716e069445527da8-le32d4.cache-3
b4711000-b4713000 r--s 00000000 08:06 266457     /var/cache/fontconfig/e13b20fdb08344e0e664864cc2ede53d-le32d4.cache-3
b4713000-b4716000 r--s 00000000 08:06 296048     /var/cache/fontconfig/7ef2298fde41cc6eeb7af42e48b7d293-le32d4.cache-3
b4716000-b471f000 rw-p 00000000 00:00 0 
b471f000-b47d6000 rw-p 00000000 00:00 0 
b47d6000-b4a16000 rwxp 00000000 00:00 0 
b4a16000-b77d6000 rw-p 00000000 00:00 0 
b77d6000-b77d9000 ---p 00000000 00:00 0 
b77d9000-b782a000 rw-p 00000000 00:00 0 
b782a000-b782b000 r--s 00000000 08:06 275818     /var/cache/fontconfig/4794a0821666d79190d59a36cb4f44b5-le32d4.cache-3
b782b000-b782c000 r--s 00000000 08:02 12714186   /home/gerardabello/.fontconfig/3ff222172cf6269fd9a27600796983f5-le32d4.cache-3
b782c000-b782f000 r--s 0007d000 08:06 391626     /usr/lib/jvm/java-6-openjdk/jre/lib/jsse.jar
b782f000-b7830000 r--s 001cd000 08:02 12999218   /home/gerardabello/eclipseworkspace/GoobaDesktop/libs/gdx-natives.jar
b7830000-b7831000 r--s 00203000 08:02 12999221   /home/gerardabello/eclipseworkspace/GoobaDesktop/libs/gdx-backend-jogl-natives.jar
b7831000-b7833000 r--s 0000f000 08:06 391653     /usr/lib/jvm/java-6-openjdk/jre/lib/ext/pulse-java.jar
b7833000-b7834000 r--p 0043a000 08:06 396750     /usr/lib/locale/locale-archive
b7834000-b783c000 rw-s 00000000 08:06 130368     /tmp/hsperfdata_gerardabello/4270
b783c000-b783d000 rw-p 00000000 00:00 0 
b783d000-b783e000 r--p 00000000 00:00 0 
b783e000-b7840000 rw-p 00000000 00:00 0 
bfbc6000-bfbe7000 rw-p 00000000 00:00 0          [stack]

VM Arguments:
jvm_args: -Dfile.encoding=UTF-8 
java_command: com.gerardas.goobaDesktop.HelloWorldDesktop
Launcher Type: SUN_STANDARD

Environment Variables:
PATH=/home/gerardabello/bin:/usr/lib/lightdm/lightdm:/usr/local/sbin:/usr/local/bin:/usr/sbin:/usr/bin:/sbin:/bin:/usr/games
USERNAME=gerardabello
LD_LIBRARY_PATH=/usr/lib/jvm/java-6-openjdk/jre/lib/i386/server:/usr/lib/jvm/java-6-openjdk/jre/lib/i386:/usr/lib/jvm/java-6-openjdk/jre/../lib/i386:/usr/lib/jvm/java-6-openjdk/jre/lib/i386/client:/usr/lib/jvm/java-6-openjdk/jre/lib/i386:
SHELL=/bin/bash
DISPLAY=:0

Signal Handlers:
SIGSEGV: [libjvm.so+0x66a530], sa_mask[0]=0x7ffbfeff, sa_flags=0x10000004
SIGBUS: [libjvm.so+0x66a530], sa_mask[0]=0x7ffbfeff, sa_flags=0x10000004
SIGFPE: [libjvm.so+0x52e2c0], sa_mask[0]=0x7ffbfeff, sa_flags=0x10000004
SIGPIPE: [libjvm.so+0x52e2c0], sa_mask[0]=0x7ffbfeff, sa_flags=0x10000004
SIGXFSZ: [libjvm.so+0x52e2c0], sa_mask[0]=0x7ffbfeff, sa_flags=0x10000004
SIGILL: [libjvm.so+0x52e2c0], sa_mask[0]=0x7ffbfeff, sa_flags=0x10000004
SIGUSR1: SIG_DFL, sa_mask[0]=0x00000000, sa_flags=0x00000000
SIGUSR2: [libjvm.so+0x52e150], sa_mask[0]=0x00000004, sa_flags=0x10000004
SIGHUP: [libjvm.so+0x5311f0], sa_mask[0]=0x7ffbfeff, sa_flags=0x10000004
SIGINT: [libjvm.so+0x5311f0], sa_mask[0]=0x7ffbfeff, sa_flags=0x10000004
SIGTERM: [libjvm.so+0x5311f0], sa_mask[0]=0x7ffbfeff, sa_flags=0x10000004
SIGQUIT: [libjvm.so+0x5311f0], sa_mask[0]=0x7ffbfeff, sa_flags=0x10000004


---------------  S Y S T E M  ---------------

OS:Ubuntu 11.10 (oneiric)
uname:Linux 3.0.0-14-generic #23-Ubuntu SMP Mon Nov 21 20:34:47 UTC 2011 i686
libc:glibc 2.13 NPTL 2.13 
rlimit: STACK 8192k, CORE 0k, NPROC 15997, NOFILE 4096, AS infinity
load average:0.00 0.05 0.11

/proc/meminfo:
MemTotal:        2061720 kB
MemFree:          152020 kB
Buffers:          152736 kB
Cached:           498148 kB
SwapCached:         2364 kB
Active:          1014864 kB
Inactive:         677100 kB
Active(anon):     700992 kB
Inactive(anon):   347236 kB
Active(file):     313872 kB
Inactive(file):   329864 kB
Unevictable:           0 kB
Mlocked:               0 kB
HighTotal:       1187336 kB
HighFree:          15660 kB
LowTotal:         874384 kB
LowFree:          136360 kB
SwapTotal:       2310652 kB
SwapFree:        2302608 kB
Dirty:              1756 kB
Writeback:             0 kB
AnonPages:       1038900 kB
Mapped:           153960 kB
Shmem:              7328 kB
Slab:             142272 kB
SReclaimable:     123788 kB
SUnreclaim:        18484 kB
KernelStack:        3592 kB
PageTables:         8880 kB
NFS_Unstable:          0 kB
Bounce:                0 kB
WritebackTmp:          0 kB
CommitLimit:     3341512 kB
Committed_AS:    3340132 kB
VmallocTotal:     122880 kB
VmallocUsed:       77348 kB
VmallocChunk:      38396 kB
HardwareCorrupted:     0 kB
AnonHugePages:         0 kB
HugePages_Total:       0
HugePages_Free:        0
HugePages_Rsvd:        0
HugePages_Surp:        0
Hugepagesize:       4096 kB
DirectMap4k:      102392 kB
DirectMap4M:      806912 kB


CPU:total 4 (4 cores per cpu, 1 threads per core) family 6 model 15 stepping 11, cmov, cx8, fxsr, mmx, sse, sse2, sse3, ssse3

Memory: 4k page, physical 2061720k(151896k free), swap 2310652k(2302608k free)

vm_info: OpenJDK Server VM (20.0-b11) for linux-x86 JRE (1.6.0_23-b23), built on Oct 22 2011 01:02:34 by "buildd" with gcc 4.6.1

time: Tue Dec 20 19:34:31 2011
elapsed time: 629 seconds

