#
# A fatal error has been detected by the Java Runtime Environment:
#
#  SIGSEGV (0xb) at pc=0x0001881e, pid=6529, tid=2340629360
#
# JRE version: 6.0_23-b23
# Java VM: OpenJDK Server VM (20.0-b11 mixed mode linux-x86 )
# Derivative: IcedTea6 1.11pre
# Distribution: Ubuntu 11.10, package 6b23~pre11-0ubuntu1.11.10
# Problematic frame:
# C  0x0001881e
[error occurred during error reporting (printing problematic frame), id 0xb]

# If you would like to submit a bug report, please include
# instructions how to reproduce the bug and visit:
#   https://bugs.launchpad.net/ubuntu/+source/openjdk-6/
# The crash happened outside the Java Virtual Machine in native code.
# See problematic frame for where to report the bug.
#

---------------  T H R E A D  ---------------

Current thread (0x8baee400):  JavaThread "AWT-EventQueue-0" [_thread_in_native, id=6554, stack(0x8b7e2000,0x8b833000)]

siginfo:si_signo=SIGSEGV: si_errno=0, si_code=1 (SEGV_MAPERR), si_addr=0x0001881e

Registers:
EAX=0xaaf77ebc, EBX=0x0099eff4, ECX=0x000008c0, EDX=0x85fb4000
ESP=0x8b83172c, EBP=0x8b831768, ESI=0x8baee520, EDI=0xaaf77ebc
EIP=0x0001881e, EFLAGS=0x00010206, CR2=0x0001881e

Top of Stack: (sp=0x8b83172c)
0x8b83172c:   00924a2f 85fb4000 aaf77ebc 000008c0
0x8b83173c:   053a8abe 8658d000 00000000 856e4788
0x8b83174c:   85fb4000 8ce92be8 00000000 00b9b588
0x8b83175c:   00000000 8b831790 8baee400 8b8317a8
0x8b83176c:   b491709a 8baee520 8b831790 8b831788
0x8b83177c:   8b83178c 00000230 00000000 aaf77eb0
0x8b83178c:   aae42a18 8d260f70 8b8317a0 8b8317cc
0x8b83179c:   b488e3bd 00000000 aaf79320 aae42960 

Instructions: (pc=0x0001881e)
0x000187fe:   
[error occurred during error reporting (printing registers, top of stack, instructions near pc), id 0xb]

Register to memory mapping:

EAX=0xaaf77ebc is an unknown value
EBX=
[error occurred during error reporting (printing register info), id 0xb]

Stack: [0x8b7e2000,0x8b833000],  sp=0x8b83172c,  free space=317k
Native frames: (J=compiled Java code, j=interpreted, Vv=VM code, C=native code)
C  0x0001881e
[error occurred during error reporting (printing native stack), id 0xb]

Java frames: (J=compiled Java code, j=interpreted, Vv=VM code)
J  com.badlogic.gdx.utils.BufferUtils.copyJni([FLjava/nio/Buffer;II)V
J  com.badlogic.gdx.graphics.g2d.SpriteBatch.renderMesh()V
J  com.gerardas.goobaDesktop.HelloWorld.draw_grass()V
j  com.gerardas.goobaDesktop.HelloWorld.render(F)V+369
j  com.gerardas.goobaDesktop.Main.render()V+10
j  com.badlogic.gdx.backends.jogl.JoglGraphics.display(Ljavax/media/opengl/GLAutoDrawable;)V+114
j  com.sun.opengl.impl.GLDrawableHelper.display(Ljavax/media/opengl/GLAutoDrawable;)V+29
j  javax.media.opengl.GLCanvas$DisplayAction.run()V+80
j  com.sun.opengl.impl.GLDrawableHelper.invokeGL(Ljavax/media/opengl/GLDrawable;Ljavax/media/opengl/GLContext;Ljava/lang/Runnable;Ljava/lang/Runnable;)V+418
j  javax.media.opengl.GLCanvas$DisplayOnEventDispatchThreadAction.run()V+35
j  java.awt.event.InvocationEvent.dispatch()V+11
j  java.awt.EventQueue.dispatchEventImpl(Ljava/awt/AWTEvent;Ljava/lang/Object;)V+21
j  java.awt.EventQueue.access$000(Ljava/awt/EventQueue;Ljava/awt/AWTEvent;Ljava/lang/Object;)V+3
j  java.awt.EventQueue$1.run()Ljava/lang/Void;+12
j  java.awt.EventQueue$1.run()Ljava/lang/Object;+1
v  ~StubRoutines::call_stub
j  java.security.AccessController.doPrivileged(Ljava/security/PrivilegedAction;Ljava/security/AccessControlContext;)Ljava/lang/Object;+0
j  java.security.AccessControlContext$1.doIntersectionPrivilege(Ljava/security/PrivilegedAction;Ljava/security/AccessControlContext;Ljava/security/AccessControlContext;)Ljava/lang/Object;+28
j  java.awt.EventQueue.dispatchEvent(Ljava/awt/AWTEvent;)V+46
j  java.awt.EventDispatchThread.pumpOneEventForFilters(I)Z+192
j  java.awt.EventDispatchThread.pumpEventsForFilter(ILjava/awt/Conditional;Ljava/awt/EventFilter;)V+30
j  java.awt.EventDispatchThread.pumpEventsForHierarchy(ILjava/awt/Conditional;Ljava/awt/Component;)V+11
j  java.awt.EventDispatchThread.pumpEvents(ILjava/awt/Conditional;)V+4
j  java.awt.EventDispatchThread.pumpEvents(Ljava/awt/Conditional;)V+3
j  java.awt.EventDispatchThread.run()V+9
v  ~StubRoutines::call_stub

---------------  P R O C E S S  ---------------

Java Threads: ( => current thread )
  0x8b60ec00 JavaThread "DestroyJavaVM" [_thread_blocked, id=6534, stack(0xb788b000,0xb78dc000)]
  0x8b60dc00 JavaThread "Thread-1" [_thread_blocked, id=6559, stack(0x8b78a000,0x8b7db000)]
=>0x8baee400 JavaThread "AWT-EventQueue-0" [_thread_in_native, id=6554, stack(0x8b7e2000,0x8b833000)]
  0x8baed800 JavaThread "AWT-Shutdown" [_thread_blocked, id=6553, stack(0x8b834000,0x8b885000)]
  0x8bae2800 JavaThread "AWT-XAWT" daemon [_thread_blocked, id=6548, stack(0x8b885000,0x8b8d6000)]
  0x8ba6ac00 JavaThread "Java2D Disposer" daemon [_thread_blocked, id=6547, stack(0x8b9af000,0x8ba00000)]
  0x8c2b5800 JavaThread "Low Memory Detector" daemon [_thread_blocked, id=6545, stack(0x8bbb8000,0x8bc09000)]
  0x8c2b3800 JavaThread "C2 CompilerThread1" daemon [_thread_blocked, id=6544, stack(0x8bc09000,0x8bc8a000)]
  0x8c2b1800 JavaThread "C2 CompilerThread0" daemon [_thread_blocked, id=6543, stack(0x8bc8a000,0x8bd0b000)]
  0x8c2b0000 JavaThread "Signal Dispatcher" daemon [_thread_blocked, id=6542, stack(0x8bd0b000,0x8bd5c000)]
  0x8c2a0800 JavaThread "Finalizer" daemon [_thread_blocked, id=6541, stack(0x8c30c000,0x8c35d000)]
  0x8c29f000 JavaThread "Reference Handler" daemon [_thread_blocked, id=6540, stack(0x8bf9d000,0x8bfee000)]

Other Threads:
  0x8c29b400 VMThread [stack: 0x8bfee000,0x8c06f000] [id=6539]
  0x8c2b7800 WatcherThread [stack: 0x8bb37000,0x8bbb8000] [id=6546]

VM state:not at safepoint (normal execution)

VM Mutex/Monitor currently owned by a thread: None

Heap
 PSYoungGen      total 17472K, used 12611K [0xa9d20000, 0xaaf80000, 0xb47c0000)
  eden space 16128K, 69% used [0xa9d20000,0xaa821900,0xaace0000)
  from space 1344K, 99% used [0xaae30000,0xaaf7f4f8,0xaaf80000)
  to   space 1344K, 0% used [0xaace0000,0xaace0000,0xaae30000)
 PSOldGen        total 21504K, used 3242K [0x947c0000, 0x95cc0000, 0xa9d20000)
  object space 21504K, 15% used [0x947c0000,0x94aea9d8,0x95cc0000)
 PSPermGen       total 16384K, used 13538K [0x8c7c0000, 0x8d7c0000, 0x947c0000)
  object space 16384K, 82% used [0x8c7c0000,0x8d4f88d8,0x8d7c0000)

Code Cache  [0xb488b000, 0xb4acb000, 0xb788b000)
 total_blobs=547 nmethods=159 adapters=342 free_code_cache=49480064 largest_free_block=11328

Dynamic libraries:
00110000-00138000 r-xp 00000000 08:06 261579     /lib/i386-linux-gnu/libm-2.13.so
00138000-00139000 r--p 00028000 08:06 261579     /lib/i386-linux-gnu/libm-2.13.so
00139000-0013a000 rw-p 00029000 08:06 261579     /lib/i386-linux-gnu/libm-2.13.so
0013a000-00156000 r-xp 00000000 08:06 261570     /lib/i386-linux-gnu/libgcc_s.so.1
00156000-00157000 r--p 0001b000 08:06 261570     /lib/i386-linux-gnu/libgcc_s.so.1
00157000-00158000 rw-p 0001c000 08:06 261570     /lib/i386-linux-gnu/libgcc_s.so.1
00158000-0015f000 r-xp 00000000 08:06 261613     /lib/i386-linux-gnu/librt-2.13.so
0015f000-00160000 r--p 00006000 08:06 261613     /lib/i386-linux-gnu/librt-2.13.so
00160000-00161000 rw-p 00007000 08:06 261613     /lib/i386-linux-gnu/librt-2.13.so
00161000-00166000 r-xp 00000000 08:06 392848     /usr/lib/libXtst.so.6.1.0
00166000-00167000 r--p 00004000 08:06 392848     /usr/lib/libXtst.so.6.1.0
00167000-00168000 rw-p 00005000 08:06 392848     /usr/lib/libXtst.so.6.1.0
00168000-00169000 r-xp 00000000 08:06 140048     /tmp/libgdx/3111846100/libjogl_awt-linux32.so
00169000-0016a000 rw-p 00000000 08:06 140048     /tmp/libgdx/3111846100/libjogl_awt-linux32.so
0016b000-00189000 r-xp 00000000 08:06 261536     /lib/i386-linux-gnu/ld-2.13.so
00189000-0018a000 r--p 0001d000 08:06 261536     /lib/i386-linux-gnu/ld-2.13.so
0018a000-0018b000 rw-p 0001e000 08:06 261536     /lib/i386-linux-gnu/ld-2.13.so
0018b000-00301000 r-xp 00000000 08:06 261549     /lib/i386-linux-gnu/libc-2.13.so
00301000-00303000 r--p 00176000 08:06 261549     /lib/i386-linux-gnu/libc-2.13.so
00303000-00304000 rw-p 00178000 08:06 261549     /lib/i386-linux-gnu/libc-2.13.so
00304000-00307000 rw-p 00000000 00:00 0 
00307000-003e5000 r-xp 00000000 08:06 395551     /usr/lib/i386-linux-gnu/libstdc++.so.6.0.16
003e5000-003e6000 ---p 000de000 08:06 395551     /usr/lib/i386-linux-gnu/libstdc++.so.6.0.16
003e6000-003ea000 r--p 000de000 08:06 395551     /usr/lib/i386-linux-gnu/libstdc++.so.6.0.16
003ea000-003eb000 rw-p 000e2000 08:06 395551     /usr/lib/i386-linux-gnu/libstdc++.so.6.0.16
003eb000-003f2000 rw-p 00000000 00:00 0 
003f2000-00407000 r-xp 00000000 08:06 261584     /lib/i386-linux-gnu/libnsl-2.13.so
00407000-00408000 r--p 00015000 08:06 261584     /lib/i386-linux-gnu/libnsl-2.13.so
00408000-00409000 rw-p 00016000 08:06 261584     /lib/i386-linux-gnu/libnsl-2.13.so
00409000-0040b000 rw-p 00000000 00:00 0 
0040b000-00415000 r-xp 00000000 08:06 261594     /lib/i386-linux-gnu/libnss_nis-2.13.so
00415000-00416000 r--p 00009000 08:06 261594     /lib/i386-linux-gnu/libnss_nis-2.13.so
00416000-00417000 rw-p 0000a000 08:06 261594     /lib/i386-linux-gnu/libnss_nis-2.13.so
00417000-00422000 r-xp 00000000 08:06 261590     /lib/i386-linux-gnu/libnss_files-2.13.so
00422000-00423000 r--p 0000a000 08:06 261590     /lib/i386-linux-gnu/libnss_files-2.13.so
00423000-00424000 rw-p 0000b000 08:06 261590     /lib/i386-linux-gnu/libnss_files-2.13.so
00424000-004b7000 r-xp 00000000 08:06 391671     /usr/lib/jvm/java-6-openjdk/jre/lib/i386/libawt.so
004b7000-004b8000 r--p 00092000 08:06 391671     /usr/lib/jvm/java-6-openjdk/jre/lib/i386/libawt.so
004b8000-004bf000 rw-p 00093000 08:06 391671     /usr/lib/jvm/java-6-openjdk/jre/lib/i386/libawt.so
004bf000-004e3000 rw-p 00000000 00:00 0 
004e3000-0052f000 r-xp 00000000 08:06 391718     /usr/lib/jvm/java-6-openjdk/jre/lib/i386/xawt/libmawt.so
0052f000-00530000 r--p 0004b000 08:06 391718     /usr/lib/jvm/java-6-openjdk/jre/lib/i386/xawt/libmawt.so
00530000-00532000 rw-p 0004c000 08:06 391718     /usr/lib/jvm/java-6-openjdk/jre/lib/i386/xawt/libmawt.so
00532000-00533000 rw-p 00000000 00:00 0 
00533000-00544000 r-xp 00000000 08:06 395298     /usr/lib/i386-linux-gnu/libXext.so.6.4.0
00544000-00545000 r--p 00010000 08:06 395298     /usr/lib/i386-linux-gnu/libXext.so.6.4.0
00545000-00546000 rw-p 00011000 08:06 395298     /usr/lib/i386-linux-gnu/libXext.so.6.4.0
00546000-00677000 r-xp 00000000 08:06 395286     /usr/lib/i386-linux-gnu/libX11.so.6.3.0
00677000-00678000 ---p 00131000 08:06 395286     /usr/lib/i386-linux-gnu/libX11.so.6.3.0
00678000-00679000 r--p 00131000 08:06 395286     /usr/lib/i386-linux-gnu/libX11.so.6.3.0
00679000-0067b000 rw-p 00132000 08:06 395286     /usr/lib/i386-linux-gnu/libX11.so.6.3.0
0067b000-0067c000 rw-p 00000000 00:00 0 
0067c000-00685000 r-xp 00000000 08:06 395310     /usr/lib/i386-linux-gnu/libXrender.so.1.3.0
00685000-00686000 r--p 00008000 08:06 395310     /usr/lib/i386-linux-gnu/libXrender.so.1.3.0
00686000-00687000 rw-p 00009000 08:06 395310     /usr/lib/i386-linux-gnu/libXrender.so.1.3.0
00688000-0069f000 r-xp 00000000 08:06 261609     /lib/i386-linux-gnu/libpthread-2.13.so
0069f000-006a0000 r--p 00016000 08:06 261609     /lib/i386-linux-gnu/libpthread-2.13.so
006a0000-006a1000 rw-p 00017000 08:06 261609     /lib/i386-linux-gnu/libpthread-2.13.so
006a1000-006a3000 rw-p 00000000 00:00 0 
006a3000-006b1000 r-xp 00000000 08:06 395304     /usr/lib/i386-linux-gnu/libXi.so.6.1.0
006b1000-006b2000 r--p 0000d000 08:06 395304     /usr/lib/i386-linux-gnu/libXi.so.6.1.0
006b2000-006b3000 rw-p 0000e000 08:06 395304     /usr/lib/i386-linux-gnu/libXi.so.6.1.0
006b3000-006d0000 r-xp 00000000 08:06 395584     /usr/lib/i386-linux-gnu/libxcb.so.1.1.0
006d0000-006d1000 r--p 0001c000 08:06 395584     /usr/lib/i386-linux-gnu/libxcb.so.1.1.0
006d1000-006d2000 rw-p 0001d000 08:06 395584     /usr/lib/i386-linux-gnu/libxcb.so.1.1.0
006d2000-006d4000 r-xp 00000000 08:06 395288     /usr/lib/i386-linux-gnu/libXau.so.6.0.0
006d4000-006d5000 r--p 00001000 08:06 395288     /usr/lib/i386-linux-gnu/libXau.so.6.0.0
006d5000-006d6000 rw-p 00002000 08:06 395288     /usr/lib/i386-linux-gnu/libXau.so.6.0.0
006d6000-006db000 r-xp 00000000 08:06 395296     /usr/lib/i386-linux-gnu/libXdmcp.so.6.0.0
006db000-006dc000 r--p 00004000 08:06 395296     /usr/lib/i386-linux-gnu/libXdmcp.so.6.0.0
006dc000-006dd000 rw-p 00005000 08:06 395296     /usr/lib/i386-linux-gnu/libXdmcp.so.6.0.0
006dd000-00717000 r-xp 00000000 08:06 391701     /usr/lib/jvm/java-6-openjdk/jre/lib/i386/libfontmanager.so
00717000-00718000 r--p 00039000 08:06 391701     /usr/lib/jvm/java-6-openjdk/jre/lib/i386/libfontmanager.so
00718000-00719000 rw-p 0003a000 08:06 391701     /usr/lib/jvm/java-6-openjdk/jre/lib/i386/libfontmanager.so
00719000-007ab000 r-xp 00000000 08:06 398229     /usr/lib/i386-linux-gnu/libfreetype.so.6.6.2
007ab000-007af000 r--p 00091000 08:06 398229     /usr/lib/i386-linux-gnu/libfreetype.so.6.6.2
007af000-007b0000 rw-p 00095000 08:06 398229     /usr/lib/i386-linux-gnu/libfreetype.so.6.6.2
007b1000-007d7000 r-xp 00000000 08:06 391663     /usr/lib/jvm/java-6-openjdk/jre/lib/i386/libjava.so
007d7000-007d8000 r--p 00025000 08:06 391663     /usr/lib/jvm/java-6-openjdk/jre/lib/i386/libjava.so
007d8000-007da000 rw-p 00026000 08:06 391663     /usr/lib/jvm/java-6-openjdk/jre/lib/i386/libjava.so
007da000-007e3000 r-xp 00000000 08:06 395292     /usr/lib/i386-linux-gnu/libXcursor.so.1.0.2
007e3000-007e4000 r--p 00008000 08:06 395292     /usr/lib/i386-linux-gnu/libXcursor.so.1.0.2
007e4000-007e5000 rw-p 00009000 08:06 395292     /usr/lib/i386-linux-gnu/libXcursor.so.1.0.2
007e5000-007e9000 r-xp 00000000 08:06 395300     /usr/lib/i386-linux-gnu/libXfixes.so.3.1.0
007e9000-007ea000 r--p 00003000 08:06 395300     /usr/lib/i386-linux-gnu/libXfixes.so.3.1.0
007ea000-007eb000 rw-p 00004000 08:06 395300     /usr/lib/i386-linux-gnu/libXfixes.so.3.1.0
007eb000-0088f000 r-xp 00000000 08:06 394492     /usr/lib/nvidia-current/libGL.so.280.13
0088f000-008ae000 rwxp 000a3000 08:06 394492     /usr/lib/nvidia-current/libGL.so.280.13
008ae000-008bd000 rwxp 00000000 00:00 0 
008bd000-008c1000 r-xp 00000000 08:06 395316     /usr/lib/i386-linux-gnu/libXxf86vm.so.1.0.0
008c1000-008c2000 r--p 00003000 08:06 395316     /usr/lib/i386-linux-gnu/libXxf86vm.so.1.0.0
008c2000-008c3000 rw-p 00004000 08:06 395316     /usr/lib/i386-linux-gnu/libXxf86vm.so.1.0.0
008c3000-008c4000 r-xp 00000000 08:06 391675     /usr/lib/jvm/java-6-openjdk/jre/lib/i386/libjawt.so
008c4000-008c5000 r--p 00000000 08:06 391675     /usr/lib/jvm/java-6-openjdk/jre/lib/i386/libjawt.so
008c5000-008c6000 rw-p 00001000 08:06 391675     /usr/lib/jvm/java-6-openjdk/jre/lib/i386/libjawt.so
008c6000-008c8000 r-xp 00000000 08:06 394491     /usr/lib/nvidia-current/tls/libnvidia-tls.so.280.13
008c8000-008c9000 rw-p 00001000 08:06 394491     /usr/lib/nvidia-current/tls/libnvidia-tls.so.280.13
008c9000-008d0000 r-xp 00000000 08:06 395308     /usr/lib/i386-linux-gnu/libXrandr.so.2.2.0
008d0000-008d1000 r--p 00006000 08:06 395308     /usr/lib/i386-linux-gnu/libXrandr.so.2.2.0
008d1000-008d2000 rw-p 00007000 08:06 395308     /usr/lib/i386-linux-gnu/libXrandr.so.2.2.0
008d2000-008d4000 r-xs 00000000 08:06 160229     /tmp/gle9viOx (deleted)
008d8000-008df000 r-xp 00000000 08:06 391673     /usr/lib/jvm/java-6-openjdk/jre/lib/i386/libzip.so
008df000-008e0000 r--p 00006000 08:06 391673     /usr/lib/jvm/java-6-openjdk/jre/lib/i386/libzip.so
008e0000-008e1000 rw-p 00007000 08:06 391673     /usr/lib/jvm/java-6-openjdk/jre/lib/i386/libzip.so
008e1000-008e7000 r-xp 00000000 08:06 395445     /usr/lib/i386-linux-gnu/libjson.so.0.0.1
008e7000-008e8000 r--p 00005000 08:06 395445     /usr/lib/i386-linux-gnu/libjson.so.0.0.1
008e8000-008e9000 rw-p 00006000 08:06 395445     /usr/lib/i386-linux-gnu/libjson.so.0.0.1
008e9000-008f1000 r-xp 00000000 08:06 261630     /lib/i386-linux-gnu/libwrap.so.0.7.6
008f1000-008f2000 r--p 00007000 08:06 261630     /lib/i386-linux-gnu/libwrap.so.0.7.6
008f2000-008f3000 rw-p 00008000 08:06 261630     /lib/i386-linux-gnu/libwrap.so.0.7.6
008f3000-008f8000 r-xp 00000000 08:06 395322     /usr/lib/i386-linux-gnu/libasyncns.so.0.3.1
008f8000-008f9000 r--p 00004000 08:06 395322     /usr/lib/i386-linux-gnu/libasyncns.so.0.3.1
008f9000-008fa000 rw-p 00005000 08:06 395322     /usr/lib/i386-linux-gnu/libasyncns.so.0.3.1
008fa000-00900000 r-xp 00000000 08:06 395488     /usr/lib/i386-linux-gnu/libogg.so.0.7.1
00900000-00901000 r--p 00005000 08:06 395488     /usr/lib/i386-linux-gnu/libogg.so.0.7.1
00901000-00902000 rw-p 00006000 08:06 395488     /usr/lib/i386-linux-gnu/libogg.so.0.7.1
0090a000-0099d000 r-xp 00000000 08:06 139969     /tmp/libgdx/3111846100/libgdx.so
0099d000-0099e000 ---p 00093000 08:06 139969     /tmp/libgdx/3111846100/libgdx.so
0099e000-0099f000 r--p 00093000 08:06 139969     /tmp/libgdx/3111846100/libgdx.so
0099f000-009a0000 rw-p 00094000 08:06 139969     /tmp/libgdx/3111846100/libgdx.so
009a0000-009a3000 rw-p 00000000 00:00 0 
009a3000-009cc000 r-xp 00000000 08:06 395570     /usr/lib/i386-linux-gnu/libvorbis.so.0.4.5
009cc000-009cd000 r--p 00028000 08:06 395570     /usr/lib/i386-linux-gnu/libvorbis.so.0.4.5
009cd000-009ce000 rw-p 00029000 08:06 395570     /usr/lib/i386-linux-gnu/libvorbis.so.0.4.5
009e2000-009ea000 r-xp 00000000 08:06 261586     /lib/i386-linux-gnu/libnss_compat-2.13.so
009ea000-009eb000 r--p 00007000 08:06 261586     /lib/i386-linux-gnu/libnss_compat-2.13.so
009eb000-009ec000 rw-p 00008000 08:06 261586     /lib/i386-linux-gnu/libnss_compat-2.13.so
009f8000-009fc000 r-xp 00000000 08:06 391676     /usr/lib/jvm/java-6-openjdk/jre/lib/i386/jli/libjli.so
009fc000-009fd000 r--p 00003000 08:06 391676     /usr/lib/jvm/java-6-openjdk/jre/lib/i386/jli/libjli.so
009fd000-009fe000 rw-p 00004000 08:06 391676     /usr/lib/jvm/java-6-openjdk/jre/lib/i386/jli/libjli.so
009fe000-00a5c000 r-xp 00000000 08:06 141569     /tmp/libgdx/3111846100/liblwjgl.so
00a5c000-00a5d000 ---p 0005e000 08:06 141569     /tmp/libgdx/3111846100/liblwjgl.so
00a5d000-00a5e000 r--p 0005e000 08:06 141569     /tmp/libgdx/3111846100/liblwjgl.so
00a5e000-00a5f000 rw-p 0005f000 08:06 141569     /tmp/libgdx/3111846100/liblwjgl.so
00a5f000-00aa0000 r-xp 00000000 08:06 140873     /tmp/libgdx/3111846100/libopenal.so
00aa0000-00aa1000 r--p 00040000 08:06 140873     /tmp/libgdx/3111846100/libopenal.so
00aa1000-00aa2000 rw-p 00041000 08:06 140873     /tmp/libgdx/3111846100/libopenal.so
00aa2000-00ab5000 r-xp 00000000 08:06 261611     /lib/i386-linux-gnu/libresolv-2.13.so
00ab5000-00ab6000 r--p 00012000 08:06 261611     /lib/i386-linux-gnu/libresolv-2.13.so
00ab6000-00ab7000 rw-p 00013000 08:06 261611     /lib/i386-linux-gnu/libresolv-2.13.so
00ab7000-00ab9000 rw-p 00000000 00:00 0 
00abe000-00abf000 r-xp 00000000 08:06 140008     /tmp/libgdx/3111846100/libgluegen-rt-linux32.so
00abf000-00ac0000 rw-p 00000000 08:06 140008     /tmp/libgdx/3111846100/libgluegen-rt-linux32.so
00ac0000-00b9b000 r-xp 00000000 08:06 140122     /tmp/libgdx/3111846100/libjogl-linux32.so
00b9b000-00b9c000 rw-p 000da000 08:06 140122     /tmp/libgdx/3111846100/libjogl-linux32.so
00b9c000-00be8000 r-xp 00000000 08:06 425591     /usr/lib/i386-linux-gnu/libpulse.so.0.13.4
00be8000-00be9000 r--p 0004b000 08:06 425591     /usr/lib/i386-linux-gnu/libpulse.so.0.13.4
00be9000-00bea000 rw-p 0004c000 08:06 425591     /usr/lib/i386-linux-gnu/libpulse.so.0.13.4
00c19000-00c2c000 r-xp 00000000 08:06 261632     /lib/i386-linux-gnu/libz.so.1.2.3.4
00c2c000-00c2d000 r--p 00012000 08:06 261632     /lib/i386-linux-gnu/libz.so.1.2.3.4
00c2d000-00c2e000 rw-p 00013000 08:06 261632     /lib/i386-linux-gnu/libz.so.1.2.3.4
00c2e000-00c91000 r-xp 00000000 08:06 428873     /usr/lib/i386-linux-gnu/libpulsecommon-1.0.so
00c91000-00c92000 r--p 00062000 08:06 428873     /usr/lib/i386-linux-gnu/libpulsecommon-1.0.so
00c92000-00c93000 rw-p 00063000 08:06 428873     /usr/lib/i386-linux-gnu/libpulsecommon-1.0.so
00c93000-00cda000 r-xp 00000000 08:06 261559     /lib/i386-linux-gnu/libdbus-1.so.3.5.7
00cda000-00cdb000 r--p 00046000 08:06 261559     /lib/i386-linux-gnu/libdbus-1.so.3.5.7
00cdb000-00cdc000 rw-p 00047000 08:06 261559     /lib/i386-linux-gnu/libdbus-1.so.3.5.7
00d1e000-00d21000 r-xp 00000000 08:06 261560     /lib/i386-linux-gnu/libdl-2.13.so
00d21000-00d22000 r--p 00002000 08:06 261560     /lib/i386-linux-gnu/libdl-2.13.so
00d22000-00d23000 rw-p 00003000 08:06 261560     /lib/i386-linux-gnu/libdl-2.13.so
00d5b000-00d66000 r-xp 00000000 08:06 391691     /usr/lib/jvm/java-6-openjdk/jre/lib/i386/libverify.so
00d66000-00d67000 ---p 0000b000 08:06 391691     /usr/lib/jvm/java-6-openjdk/jre/lib/i386/libverify.so
00d67000-00d68000 r--p 0000b000 08:06 391691     /usr/lib/jvm/java-6-openjdk/jre/lib/i386/libverify.so
00d68000-00d69000 rw-p 0000c000 08:06 391691     /usr/lib/jvm/java-6-openjdk/jre/lib/i386/libverify.so
00da7000-00da8000 r-xp 00000000 00:00 0          [vdso]
00da8000-015c6000 r-xp 00000000 08:06 391683     /usr/lib/jvm/java-6-openjdk/jre/lib/i386/server/libjvm.so
015c6000-0160b000 r--p 0081e000 08:06 391683     /usr/lib/jvm/java-6-openjdk/jre/lib/i386/server/libjvm.so
0160b000-0161a000 rw-p 00863000 08:06 391683     /usr/lib/jvm/java-6-openjdk/jre/lib/i386/server/libjvm.so
0161a000-01a34000 rw-p 00000000 00:00 0 
02975000-029e0000 r-xp 00000000 08:06 395540     /usr/lib/i386-linux-gnu/libsndfile.so.1.0.24
029e0000-029e1000 r--p 0006b000 08:06 395540     /usr/lib/i386-linux-gnu/libsndfile.so.1.0.24
029e1000-029e2000 rw-p 0006c000 08:06 395540     /usr/lib/i386-linux-gnu/libsndfile.so.1.0.24
029e2000-029e6000 rw-p 00000000 00:00 0 
03d9b000-03f01000 r-xp 00000000 08:06 395572     /usr/lib/i386-linux-gnu/libvorbisenc.so.2.0.8
03f01000-03f12000 r--p 00165000 08:06 395572     /usr/lib/i386-linux-gnu/libvorbisenc.so.2.0.8
03f12000-03f13000 rw-p 00176000 08:06 395572     /usr/lib/i386-linux-gnu/libvorbisenc.so.2.0.8
0458c000-05e2c000 r-xp 00000000 08:06 397437     /usr/lib/nvidia-current/libnvidia-glcore.so.280.13
05e2c000-05e8a000 rwxp 018a0000 08:06 397437     /usr/lib/nvidia-current/libnvidia-glcore.so.280.13
05e8a000-05e9d000 rwxp 00000000 00:00 0 
069d0000-06a1c000 r-xp 00000000 08:06 395239     /usr/lib/i386-linux-gnu/libFLAC.so.8.2.0
06a1c000-06a1d000 r--p 0004b000 08:06 395239     /usr/lib/i386-linux-gnu/libFLAC.so.8.2.0
06a1d000-06a1e000 rw-p 0004c000 08:06 395239     /usr/lib/i386-linux-gnu/libFLAC.so.8.2.0
08048000-08051000 r-xp 00000000 08:06 390933     /usr/lib/jvm/java-6-openjdk/jre/bin/java
08051000-08052000 r--p 00008000 08:06 390933     /usr/lib/jvm/java-6-openjdk/jre/bin/java
08052000-08053000 rw-p 00009000 08:06 390933     /usr/lib/jvm/java-6-openjdk/jre/bin/java
09247000-097c7000 rw-p 00000000 00:00 0          [heap]
82824000-82c26000 rw-p 00000000 00:00 0 
82e27000-83228000 rw-p 00000000 00:00 0 
83428000-83a2a000 rw-p 00000000 00:00 0 
83c00000-83c82000 rw-p 00000000 00:00 0 
83c82000-83d00000 ---p 00000000 00:00 0 
83d2a000-8422c000 rw-p 00000000 00:00 0 
8432a000-8452c000 rw-p 00000000 00:00 0 
8462d000-8492f000 rw-p 00000000 00:00 0 
84930000-84a30000 rw-s 2da97000 00:05 8652       /dev/nvidia0
84a30000-84b30000 rw-s 2da6c000 00:05 8652       /dev/nvidia0
84b30000-84bb1000 rw-p 00000000 00:00 0 
84c32000-8501e000 rw-p 00000000 00:00 0 
85089000-8510a000 rw-p 00000000 00:00 0 
8510a000-8520a000 rw-s 2f2c8000 00:05 8652       /dev/nvidia0
8520a000-85400000 rw-p 00000000 00:00 0 
85400000-854ff000 rw-p 00000000 00:00 0 
854ff000-85500000 ---p 00000000 00:00 0 
8553e000-85600000 rw-p 00000000 00:00 0 
85600000-856e5000 rw-p 00000000 00:00 0 
856e5000-85700000 ---p 00000000 00:00 0 
85700000-857fd000 rw-p 00000000 00:00 0 
857fd000-85800000 ---p 00000000 00:00 0 
85800000-858fa000 rw-p 00000000 00:00 0 
858fa000-85900000 ---p 00000000 00:00 0 
85930000-85d89000 rw-p 00000000 00:00 0 
85d89000-85f00000 rw-s 00000000 00:04 4849682    /SYSV00000000 (deleted)
85f00000-85ff2000 rw-p 00000000 00:00 0 
85ff2000-86000000 ---p 00000000 00:00 0 
86000000-86100000 rw-p 00000000 00:00 0 
86100000-86300000 rw-s 32211000 00:05 8652       /dev/nvidia0
86300000-86400000 rw-s 2f08d000 00:05 8652       /dev/nvidia0
86400000-864f2000 rw-p 00000000 00:00 0 
864f2000-86500000 ---p 00000000 00:00 0 
86528000-8652c000 rw-s 2f588000 00:05 8652       /dev/nvidia0
8652c000-8652d000 rw-s fdc08000 00:05 8652       /dev/nvidia0
8652d000-8656d000 rw-s 2f3fb000 00:05 8652       /dev/nvidia0
8658d000-865e2000 rw-p 00000000 00:00 0 
865e2000-865fd000 rw-s 2ef60000 00:05 8652       /dev/nvidia0
865fd000-865fe000 ---p 00000000 00:00 0 
865fe000-86dfe000 rw-p 00000000 00:00 0 
86dfe000-8adff000 rw-s 00000000 00:12 36627      /run/shm/pulse-shm-3120535148
8adff000-8ae00000 ---p 00000000 00:00 0 
8ae00000-8b600000 rw-p 00000000 00:00 0 
8b600000-8b6ff000 rw-p 00000000 00:00 0 
8b6ff000-8b700000 ---p 00000000 00:00 0 
8b701000-8b703000 rw-s 00000000 08:06 160229     /tmp/gle9viOx (deleted)
8b703000-8b704000 rw-s c0005000 00:05 8652       /dev/nvidia0
8b704000-8b705000 rw-s 334bd000 00:05 8652       /dev/nvidia0
8b705000-8b709000 rw-s 2e902000 00:05 8652       /dev/nvidia0
8b709000-8b70a000 rw-s fd641000 00:05 8652       /dev/nvidia0
8b70a000-8b70b000 rw-s 2f3f4000 00:05 8652       /dev/nvidia0
8b70b000-8b70c000 rw-s 2f5e3000 00:05 8652       /dev/nvidia0
8b70c000-8b70d000 rw-s fd060000 00:05 8652       /dev/nvidia0
8b70d000-8b78a000 rw-p 00000000 00:00 0 
8b78a000-8b78d000 ---p 00000000 00:00 0 
8b78d000-8b7db000 rw-p 00000000 00:00 0 
8b7db000-8b7e2000 r--s 00000000 08:06 395876     /usr/lib/i386-linux-gnu/gconv/gconv-modules.cache
8b7e2000-8b7e5000 ---p 00000000 00:00 0 
8b7e5000-8b833000 rw-p 00000000 00:00 0 
8b833000-8b834000 r--p 00000000 00:00 0 
8b834000-8b837000 ---p 00000000 00:00 0 
8b837000-8b885000 rw-p 00000000 00:00 0 
8b885000-8b888000 ---p 00000000 00:00 0 
8b888000-8b8d6000 rw-p 00000000 00:00 0 
8b8d6000-8b8dd000 r--s 000fb000 08:06 391659     /usr/lib/jvm/java-6-openjdk/jre/lib/resources.jar
8b8dd000-8b8de000 r--s 00000000 08:02 12728076   /home/gerardabello/.fontconfig/6b5525953428b443e78619d83c2cb9f6-le32d4.cache-3
8b8de000-8b8df000 r--s 00000000 08:02 12728075   /home/gerardabello/.fontconfig/e02f10c48e0b1d50887b793890992243-le32d4.cache-3
8b8df000-8b8e0000 r--s 00000000 08:02 12728074   /home/gerardabello/.fontconfig/c86b9645a814d831761891f99ebfee5e-le32d4.cache-3
8b8e0000-8b8e1000 r--s 00000000 08:02 12728073   /home/gerardabello/.fontconfig/46ecdab28bd615fb3533d7c18f5f1210-le32d4.cache-3
8b8e1000-8b8e2000 r--s 00000000 08:02 12728072   /home/gerardabello/.fontconfig/936305f622effb71d3eb6fb83f618788-le32d4.cache-3
8b8e2000-8b8e3000 r--s 00000000 08:02 12728046   /home/gerardabello/.fontconfig/4b3f9ae1348fd8081c8c275080ae928c-le32d4.cache-3
8b8e3000-8b8e4000 r--s 00000000 08:06 283641     /var/cache/fontconfig/c05880de57d1f5e948fdfacc138775d9-le32d4.cache-3
8b8e4000-8b8ea000 r--s 00000000 08:06 283638     /var/cache/fontconfig/945677eb7aeaf62f1d50efc3fb3ec7d8-le32d4.cache-3
8b8ea000-8b8ec000 r--s 00000000 08:06 283639     /var/cache/fontconfig/99e8ed0e538f840c565b6ed5dad60d56-le32d4.cache-3
8b8ec000-8b8ef000 r--s 00000000 08:06 283649     /var/cache/fontconfig/e383d7ea5fbe662a33d9b44caf393297-le32d4.cache-3
8b8ef000-8b8f2000 r--s 00000000 08:06 283626     /var/cache/fontconfig/2cd17615ca594fa2959ae173292e504c-le32d4.cache-3
8b8f2000-8b8f3000 r--s 00000000 08:06 283650     /var/cache/fontconfig/e7071f4a29fa870f4323321c154eba04-le32d4.cache-3
8b8f3000-8b8f7000 r--s 00000000 08:06 283635     /var/cache/fontconfig/6eb3985aa4124903f6ff08ba781cd364-le32d4.cache-3
8b8f7000-8b8f8000 r--s 00000000 08:06 283630     /var/cache/fontconfig/4c73fe0c47614734b17d736dbde7580a-le32d4.cache-3
8b8f8000-8b8f9000 r--s 00000000 08:06 283623     /var/cache/fontconfig/0d8c3b2ac0904cb8a57a757ad11a4a08-le32d4.cache-3
8b8f9000-8b8fa000 r--s 00000000 08:06 283633     /var/cache/fontconfig/6a53c69dea097a2d716e069445527da8-le32d4.cache-3
8b8fa000-8b8fe000 r--s 00000000 08:06 283640     /var/cache/fontconfig/a755afe4a08bf5b97852ceb7400b47bc-le32d4.cache-3
8b8fe000-8b902000 r--s 00000000 08:06 296050     /var/cache/fontconfig/515ca1ebc4b18308bea979be5704f9db-le32d4.cache-3
8b902000-8b909000 r--s 00000000 08:06 266460     /var/cache/fontconfig/6d41288fd70b0be22e8c3a91e032eec0-le32d4.cache-3
8b909000-8b914000 r--s 00000000 08:06 283624     /var/cache/fontconfig/0f34bcd4b6ee430af32735b75db7f02b-le32d4.cache-3
8b914000-8b917000 r--s 00000000 08:06 283646     /var/cache/fontconfig/d60319d88cac85ba9e1a07bd06cfbb8c-le32d4.cache-3
8b917000-8b918000 r--s 00000000 08:06 275818     /var/cache/fontconfig/4794a0821666d79190d59a36cb4f44b5-le32d4.cache-3
8b918000-8b93a000 r--s 00000000 08:06 281467     /var/cache/fontconfig/365b55f210c0a22e9a19e35191240f32-le32d4.cache-3
8b93a000-8b947000 r--s 00000000 08:06 283645     /var/cache/fontconfig/d52a8644073d54c13679302ca1180695-le32d4.cache-3
8b947000-8b94d000 r--s 00000000 08:06 296049     /var/cache/fontconfig/153bb866d4d26e7cd19eee2129f8d8d2-le32d4.cache-3
8b94d000-8b94f000 r--s 00000000 08:06 266457     /var/cache/fontconfig/e13b20fdb08344e0e664864cc2ede53d-le32d4.cache-3
8b94f000-8b952000 r--s 00000000 08:06 296048     /var/cache/fontconfig/7ef2298fde41cc6eeb7af42e48b7d293-le32d4.cache-3
8b952000-8b953000 r--s 00000000 08:02 12714186   /home/gerardabello/.fontconfig/3ff222172cf6269fd9a27600796983f5-le32d4.cache-3
8b953000-8b954000 r--s 00000000 08:02 12728076   /home/gerardabello/.fontconfig/6b5525953428b443e78619d83c2cb9f6-le32d4.cache-3
8b954000-8b955000 r--s 00000000 08:02 12728075   /home/gerardabello/.fontconfig/e02f10c48e0b1d50887b793890992243-le32d4.cache-3
8b955000-8b956000 r--s 00000000 08:02 12728074   /home/gerardabello/.fontconfig/c86b9645a814d831761891f99ebfee5e-le32d4.cache-3
8b956000-8b957000 r--s 00000000 08:02 12728073   /home/gerardabello/.fontconfig/46ecdab28bd615fb3533d7c18f5f1210-le32d4.cache-3
8b957000-8b958000 r--s 00000000 08:02 12728072   /home/gerardabello/.fontconfig/936305f622effb71d3eb6fb83f618788-le32d4.cache-3
8b958000-8b959000 r--s 00000000 08:02 12728046   /home/gerardabello/.fontconfig/4b3f9ae1348fd8081c8c275080ae928c-le32d4.cache-3
8b959000-8b95a000 r--s 00000000 08:06 283641     /var/cache/fontconfig/c05880de57d1f5e948fdfacc138775d9-le32d4.cache-3
8b95a000-8b960000 r--s 00000000 08:06 283638     /var/cache/fontconfig/945677eb7aeaf62f1d50efc3fb3ec7d8-le32d4.cache-3
8b960000-8b962000 r--s 00000000 08:06 283639     /var/cache/fontconfig/99e8ed0e538f840c565b6ed5dad60d56-le32d4.cache-3
8b962000-8b965000 r--s 00000000 08:06 283649     /var/cache/fontconfig/e383d7ea5fbe662a33d9b44caf393297-le32d4.cache-3
8b965000-8b968000 r--s 00000000 08:06 283626     /var/cache/fontconfig/2cd17615ca594fa2959ae173292e504c-le32d4.cache-3
8b968000-8b969000 r--s 00000000 08:06 283650     /var/cache/fontconfig/e7071f4a29fa870f4323321c154eba04-le32d4.cache-3
8b969000-8b96d000 r--s 00000000 08:06 283635     /var/cache/fontconfig/6eb3985aa4124903f6ff08ba781cd364-le32d4.cache-3
8b96d000-8b96e000 r--s 00000000 08:06 283630     /var/cache/fontconfig/4c73fe0c47614734b17d736dbde7580a-le32d4.cache-3
8b96e000-8b975000 r--s 00000000 08:06 266460     /var/cache/fontconfig/6d41288fd70b0be22e8c3a91e032eec0-le32d4.cache-3
8b975000-8b980000 r--s 00000000 08:06 283624     /var/cache/fontconfig/0f34bcd4b6ee430af32735b75db7f02b-le32d4.cache-3
8b980000-8b9a2000 r--s 00000000 08:06 281467     /var/cache/fontconfig/365b55f210c0a22e9a19e35191240f32-le32d4.cache-3
8b9a2000-8b9af000 r--s 00000000 08:06 283645     /var/cache/fontconfig/d52a8644073d54c13679302ca1180695-le32d4.cache-3
8b9af000-8b9b2000 ---p 00000000 00:00 0 
8b9b2000-8ba00000 rw-p 00000000 00:00 0 
8ba00000-8bafc000 rw-p 00000000 00:00 0 
8bafc000-8bb00000 ---p 00000000 00:00 0 
8bb00000-8bb01000 r--s 00000000 08:06 283623     /var/cache/fontconfig/0d8c3b2ac0904cb8a57a757ad11a4a08-le32d4.cache-3
8bb01000-8bb02000 r--s 00000000 08:06 283633     /var/cache/fontconfig/6a53c69dea097a2d716e069445527da8-le32d4.cache-3
8bb02000-8bb06000 r--s 00000000 08:06 283640     /var/cache/fontconfig/a755afe4a08bf5b97852ceb7400b47bc-le32d4.cache-3
8bb06000-8bb0a000 r--s 00000000 08:06 296050     /var/cache/fontconfig/515ca1ebc4b18308bea979be5704f9db-le32d4.cache-3
8bb0a000-8bb10000 r--s 00000000 08:06 296049     /var/cache/fontconfig/153bb866d4d26e7cd19eee2129f8d8d2-le32d4.cache-3
8bb10000-8bb1d000 r--s 000bc000 08:02 12999220   /home/gerardabello/eclipseworkspace/GoobaDesktop/libs/gdx.jar
8bb1d000-8bb37000 r--s 00207000 08:02 12999222   /home/gerardabello/eclipseworkspace/GoobaDesktop/libs/gdx-backend-jogl.jar
8bb37000-8bb38000 ---p 00000000 00:00 0 
8bb38000-8bbb8000 rw-p 00000000 00:00 0 
8bbb8000-8bbbb000 ---p 00000000 00:00 0 
8bbbb000-8bc09000 rw-p 00000000 00:00 0 
8bc09000-8bc0c000 ---p 00000000 00:00 0 
8bc0c000-8bc8a000 rw-p 00000000 00:00 0 
8bc8a000-8bc8d000 ---p 00000000 00:00 0 
8bc8d000-8bd0b000 rw-p 00000000 00:00 0 
8bd0b000-8bd0e000 ---p 00000000 00:00 0 
8bd0e000-8bd5c000 rw-p 00000000 00:00 0 
8bd5c000-8bd5d000 r--p 0043a000 08:06 396750     /usr/lib/locale/locale-archive
8bd5d000-8bd9d000 r--p 002bd000 08:06 396750     /usr/lib/locale/locale-archive
8bd9d000-8bf9d000 r--p 00000000 08:06 396750     /usr/lib/locale/locale-archive
8bf9d000-8bfa0000 ---p 00000000 00:00 0 
8bfa0000-8bfee000 rw-p 00000000 00:00 0 
8bfee000-8bfef000 ---p 00000000 00:00 0 
8bfef000-8c06f000 rw-p 00000000 00:00 0 
8c06f000-8c200000 r--s 037b8000 08:06 391702     /usr/lib/jvm/java-6-openjdk/jre/lib/rt.jar
8c200000-8c2f3000 rw-p 00000000 00:00 0 
8c2f3000-8c300000 ---p 00000000 00:00 0 
8c300000-8c303000 r--s 00000000 08:06 283646     /var/cache/fontconfig/d60319d88cac85ba9e1a07bd06cfbb8c-le32d4.cache-3
8c303000-8c304000 r--s 00000000 08:06 275818     /var/cache/fontconfig/4794a0821666d79190d59a36cb4f44b5-le32d4.cache-3
8c304000-8c306000 r--s 00000000 08:06 266457     /var/cache/fontconfig/e13b20fdb08344e0e664864cc2ede53d-le32d4.cache-3
8c306000-8c309000 r--s 00000000 08:06 296048     /var/cache/fontconfig/7ef2298fde41cc6eeb7af42e48b7d293-le32d4.cache-3
8c309000-8c30c000 r--s 0007d000 08:06 391626     /usr/lib/jvm/java-6-openjdk/jre/lib/jsse.jar
8c30c000-8c30f000 ---p 00000000 00:00 0 
8c30f000-8c390000 rw-p 00000000 00:00 0 
8c390000-8c391000 ---p 00000000 00:00 0 
8c391000-8c411000 rw-p 00000000 00:00 0 
8c411000-8c412000 ---p 00000000 00:00 0 
8c412000-8c492000 rw-p 00000000 00:00 0 
8c492000-8c493000 ---p 00000000 00:00 0 
8c493000-8c513000 rw-p 00000000 00:00 0 
8c513000-8c514000 ---p 00000000 00:00 0 
8c514000-8c59c000 rw-p 00000000 00:00 0 
8c59c000-8c5d4000 rw-p 00000000 00:00 0 
8c5d4000-8c5df000 rw-p 00000000 00:00 0 
8c5df000-8c67f000 rw-p 00000000 00:00 0 
8c67f000-8c687000 rw-p 00000000 00:00 0 
8c687000-8c6bf000 rw-p 00000000 00:00 0 
8c6bf000-8c6ca000 rw-p 00000000 00:00 0 
8c6ca000-8c769000 rw-p 00000000 00:00 0 
8c769000-8c773000 rw-p 00000000 00:00 0 
8c773000-8c7bf000 rw-p 00000000 00:00 0 
8c7bf000-8d7c0000 rw-p 00000000 00:00 0 
8d7c0000-947c0000 rw-p 00000000 00:00 0 
947c0000-95cc0000 rw-p 00000000 00:00 0 
95cc0000-a9d20000 rw-p 00000000 00:00 0 
a9d20000-aaf80000 rw-p 00000000 00:00 0 
aaf80000-b47c0000 rw-p 00000000 00:00 0 
b47c0000-b47c1000 r--s 00000000 08:02 12714186   /home/gerardabello/.fontconfig/3ff222172cf6269fd9a27600796983f5-le32d4.cache-3
b47c1000-b47c9000 r--s 00090000 08:02 12999219   /home/gerardabello/eclipseworkspace/GoobaDesktop/libs/gdx-sources.jar
b47c9000-b47ca000 r--s 001cd000 08:02 12999218   /home/gerardabello/eclipseworkspace/GoobaDesktop/libs/gdx-natives.jar
b47ca000-b47cb000 r--s 00203000 08:02 12999221   /home/gerardabello/eclipseworkspace/GoobaDesktop/libs/gdx-backend-jogl-natives.jar
b47cb000-b47d4000 rw-p 00000000 00:00 0 
b47d4000-b488b000 rw-p 00000000 00:00 0 
b488b000-b4acb000 rwxp 00000000 00:00 0 
b4acb000-b788b000 rw-p 00000000 00:00 0 
b788b000-b788e000 ---p 00000000 00:00 0 
b788e000-b78df000 rw-p 00000000 00:00 0 
b78df000-b78e7000 r--s 00066000 08:06 184157     /usr/share/java/gnome-java-bridge.jar
b78e7000-b78e9000 r--s 0000f000 08:06 391653     /usr/lib/jvm/java-6-openjdk/jre/lib/ext/pulse-java.jar
b78e9000-b78f1000 rw-s 00000000 08:06 141612     /tmp/hsperfdata_gerardabello/6529
b78f1000-b78f2000 rw-p 00000000 00:00 0 
b78f2000-b78f3000 r--p 00000000 00:00 0 
b78f3000-b78f5000 rw-p 00000000 00:00 0 
bf8af000-bf8d0000 rw-p 00000000 00:00 0          [stack]

VM Arguments:
jvm_args: -Dfile.encoding=UTF-8 
java_command: com.gerardas.goobaDesktop.HelloWorldDesktop
Launcher Type: SUN_STANDARD

Environment Variables:
PATH=/home/gerardabello/bin:/usr/lib/lightdm/lightdm:/usr/local/sbin:/usr/local/bin:/usr/sbin:/usr/bin:/sbin:/bin:/usr/games
USERNAME=gerardabello
LD_LIBRARY_PATH=/usr/lib/jvm/java-6-openjdk/jre/lib/i386/server:/usr/lib/jvm/java-6-openjdk/jre/lib/i386:/usr/lib/jvm/java-6-openjdk/jre/../lib/i386:/usr/lib/jvm/java-6-openjdk/jre/lib/i386/client:/usr/lib/jvm/java-6-openjdk/jre/lib/i386:
SHELL=/bin/bash
DISPLAY=:0

Signal Handlers:
SIGSEGV: [libjvm.so+0x66a530], sa_mask[0]=0x7ffbfeff, sa_flags=0x10000004
SIGBUS: [libjvm.so+0x66a530], sa_mask[0]=0x7ffbfeff, sa_flags=0x10000004
SIGFPE: [libjvm.so+0x52e2c0], sa_mask[0]=0x7ffbfeff, sa_flags=0x10000004
SIGPIPE: [libjvm.so+0x52e2c0], sa_mask[0]=0x7ffbfeff, sa_flags=0x10000004
SIGXFSZ: [libjvm.so+0x52e2c0], sa_mask[0]=0x7ffbfeff, sa_flags=0x10000004
SIGILL: [libjvm.so+0x52e2c0], sa_mask[0]=0x7ffbfeff, sa_flags=0x10000004
SIGUSR1: SIG_DFL, sa_mask[0]=0x00000000, sa_flags=0x00000000
SIGUSR2: [libjvm.so+0x52e150], sa_mask[0]=0x00000004, sa_flags=0x10000004
SIGHUP: [libjvm.so+0x5311f0], sa_mask[0]=0x7ffbfeff, sa_flags=0x10000004
SIGINT: [libjvm.so+0x5311f0], sa_mask[0]=0x7ffbfeff, sa_flags=0x10000004
SIGTERM: [libjvm.so+0x5311f0], sa_mask[0]=0x7ffbfeff, sa_flags=0x10000004
SIGQUIT: [libjvm.so+0x5311f0], sa_mask[0]=0x7ffbfeff, sa_flags=0x10000004


---------------  S Y S T E M  ---------------

OS:Ubuntu 11.10 (oneiric)
uname:Linux 3.0.0-14-generic #23-Ubuntu SMP Mon Nov 21 20:34:47 UTC 2011 i686
libc:glibc 2.13 NPTL 2.13 
rlimit: STACK 8192k, CORE 0k, NPROC 15997, NOFILE 4096, AS infinity
load average:0.41 0.26 0.22

/proc/meminfo:
MemTotal:        2061720 kB
MemFree:          110456 kB
Buffers:           24368 kB
Cached:           298144 kB
SwapCached:         7372 kB
Active:          1152900 kB
Inactive:         659612 kB
Active(anon):     996512 kB
Inactive(anon):   504040 kB
Active(file):     156388 kB
Inactive(file):   155572 kB
Unevictable:           0 kB
Mlocked:               0 kB
HighTotal:       1187336 kB
HighFree:           9708 kB
LowTotal:         874384 kB
LowFree:          100748 kB
SwapTotal:       2310652 kB
SwapFree:        2287792 kB
Dirty:              1672 kB
Writeback:             0 kB
AnonPages:       1483844 kB
Mapped:           119260 kB
Shmem:             10492 kB
Slab:              53748 kB
SReclaimable:      36568 kB
SUnreclaim:        17180 kB
KernelStack:        3560 kB
PageTables:        10212 kB
NFS_Unstable:          0 kB
Bounce:                0 kB
WritebackTmp:          0 kB
CommitLimit:     3341512 kB
Committed_AS:    3986084 kB
VmallocTotal:     122880 kB
VmallocUsed:       77224 kB
VmallocChunk:      38396 kB
HardwareCorrupted:     0 kB
AnonHugePages:         0 kB
HugePages_Total:       0
HugePages_Free:        0
HugePages_Rsvd:        0
HugePages_Surp:        0
Hugepagesize:       4096 kB
DirectMap4k:      126968 kB
DirectMap4M:      782336 kB


CPU:total 4 (4 cores per cpu, 1 threads per core) family 6 model 15 stepping 11, cmov, cx8, fxsr, mmx, sse, sse2, sse3, ssse3

Memory: 4k page, physical 2061720k(110424k free), swap 2310652k(2287788k free)

vm_info: OpenJDK Server VM (20.0-b11) for linux-x86 JRE (1.6.0_23-b23), built on Oct 22 2011 01:02:34 by "buildd" with gcc 4.6.1

time: Tue Jan  3 18:46:13 2012
elapsed time: 32 seconds

